Using pre-set license
Built from '2021.3/staging' branch; Version is '2021.3.5f1 (40eb3a945986) revision 4254522'; Using compiler version '192829333'; Build Type 'Release'
OS: 'Windows 11  (10.0.22621) 64bit Core' Language: 'en' Physical Memory: 32578 MB
BatchMode: 1, IsHumanControllingUs: 0, StartBugReporterOnCrash: 0, Is64bit: 1, IsPro: 1

COMMAND LINE ARGUMENTS:
C:\Program Files\Unity\Hub\Editor\2021.3.5f1\Editor\Unity.exe
-adb2
-batchMode
-noUpm
-name
AssetImportWorker1
-projectPath
D:/BONE-PHYSICS
-logFile
Logs/AssetImportWorker1.log
-srvPort
52869
Successfully changed project path to: D:/BONE-PHYSICS
D:/BONE-PHYSICS
[UnityMemory] Configuration Parameters - Can be set up in boot.config
    "memorysetup-bucket-allocator-granularity=16"
    "memorysetup-bucket-allocator-bucket-count=8"
    "memorysetup-bucket-allocator-block-size=33554432"
    "memorysetup-bucket-allocator-block-count=8"
    "memorysetup-main-allocator-block-size=16777216"
    "memorysetup-thread-allocator-block-size=16777216"
    "memorysetup-gfx-main-allocator-block-size=16777216"
    "memorysetup-gfx-thread-allocator-block-size=16777216"
    "memorysetup-cache-allocator-block-size=4194304"
    "memorysetup-typetree-allocator-block-size=2097152"
    "memorysetup-profiler-bucket-allocator-granularity=16"
    "memorysetup-profiler-bucket-allocator-bucket-count=8"
    "memorysetup-profiler-bucket-allocator-block-size=33554432"
    "memorysetup-profiler-bucket-allocator-block-count=8"
    "memorysetup-profiler-allocator-block-size=16777216"
    "memorysetup-profiler-editor-allocator-block-size=1048576"
    "memorysetup-temp-allocator-size-main=16777216"
    "memorysetup-job-temp-allocator-block-size=2097152"
    "memorysetup-job-temp-allocator-block-size-background=1048576"
    "memorysetup-job-temp-allocator-reduction-small-platforms=262144"
    "memorysetup-temp-allocator-size-background-worker=32768"
    "memorysetup-temp-allocator-size-job-worker=262144"
    "memorysetup-temp-allocator-size-preload-manager=33554432"
    "memorysetup-temp-allocator-size-nav-mesh-worker=65536"
    "memorysetup-temp-allocator-size-audio-worker=65536"
    "memorysetup-temp-allocator-size-cloud-worker=32768"
    "memorysetup-temp-allocator-size-gi-baking-worker=262144"
    "memorysetup-temp-allocator-size-gfx=262144"
Refreshing native plugins compatible for Editor in 507.61 ms, found 28 plugins.
Preloading 1 native plugins for Editor in 0.97 ms.
Initialize engine version: 2021.3.5f1 (40eb3a945986)
[Subsystems] Discovering subsystems at path C:/Program Files/Unity/Hub/Editor/2021.3.5f1/Editor/Data/Resources/UnitySubsystems
[Subsystems] Discovering subsystems at path D:/BONE-PHYSICS/Assets
GfxDevice: creating device client; threaded=0; jobified=0
Direct3D:
    Version:  Direct3D 11.0 [level 11.1]
    Renderer: NVIDIA GeForce RTX 3050 (ID=0x2507)
    Vendor:   NVIDIA
    VRAM:     8042 MB
    Driver:   31.0.15.5123
Shader 'SLZ/VoidBleed': fallback shader 'False' not found
Shader 'ZeroLab/VR_Dissolve': fallback shader '1' not found
Shader 'SLZ/VR_Triplanar': fallback shader '1' not found
Shader 'SLZ/ShadowOnly': fallback shader 'False' not found
Initialize mono
Mono path[0] = 'C:/Program Files/Unity/Hub/Editor/2021.3.5f1/Editor/Data/Managed'
Mono path[1] = 'C:/Program Files/Unity/Hub/Editor/2021.3.5f1/Editor/Data/MonoBleedingEdge/lib/mono/unityjit-win32'
Mono config path = 'C:/Program Files/Unity/Hub/Editor/2021.3.5f1/Editor/Data/MonoBleedingEdge/etc'
Using monoOptions --debugger-agent=transport=dt_socket,embedding=1,server=y,suspend=n,address=127.0.0.1:56828
Begin MonoManager ReloadAssembly
Registering precompiled unity dll's ...
Register platform support module: C:/Program Files/Unity/Hub/Editor/2021.3.5f1/Editor/Data/PlaybackEngines/AndroidPlayer/UnityEditor.Android.Extensions.dll
Register platform support module: C:/Program Files/Unity/Hub/Editor/2021.3.5f1/Editor/Data/PlaybackEngines/WindowsStandaloneSupport/UnityEditor.WindowsStandalone.Extensions.dll
Registered in 0.008341 seconds.
Native extension for WindowsStandalone target not found
Native extension for Android target not found
Refreshing native plugins compatible for Editor in 182.59 ms, found 28 plugins.
Preloading 1 native plugins for Editor in 0.12 ms.
Mono: successfully reloaded assembly
- Completed reload, in  0.778 seconds
Domain Reload Profiling:
	ReloadAssembly (778ms)
		BeginReloadAssembly (83ms)
			ExecutionOrderSort (0ms)
			DisableScriptedObjects (0ms)
			BackupInstance (0ms)
			ReleaseScriptingObjects (0ms)
			CreateAndSetChildDomain (1ms)
		EndReloadAssembly (589ms)
			LoadAssemblies (80ms)
			RebuildTransferFunctionScriptingTraits (0ms)
			SetupTypeCache (103ms)
			ReleaseScriptCaches (0ms)
			RebuildScriptCaches (29ms)
			SetupLoadedEditorAssemblies (397ms)
				LogAssemblyErrors (0ms)
				InitializePlatformSupportModulesInManaged (74ms)
				SetLoadedEditorAssemblies (0ms)
				RefreshPlugins (184ms)
				BeforeProcessingInitializeOnLoad (2ms)
				ProcessInitializeOnLoadAttributes (92ms)
				ProcessInitializeOnLoadMethodAttributes (46ms)
				AfterProcessingInitializeOnLoad (0ms)
				EditorAssembliesLoaded (0ms)
			ExecutionOrderSort2 (0ms)
			AwakeInstancesAfterBackupRestoration (0ms)
Platform modules already initialized, skipping
Registering precompiled user dll's ...
Registered in 0.014665 seconds.
Begin MonoManager ReloadAssembly
Native extension for WindowsStandalone target not found
Native extension for Android target not found
Refreshing native plugins compatible for Editor in 173.47 ms, found 28 plugins.
Preloading 1 native plugins for Editor in 0.05 ms.
Package Manager log level set to [2]
System.Reflection.TargetInvocationException: Exception has been thrown by the target of an invocation. ---> System.NullReferenceException: Object reference not set to an instance of an object
  at Unity.XR.Oculus.OculusLoader.AssetPathToAbsolutePath (System.String assetPath) [0x0003d] in D:\BONE-PHYSICS\Library\PackageCache\com.unity.xr.oculus@3.0.1\Runtime\OculusLoader.cs:257 
  at Unity.XR.Oculus.OculusLoader.EditorLoadOVRPlugin () [0x0007b] in D:\BONE-PHYSICS\Library\PackageCache\com.unity.xr.oculus@3.0.1\Runtime\OculusLoader.cs:242 
  at (wrapper managed-to-native) System.Reflection.RuntimeMethodInfo.InternalInvoke(System.Reflection.RuntimeMethodInfo,object,object[],System.Exception&)
  at System.Reflection.RuntimeMethodInfo.Invoke (System.Object obj, System.Reflection.BindingFlags invokeAttr, System.Reflection.Binder binder, System.Object[] parameters, System.Globalization.CultureInfo culture) [0x0006a] in <e40e5a8f982c4b618a930d29f9bd091c>:0 
   --- End of inner exception stack trace ---
  at System.Reflection.RuntimeMethodInfo.Invoke (System.Object obj, System.Reflection.BindingFlags invokeAttr, System.Reflection.Binder binder, System.Object[] parameters, System.Globalization.CultureInfo culture) [0x00083] in <e40e5a8f982c4b618a930d29f9bd091c>:0 
  at System.Reflection.MethodBase.Invoke (System.Object obj, System.Object[] parameters) [0x00000] in <e40e5a8f982c4b618a930d29f9bd091c>:0 
  at UnityEditor.EditorAssemblies.ProcessInitializeOnLoadMethodAttributes () [0x000a5] in <1f0be198f5164d2489de92f22c998266>:0 
UnityEngine.StackTraceUtility:ExtractStackTrace ()
UnityEngine.DebugLogHandler:LogFormat (UnityEngine.LogType,UnityEngine.Object,string,object[])
UnityEngine.Logger:Log (UnityEngine.LogType,object)
UnityEngine.Debug:LogError (object)
UnityEditor.EditorAssemblies:ProcessInitializeOnLoadMethodAttributes ()

Mono: successfully reloaded assembly
- Completed reload, in  1.830 seconds
Domain Reload Profiling:
	ReloadAssembly (1831ms)
		BeginReloadAssembly (226ms)
			ExecutionOrderSort (0ms)
			DisableScriptedObjects (4ms)
			BackupInstance (0ms)
			ReleaseScriptingObjects (0ms)
			CreateAndSetChildDomain (129ms)
		EndReloadAssembly (1481ms)
			LoadAssemblies (111ms)
			RebuildTransferFunctionScriptingTraits (0ms)
			SetupTypeCache (286ms)
			ReleaseScriptCaches (1ms)
			RebuildScriptCaches (107ms)
			SetupLoadedEditorAssemblies (939ms)
				LogAssemblyErrors (0ms)
				InitializePlatformSupportModulesInManaged (15ms)
				SetLoadedEditorAssemblies (0ms)
				RefreshPlugins (174ms)
				BeforeProcessingInitializeOnLoad (114ms)
				ProcessInitializeOnLoadAttributes (577ms)
				ProcessInitializeOnLoadMethodAttributes (50ms)
				AfterProcessingInitializeOnLoad (9ms)
				EditorAssembliesLoaded (0ms)
			ExecutionOrderSort2 (0ms)
			AwakeInstancesAfterBackupRestoration (5ms)
Platform modules already initialized, skipping
========================================================================
Worker process is ready to serve import requests
Shader 'ZeroLab/VR_Dissolve': fallback shader '1' not found
Shader 'SLZ/VoidBleed': fallback shader 'False' not found
Shader 'SLZ/VR_Triplanar': fallback shader '1' not found
Shader 'SLZ/ShadowOnly': fallback shader 'False' not found
Launched and connected shader compiler UnityShaderCompiler.exe after 0.08 seconds
Refreshing native plugins compatible for Editor in 1.54 ms, found 28 plugins.
Preloading 1 native plugins for Editor in 0.06 ms.
Unloading 7101 Unused Serialized files (Serialized files now loaded: 0)
Unloading 199 unused Assets / (4.7 MB). Loaded Objects now: 7467.
Memory consumption went from 338.5 MB to 333.7 MB.
Total: 4.400000 ms (FindLiveObjects: 0.324800 ms CreateObjectMapping: 0.203800 ms MarkObjects: 2.720900 ms  DeleteObjects: 1.149400 ms)

AssetImportParameters requested are different than current active one (requested -> active):
  custom:video-decoder-ogg-theora: a1e56fd34408186e4bbccfd4996cb3dc -> 
  custom:container-muxer-webm: aa71ff27fc2769a1b78a27578f13a17b -> 
  custom:container-demuxer-webm: 4f35f7cbe854078d1ac9338744f61a02 -> 
  custom:video-encoder-webm-vp8: eb34c28f22e8b96e1ab97ce403110664 -> 
  custom:audio-encoder-webm-vorbis: bf7c407c2cedff20999df2af8eb42d56 -> 
  custom:framework-win-MediaFoundation: 216162199b28c13a410421893ffa2e32 -> 
  custom:container-demuxer-ogg: 62fdf1f143b41e24485cea50d1cbac27 -> 
  custom:video-decoder-webm-vp8: 9c59270c3fd7afecdb556c50c9e8de78 -> 
  custom:audio-decoder-ogg-vorbis: bf7c407c2cedff20999df2af8eb42d56 -> 
========================================================================
Received Import Request.
  Time since last request: 5606.638005 seconds.
  path: Assets/Scenes/Logo.png
  artifactKey: Guid(ed32f48b6a4f62446a80a040c2a57518) Importer(815301076,1909f56bfc062723c751e8b465ee728b)
Start importing Assets/Scenes/Logo.png using Guid(ed32f48b6a4f62446a80a040c2a57518) Importer(815301076,1909f56bfc062723c751e8b465ee728b)  -> (artifact id: '5357b25ce0a18c482d5e773fe5d3e809') in 0.083053 seconds 
========================================================================
Received Import Request.
  Time since last request: 96.512860 seconds.
  path: Assets/PLAYER RIG/HVRGlobal.prefab
  artifactKey: Guid(f2b00d9790dfe47499c68ac65f9cd566) Importer(815301076,1909f56bfc062723c751e8b465ee728b)
Start importing Assets/PLAYER RIG/HVRGlobal.prefab using Guid(f2b00d9790dfe47499c68ac65f9cd566) Importer(815301076,1909f56bfc062723c751e8b465ee728b)  -> (artifact id: '72f9c441c4556f427a110bedfd3d49e9') in 0.030172 seconds 
========================================================================
Received Import Request.
  Time since last request: 0.000024 seconds.
  path: Assets/PLAYER RIG/UIManager.prefab
  artifactKey: Guid(fc017d44cb89e0a43a1c5f433bbb8d54) Importer(815301076,1909f56bfc062723c751e8b465ee728b)
Start importing Assets/PLAYER RIG/UIManager.prefab using Guid(fc017d44cb89e0a43a1c5f433bbb8d54) Importer(815301076,1909f56bfc062723c751e8b465ee728b)  -> (artifact id: 'b5191f6908c8d91d671fa66d29f18ad4') in 0.043327 seconds 
========================================================================
Received Import Request.
  Time since last request: 4499.837584 seconds.
  path: Assets/HurricaneVR/Framework/Prefabs/BarebonesRig.prefab
  artifactKey: Guid(e745a7c2f3288f949b9bf7b7f9db87fa) Importer(815301076,1909f56bfc062723c751e8b465ee728b)
Start importing Assets/HurricaneVR/Framework/Prefabs/BarebonesRig.prefab using Guid(e745a7c2f3288f949b9bf7b7f9db87fa) Importer(815301076,1909f56bfc062723c751e8b465ee728b)  -> (artifact id: 'cdf9ee413fe46b230dfae77ed050f660') in 0.277630 seconds 
========================================================================
Received Import Request.
  Time since last request: 0.000036 seconds.
  path: Assets/HurricaneVR/TechDemo/Poses/bow_handle.asset
  artifactKey: Guid(4dbef981c21e9f54c86acaeb74085646) Importer(815301076,1909f56bfc062723c751e8b465ee728b)
Start importing Assets/HurricaneVR/TechDemo/Poses/bow_handle.asset using Guid(4dbef981c21e9f54c86acaeb74085646) Importer(815301076,1909f56bfc062723c751e8b465ee728b)  -> (artifact id: '1de148ec7f2c8fd8e6979e2488ba8928') in 0.022116 seconds 
========================================================================
Received Import Request.
  Time since last request: 0.000033 seconds.
  path: Assets/HurricaneVR/TechDemo/TechnieHulls/body2 Painting Data.asset
  artifactKey: Guid(e620bdc770210884899b3949a1e225f0) Importer(815301076,1909f56bfc062723c751e8b465ee728b)
Start importing Assets/HurricaneVR/TechDemo/TechnieHulls/body2 Painting Data.asset using Guid(e620bdc770210884899b3949a1e225f0) Importer(815301076,1909f56bfc062723c751e8b465ee728b)  -> (artifact id: 'f2eb7bf7d436ead6004b26e12663e6ec') in 0.004967 seconds 
========================================================================
Received Import Request.
  Time since last request: 0.000033 seconds.
  path: Assets/HurricaneVR/TechDemo/TechnieHulls/body Hull Data.asset
  artifactKey: Guid(32fad18382c3fa04a8aed5e5cf8d3692) Importer(815301076,1909f56bfc062723c751e8b465ee728b)
Start importing Assets/HurricaneVR/TechDemo/TechnieHulls/body Hull Data.asset using Guid(32fad18382c3fa04a8aed5e5cf8d3692) Importer(815301076,1909f56bfc062723c751e8b465ee728b)  -> (artifact id: '83a5e1e653d6b08ad224038b2dee1558') in 0.103199 seconds 
========================================================================
Received Import Request.
  Time since last request: 0.000026 seconds.
  path: Assets/HurricaneVR/TechDemo/Poses/bow_nock.asset
  artifactKey: Guid(aadac89b7e380a24dbd3b1f605581119) Importer(815301076,1909f56bfc062723c751e8b465ee728b)
Start importing Assets/HurricaneVR/TechDemo/Poses/bow_nock.asset using Guid(aadac89b7e380a24dbd3b1f605581119) Importer(815301076,1909f56bfc062723c751e8b465ee728b)  -> (artifact id: '7ee4f4b4627b50c9f7aa762d22367aba') in 0.004812 seconds 
========================================================================
Received Import Request.
  Time since last request: 0.000023 seconds.
  path: Assets/HurricaneVR/TechDemo/Assets/Interactables/Hurricane Freshener Glass Bottle/Models/hurricane_bottle_cells.fbx
  artifactKey: Guid(ce937f79fb83df44fa313a1b414a58a8) Importer(815301076,1909f56bfc062723c751e8b465ee728b)
Start importing Assets/HurricaneVR/TechDemo/Assets/Interactables/Hurricane Freshener Glass Bottle/Models/hurricane_bottle_cells.fbx using Guid(ce937f79fb83df44fa313a1b414a58a8) Importer(815301076,1909f56bfc062723c751e8b465ee728b)  -> (artifact id: '6e639771fa4eda31cfdf3b493ed15b1b') in 0.145600 seconds 
========================================================================
Received Import Request.
  Time since last request: 0.000026 seconds.
  path: Assets/AmplifyShaderEditor/Plugins/EditorResources/ShaderFunctions/Herringbone.asset
  artifactKey: Guid(dbdb22f3b40ddf6459baf32842f7168a) Importer(815301076,1909f56bfc062723c751e8b465ee728b)
Start importing Assets/AmplifyShaderEditor/Plugins/EditorResources/ShaderFunctions/Herringbone.asset using Guid(dbdb22f3b40ddf6459baf32842f7168a) Importer(815301076,1909f56bfc062723c751e8b465ee728b)  -> (artifact id: 'b81cd2573feb536785c6093b1e4f6a98') in 0.008543 seconds 
========================================================================
Received Import Request.
  Time since last request: 0.000035 seconds.
  path: Assets/HurricaneVR/TechDemo/TechnieHulls/body Painting Data.asset
  artifactKey: Guid(ac82b76a84325d24db41515ae18fd234) Importer(815301076,1909f56bfc062723c751e8b465ee728b)
Start importing Assets/HurricaneVR/TechDemo/TechnieHulls/body Painting Data.asset using Guid(ac82b76a84325d24db41515ae18fd234) Importer(815301076,1909f56bfc062723c751e8b465ee728b)  -> (artifact id: 'e8a702003dd01c9a9348e6e0899db8f0') in 0.005465 seconds 
========================================================================
Received Import Request.
  Time since last request: 0.000028 seconds.
  path: Assets/HurricaneVR/TechDemo/Assets/Interactables/Props/Dummy/body.fbx
  artifactKey: Guid(a7dafe5c21fa2bb46a16939bb685f633) Importer(815301076,1909f56bfc062723c751e8b465ee728b)
Start importing Assets/HurricaneVR/TechDemo/Assets/Interactables/Props/Dummy/body.fbx using Guid(a7dafe5c21fa2bb46a16939bb685f633) Importer(815301076,1909f56bfc062723c751e8b465ee728b)  -> (artifact id: '16c5395526392dd092cca6f042886451') in 0.188185 seconds 
========================================================================
Received Import Request.
  Time since last request: 0.000030 seconds.
  path: Assets/Plugins/RootMotion/PuppetMaster/_DEMOS/Assets/FX/Bone Splinters/Bone Splinters 2.mat
  artifactKey: Guid(fe2c77ddd67024017957c2105841f024) Importer(815301076,1909f56bfc062723c751e8b465ee728b)
Start importing Assets/Plugins/RootMotion/PuppetMaster/_DEMOS/Assets/FX/Bone Splinters/Bone Splinters 2.mat using Guid(fe2c77ddd67024017957c2105841f024) Importer(815301076,1909f56bfc062723c751e8b465ee728b)  -> (artifact id: '07b9f78ed9d528c9c6eb20c174964dc8') in 1.840238 seconds 
Editor requested this worker to shutdown with reason: Scaling down because of idle timeout
AssetImportWorker is now disconnected from the server
Process exiting
Exiting without the bug reporter. Application will terminate with return code 0