Using pre-set license
Built from '2021.3/staging' branch; Version is '2021.3.5f1 (40eb3a945986) revision 4254522'; Using compiler version '192829333'; Build Type 'Release'
OS: 'Windows 11  (10.0.22621) 64bit Core' Language: 'en' Physical Memory: 32578 MB
BatchMode: 1, IsHumanControllingUs: 0, StartBugReporterOnCrash: 0, Is64bit: 1, IsPro: 1

COMMAND LINE ARGUMENTS:
C:\Program Files\Unity\Hub\Editor\2021.3.5f1\Editor\Unity.exe
-adb2
-batchMode
-noUpm
-name
AssetImportWorker3
-projectPath
D:/BONE-PHYSICS
-logFile
Logs/AssetImportWorker3.log
-srvPort
51596
Successfully changed project path to: D:/BONE-PHYSICS
D:/BONE-PHYSICS
[UnityMemory] Configuration Parameters - Can be set up in boot.config
    "memorysetup-bucket-allocator-granularity=16"
    "memorysetup-bucket-allocator-bucket-count=8"
    "memorysetup-bucket-allocator-block-size=33554432"
    "memorysetup-bucket-allocator-block-count=8"
    "memorysetup-main-allocator-block-size=16777216"
    "memorysetup-thread-allocator-block-size=16777216"
    "memorysetup-gfx-main-allocator-block-size=16777216"
    "memorysetup-gfx-thread-allocator-block-size=16777216"
    "memorysetup-cache-allocator-block-size=4194304"
    "memorysetup-typetree-allocator-block-size=2097152"
    "memorysetup-profiler-bucket-allocator-granularity=16"
    "memorysetup-profiler-bucket-allocator-bucket-count=8"
    "memorysetup-profiler-bucket-allocator-block-size=33554432"
    "memorysetup-profiler-bucket-allocator-block-count=8"
    "memorysetup-profiler-allocator-block-size=16777216"
    "memorysetup-profiler-editor-allocator-block-size=1048576"
    "memorysetup-temp-allocator-size-main=16777216"
    "memorysetup-job-temp-allocator-block-size=2097152"
    "memorysetup-job-temp-allocator-block-size-background=1048576"
    "memorysetup-job-temp-allocator-reduction-small-platforms=262144"
    "memorysetup-temp-allocator-size-background-worker=32768"
    "memorysetup-temp-allocator-size-job-worker=262144"
    "memorysetup-temp-allocator-size-preload-manager=33554432"
    "memorysetup-temp-allocator-size-nav-mesh-worker=65536"
    "memorysetup-temp-allocator-size-audio-worker=65536"
    "memorysetup-temp-allocator-size-cloud-worker=32768"
    "memorysetup-temp-allocator-size-gi-baking-worker=262144"
    "memorysetup-temp-allocator-size-gfx=262144"
Refreshing native plugins compatible for Editor in 167.63 ms, found 28 plugins.
Preloading 1 native plugins for Editor in 0.88 ms.
Initialize engine version: 2021.3.5f1 (40eb3a945986)
[Subsystems] Discovering subsystems at path C:/Program Files/Unity/Hub/Editor/2021.3.5f1/Editor/Data/Resources/UnitySubsystems
[Subsystems] Discovering subsystems at path D:/BONE-PHYSICS/Assets
GfxDevice: creating device client; threaded=0; jobified=0
Direct3D:
    Version:  Direct3D 11.0 [level 11.1]
    Renderer: NVIDIA GeForce RTX 3050 (ID=0x2507)
    Vendor:   NVIDIA
    VRAM:     8042 MB
    Driver:   31.0.15.5123
Shader 'SLZ/VoidBleed': fallback shader 'False' not found
Shader 'ZeroLab/VR_Dissolve': fallback shader '1' not found
Shader 'SLZ/VR_Triplanar': fallback shader '1' not found
Shader 'SLZ/ShadowOnly': fallback shader 'False' not found
Initialize mono
Mono path[0] = 'C:/Program Files/Unity/Hub/Editor/2021.3.5f1/Editor/Data/Managed'
Mono path[1] = 'C:/Program Files/Unity/Hub/Editor/2021.3.5f1/Editor/Data/MonoBleedingEdge/lib/mono/unityjit-win32'
Mono config path = 'C:/Program Files/Unity/Hub/Editor/2021.3.5f1/Editor/Data/MonoBleedingEdge/etc'
Using monoOptions --debugger-agent=transport=dt_socket,embedding=1,server=y,suspend=n,address=127.0.0.1:56504
Begin MonoManager ReloadAssembly
Registering precompiled unity dll's ...
Register platform support module: C:/Program Files/Unity/Hub/Editor/2021.3.5f1/Editor/Data/PlaybackEngines/AndroidPlayer/UnityEditor.Android.Extensions.dll
Register platform support module: C:/Program Files/Unity/Hub/Editor/2021.3.5f1/Editor/Data/PlaybackEngines/WindowsStandaloneSupport/UnityEditor.WindowsStandalone.Extensions.dll
Registered in 0.009385 seconds.
Native extension for WindowsStandalone target not found
Native extension for Android target not found
Refreshing native plugins compatible for Editor in 128.04 ms, found 28 plugins.
Preloading 1 native plugins for Editor in 0.21 ms.
Mono: successfully reloaded assembly
- Completed reload, in  0.733 seconds
Domain Reload Profiling:
	ReloadAssembly (734ms)
		BeginReloadAssembly (88ms)
			ExecutionOrderSort (0ms)
			DisableScriptedObjects (0ms)
			BackupInstance (0ms)
			ReleaseScriptingObjects (0ms)
			CreateAndSetChildDomain (1ms)
		EndReloadAssembly (520ms)
			LoadAssemblies (85ms)
			RebuildTransferFunctionScriptingTraits (0ms)
			SetupTypeCache (121ms)
			ReleaseScriptCaches (0ms)
			RebuildScriptCaches (28ms)
			SetupLoadedEditorAssemblies (308ms)
				LogAssemblyErrors (0ms)
				InitializePlatformSupportModulesInManaged (54ms)
				SetLoadedEditorAssemblies (0ms)
				RefreshPlugins (128ms)
				BeforeProcessingInitializeOnLoad (1ms)
				ProcessInitializeOnLoadAttributes (84ms)
				ProcessInitializeOnLoadMethodAttributes (40ms)
				AfterProcessingInitializeOnLoad (0ms)
				EditorAssembliesLoaded (0ms)
			ExecutionOrderSort2 (0ms)
			AwakeInstancesAfterBackupRestoration (0ms)
Platform modules already initialized, skipping
Registering precompiled user dll's ...
Registered in 0.011102 seconds.
Begin MonoManager ReloadAssembly
Native extension for WindowsStandalone target not found
Native extension for Android target not found
Refreshing native plugins compatible for Editor in 123.80 ms, found 28 plugins.
Preloading 1 native plugins for Editor in 0.04 ms.
Package Manager log level set to [2]
System.Reflection.TargetInvocationException: Exception has been thrown by the target of an invocation. ---> System.NullReferenceException: Object reference not set to an instance of an object
  at Unity.XR.Oculus.OculusLoader.AssetPathToAbsolutePath (System.String assetPath) [0x0003d] in D:\BONE-PHYSICS\Library\PackageCache\com.unity.xr.oculus@3.0.1\Runtime\OculusLoader.cs:257 
  at Unity.XR.Oculus.OculusLoader.EditorLoadOVRPlugin () [0x0007b] in D:\BONE-PHYSICS\Library\PackageCache\com.unity.xr.oculus@3.0.1\Runtime\OculusLoader.cs:242 
  at (wrapper managed-to-native) System.Reflection.RuntimeMethodInfo.InternalInvoke(System.Reflection.RuntimeMethodInfo,object,object[],System.Exception&)
  at System.Reflection.RuntimeMethodInfo.Invoke (System.Object obj, System.Reflection.BindingFlags invokeAttr, System.Reflection.Binder binder, System.Object[] parameters, System.Globalization.CultureInfo culture) [0x0006a] in <e40e5a8f982c4b618a930d29f9bd091c>:0 
   --- End of inner exception stack trace ---
  at System.Reflection.RuntimeMethodInfo.Invoke (System.Object obj, System.Reflection.BindingFlags invokeAttr, System.Reflection.Binder binder, System.Object[] parameters, System.Globalization.CultureInfo culture) [0x00083] in <e40e5a8f982c4b618a930d29f9bd091c>:0 
  at System.Reflection.MethodBase.Invoke (System.Object obj, System.Object[] parameters) [0x00000] in <e40e5a8f982c4b618a930d29f9bd091c>:0 
  at UnityEditor.EditorAssemblies.ProcessInitializeOnLoadMethodAttributes () [0x000a5] in <1f0be198f5164d2489de92f22c998266>:0 
UnityEngine.StackTraceUtility:ExtractStackTrace ()
UnityEngine.DebugLogHandler:LogFormat (UnityEngine.LogType,UnityEngine.Object,string,object[])
UnityEngine.Logger:Log (UnityEngine.LogType,object)
UnityEngine.Debug:LogError (object)
UnityEditor.EditorAssemblies:ProcessInitializeOnLoadMethodAttributes ()

Mono: successfully reloaded assembly
- Completed reload, in  1.553 seconds
Domain Reload Profiling:
	ReloadAssembly (1553ms)
		BeginReloadAssembly (202ms)
			ExecutionOrderSort (0ms)
			DisableScriptedObjects (5ms)
			BackupInstance (0ms)
			ReleaseScriptingObjects (0ms)
			CreateAndSetChildDomain (125ms)
		EndReloadAssembly (1254ms)
			LoadAssemblies (86ms)
			RebuildTransferFunctionScriptingTraits (0ms)
			SetupTypeCache (250ms)
			ReleaseScriptCaches (1ms)
			RebuildScriptCaches (94ms)
			SetupLoadedEditorAssemblies (782ms)
				LogAssemblyErrors (0ms)
				InitializePlatformSupportModulesInManaged (12ms)
				SetLoadedEditorAssemblies (0ms)
				RefreshPlugins (124ms)
				BeforeProcessingInitializeOnLoad (94ms)
				ProcessInitializeOnLoadAttributes (497ms)
				ProcessInitializeOnLoadMethodAttributes (47ms)
				AfterProcessingInitializeOnLoad (7ms)
				EditorAssembliesLoaded (0ms)
			ExecutionOrderSort2 (0ms)
			AwakeInstancesAfterBackupRestoration (5ms)
Platform modules already initialized, skipping
========================================================================
Worker process is ready to serve import requests
Shader 'SLZ/ShadowOnly': fallback shader 'False' not found
Shader 'SLZ/VR_Triplanar': fallback shader '1' not found
Shader 'ZeroLab/VR_Dissolve': fallback shader '1' not found
Shader 'SLZ/VoidBleed': fallback shader 'False' not found
Launched and connected shader compiler UnityShaderCompiler.exe after 0.06 seconds
Refreshing native plugins compatible for Editor in 1.41 ms, found 28 plugins.
Preloading 1 native plugins for Editor in 0.05 ms.
Unloading 6903 Unused Serialized files (Serialized files now loaded: 0)
Unloading 199 unused Assets / (4.8 MB). Loaded Objects now: 7274.
Memory consumption went from 333.1 MB to 328.4 MB.
Total: 4.115500 ms (FindLiveObjects: 0.317200 ms CreateObjectMapping: 0.226500 ms MarkObjects: 2.582800 ms  DeleteObjects: 0.987800 ms)

AssetImportParameters requested are different than current active one (requested -> active):
  custom:video-decoder-ogg-theora: a1e56fd34408186e4bbccfd4996cb3dc -> 
  custom:container-muxer-webm: aa71ff27fc2769a1b78a27578f13a17b -> 
  custom:container-demuxer-webm: 4f35f7cbe854078d1ac9338744f61a02 -> 
  custom:video-encoder-webm-vp8: eb34c28f22e8b96e1ab97ce403110664 -> 
  custom:audio-encoder-webm-vorbis: bf7c407c2cedff20999df2af8eb42d56 -> 
  custom:framework-win-MediaFoundation: 216162199b28c13a410421893ffa2e32 -> 
  custom:container-demuxer-ogg: 62fdf1f143b41e24485cea50d1cbac27 -> 
  custom:video-decoder-webm-vp8: 9c59270c3fd7afecdb556c50c9e8de78 -> 
  custom:audio-decoder-ogg-vorbis: bf7c407c2cedff20999df2af8eb42d56 -> 
========================================================================
Received Prepare
Registering precompiled user dll's ...
Registered in 0.011759 seconds.
Begin MonoManager ReloadAssembly
Native extension for WindowsStandalone target not found
Native extension for Android target not found
Refreshing native plugins compatible for Editor in 1.61 ms, found 28 plugins.
Preloading 1 native plugins for Editor in 0.07 ms.
System.Reflection.TargetInvocationException: Exception has been thrown by the target of an invocation. ---> System.NullReferenceException: Object reference not set to an instance of an object
  at Unity.XR.Oculus.OculusLoader.AssetPathToAbsolutePath (System.String assetPath) [0x0003d] in D:\BONE-PHYSICS\Library\PackageCache\com.unity.xr.oculus@3.0.1\Runtime\OculusLoader.cs:257 
  at Unity.XR.Oculus.OculusLoader.EditorLoadOVRPlugin () [0x0007b] in D:\BONE-PHYSICS\Library\PackageCache\com.unity.xr.oculus@3.0.1\Runtime\OculusLoader.cs:242 
  at (wrapper managed-to-native) System.Reflection.RuntimeMethodInfo.InternalInvoke(System.Reflection.RuntimeMethodInfo,object,object[],System.Exception&)
  at System.Reflection.RuntimeMethodInfo.Invoke (System.Object obj, System.Reflection.BindingFlags invokeAttr, System.Reflection.Binder binder, System.Object[] parameters, System.Globalization.CultureInfo culture) [0x0006a] in <e40e5a8f982c4b618a930d29f9bd091c>:0 
   --- End of inner exception stack trace ---
  at System.Reflection.RuntimeMethodInfo.Invoke (System.Object obj, System.Reflection.BindingFlags invokeAttr, System.Reflection.Binder binder, System.Object[] parameters, System.Globalization.CultureInfo culture) [0x00083] in <e40e5a8f982c4b618a930d29f9bd091c>:0 
  at System.Reflection.MethodBase.Invoke (System.Object obj, System.Object[] parameters) [0x00000] in <e40e5a8f982c4b618a930d29f9bd091c>:0 
  at UnityEditor.EditorAssemblies.ProcessInitializeOnLoadMethodAttributes () [0x000a5] in <1f0be198f5164d2489de92f22c998266>:0 
UnityEngine.StackTraceUtility:ExtractStackTrace ()
UnityEngine.DebugLogHandler:LogFormat (UnityEngine.LogType,UnityEngine.Object,string,object[])
UnityEngine.Logger:Log (UnityEngine.LogType,object)
UnityEngine.Debug:LogError (object)
UnityEditor.EditorAssemblies:ProcessInitializeOnLoadMethodAttributes ()

Mono: successfully reloaded assembly
- Completed reload, in  1.415 seconds
Domain Reload Profiling:
	ReloadAssembly (1415ms)
		BeginReloadAssembly (133ms)
			ExecutionOrderSort (0ms)
			DisableScriptedObjects (3ms)
			BackupInstance (0ms)
			ReleaseScriptingObjects (0ms)
			CreateAndSetChildDomain (37ms)
		EndReloadAssembly (1186ms)
			LoadAssemblies (95ms)
			RebuildTransferFunctionScriptingTraits (0ms)
			SetupTypeCache (273ms)
			ReleaseScriptCaches (3ms)
			RebuildScriptCaches (73ms)
			SetupLoadedEditorAssemblies (648ms)
				LogAssemblyErrors (0ms)
				InitializePlatformSupportModulesInManaged (22ms)
				SetLoadedEditorAssemblies (0ms)
				RefreshPlugins (2ms)
				BeforeProcessingInitializeOnLoad (74ms)
				ProcessInitializeOnLoadAttributes (495ms)
				ProcessInitializeOnLoadMethodAttributes (45ms)
				AfterProcessingInitializeOnLoad (9ms)
				EditorAssembliesLoaded (0ms)
			ExecutionOrderSort2 (0ms)
			AwakeInstancesAfterBackupRestoration (6ms)
Platform modules already initialized, skipping
Shader 'SLZ/ShadowOnly': fallback shader 'False' not found
Shader 'SLZ/VR_Triplanar': fallback shader '1' not found
Shader 'ZeroLab/VR_Dissolve': fallback shader '1' not found
Shader 'SLZ/VoidBleed': fallback shader 'False' not found
Refreshing native plugins compatible for Editor in 7.96 ms, found 28 plugins.
Preloading 1 native plugins for Editor in 0.04 ms.
Unloading 6456 Unused Serialized files (Serialized files now loaded: 0)
Unloading 179 unused Assets / (4.7 MB). Loaded Objects now: 7278.
Memory consumption went from 290.3 MB to 285.6 MB.
Total: 5.293900 ms (FindLiveObjects: 0.425400 ms CreateObjectMapping: 0.367800 ms MarkObjects: 3.200900 ms  DeleteObjects: 1.298000 ms)

AssetImportParameters requested are different than current active one (requested -> active):
  custom:video-decoder-ogg-theora: a1e56fd34408186e4bbccfd4996cb3dc -> 
  custom:container-muxer-webm: aa71ff27fc2769a1b78a27578f13a17b -> 
  custom:container-demuxer-webm: 4f35f7cbe854078d1ac9338744f61a02 -> 
  custom:video-encoder-webm-vp8: eb34c28f22e8b96e1ab97ce403110664 -> 
  custom:audio-encoder-webm-vorbis: bf7c407c2cedff20999df2af8eb42d56 -> 
  custom:framework-win-MediaFoundation: 216162199b28c13a410421893ffa2e32 -> 
  custom:container-demuxer-ogg: 62fdf1f143b41e24485cea50d1cbac27 -> 
  custom:video-decoder-webm-vp8: 9c59270c3fd7afecdb556c50c9e8de78 -> 
  custom:audio-decoder-ogg-vorbis: bf7c407c2cedff20999df2af8eb42d56 -> 
========================================================================
Received Prepare
Registering precompiled user dll's ...
Registered in 0.014892 seconds.
Begin MonoManager ReloadAssembly
Native extension for WindowsStandalone target not found
Native extension for Android target not found
Refreshing native plugins compatible for Editor in 2.10 ms, found 28 plugins.
Preloading 1 native plugins for Editor in 0.07 ms.
System.Reflection.TargetInvocationException: Exception has been thrown by the target of an invocation. ---> System.NullReferenceException: Object reference not set to an instance of an object
  at Unity.XR.Oculus.OculusLoader.AssetPathToAbsolutePath (System.String assetPath) [0x0003d] in D:\BONE-PHYSICS\Library\PackageCache\com.unity.xr.oculus@3.0.1\Runtime\OculusLoader.cs:257 
  at Unity.XR.Oculus.OculusLoader.EditorLoadOVRPlugin () [0x0007b] in D:\BONE-PHYSICS\Library\PackageCache\com.unity.xr.oculus@3.0.1\Runtime\OculusLoader.cs:242 
  at (wrapper managed-to-native) System.Reflection.RuntimeMethodInfo.InternalInvoke(System.Reflection.RuntimeMethodInfo,object,object[],System.Exception&)
  at System.Reflection.RuntimeMethodInfo.Invoke (System.Object obj, System.Reflection.BindingFlags invokeAttr, System.Reflection.Binder binder, System.Object[] parameters, System.Globalization.CultureInfo culture) [0x0006a] in <e40e5a8f982c4b618a930d29f9bd091c>:0 
   --- End of inner exception stack trace ---
  at System.Reflection.RuntimeMethodInfo.Invoke (System.Object obj, System.Reflection.BindingFlags invokeAttr, System.Reflection.Binder binder, System.Object[] parameters, System.Globalization.CultureInfo culture) [0x00083] in <e40e5a8f982c4b618a930d29f9bd091c>:0 
  at System.Reflection.MethodBase.Invoke (System.Object obj, System.Object[] parameters) [0x00000] in <e40e5a8f982c4b618a930d29f9bd091c>:0 
  at UnityEditor.EditorAssemblies.ProcessInitializeOnLoadMethodAttributes () [0x000a5] in <1f0be198f5164d2489de92f22c998266>:0 
UnityEngine.StackTraceUtility:ExtractStackTrace ()
UnityEngine.DebugLogHandler:LogFormat (UnityEngine.LogType,UnityEngine.Object,string,object[])
UnityEngine.Logger:Log (UnityEngine.LogType,object)
UnityEngine.Debug:LogError (object)
UnityEditor.EditorAssemblies:ProcessInitializeOnLoadMethodAttributes ()

Mono: successfully reloaded assembly
- Completed reload, in  1.438 seconds
Domain Reload Profiling:
	ReloadAssembly (1439ms)
		BeginReloadAssembly (148ms)
			ExecutionOrderSort (0ms)
			DisableScriptedObjects (3ms)
			BackupInstance (0ms)
			ReleaseScriptingObjects (0ms)
			CreateAndSetChildDomain (46ms)
		EndReloadAssembly (1187ms)
			LoadAssemblies (113ms)
			RebuildTransferFunctionScriptingTraits (0ms)
			SetupTypeCache (289ms)
			ReleaseScriptCaches (2ms)
			RebuildScriptCaches (61ms)
			SetupLoadedEditorAssemblies (658ms)
				LogAssemblyErrors (0ms)
				InitializePlatformSupportModulesInManaged (27ms)
				SetLoadedEditorAssemblies (0ms)
				RefreshPlugins (2ms)
				BeforeProcessingInitializeOnLoad (73ms)
				ProcessInitializeOnLoadAttributes (498ms)
				ProcessInitializeOnLoadMethodAttributes (49ms)
				AfterProcessingInitializeOnLoad (9ms)
				EditorAssembliesLoaded (0ms)
			ExecutionOrderSort2 (0ms)
			AwakeInstancesAfterBackupRestoration (6ms)
Platform modules already initialized, skipping
Shader 'SLZ/ShadowOnly': fallback shader 'False' not found
Shader 'SLZ/VR_Triplanar': fallback shader '1' not found
Shader 'ZeroLab/VR_Dissolve': fallback shader '1' not found
Shader 'SLZ/VoidBleed': fallback shader 'False' not found
Refreshing native plugins compatible for Editor in 6.81 ms, found 28 plugins.
Preloading 1 native plugins for Editor in 0.04 ms.
Unloading 6651 Unused Serialized files (Serialized files now loaded: 0)
Unloading 179 unused Assets / (4.7 MB). Loaded Objects now: 7477.
Memory consumption went from 295.9 MB to 291.2 MB.
Total: 4.140100 ms (FindLiveObjects: 0.327600 ms CreateObjectMapping: 0.220200 ms MarkObjects: 2.610800 ms  DeleteObjects: 0.980500 ms)

AssetImportParameters requested are different than current active one (requested -> active):
  custom:video-decoder-ogg-theora: a1e56fd34408186e4bbccfd4996cb3dc -> 
  custom:container-muxer-webm: aa71ff27fc2769a1b78a27578f13a17b -> 
  custom:container-demuxer-webm: 4f35f7cbe854078d1ac9338744f61a02 -> 
  custom:video-encoder-webm-vp8: eb34c28f22e8b96e1ab97ce403110664 -> 
  custom:audio-encoder-webm-vorbis: bf7c407c2cedff20999df2af8eb42d56 -> 
  custom:framework-win-MediaFoundation: 216162199b28c13a410421893ffa2e32 -> 
  custom:container-demuxer-ogg: 62fdf1f143b41e24485cea50d1cbac27 -> 
  custom:video-decoder-webm-vp8: 9c59270c3fd7afecdb556c50c9e8de78 -> 
  custom:audio-decoder-ogg-vorbis: bf7c407c2cedff20999df2af8eb42d56 -> 
========================================================================
Received Import Request.
  Time since last request: 2890.811275 seconds.
  path: Assets/Plugins/RootMotion/Shared Demo Assets/Props/Prefabs/MP-40.prefab
  artifactKey: Guid(8de178d6cf9b04012b107cf1daea475c) Importer(815301076,1909f56bfc062723c751e8b465ee728b)
Start importing Assets/Plugins/RootMotion/Shared Demo Assets/Props/Prefabs/MP-40.prefab using Guid(8de178d6cf9b04012b107cf1daea475c) Importer(815301076,1909f56bfc062723c751e8b465ee728b)  -> (artifact id: 'e7d3f1bb631f96e9098b99039d65180b') in 0.187088 seconds 
========================================================================
Received Prepare
Registering precompiled user dll's ...
Registered in 0.011321 seconds.
Begin MonoManager ReloadAssembly
Native extension for WindowsStandalone target not found
Native extension for Android target not found
Refreshing native plugins compatible for Editor in 1.46 ms, found 28 plugins.
Preloading 1 native plugins for Editor in 0.05 ms.
System.Reflection.TargetInvocationException: Exception has been thrown by the target of an invocation. ---> System.NullReferenceException: Object reference not set to an instance of an object
  at Unity.XR.Oculus.OculusLoader.AssetPathToAbsolutePath (System.String assetPath) [0x0003d] in D:\BONE-PHYSICS\Library\PackageCache\com.unity.xr.oculus@3.0.1\Runtime\OculusLoader.cs:257 
  at Unity.XR.Oculus.OculusLoader.EditorLoadOVRPlugin () [0x0007b] in D:\BONE-PHYSICS\Library\PackageCache\com.unity.xr.oculus@3.0.1\Runtime\OculusLoader.cs:242 
  at (wrapper managed-to-native) System.Reflection.RuntimeMethodInfo.InternalInvoke(System.Reflection.RuntimeMethodInfo,object,object[],System.Exception&)
  at System.Reflection.RuntimeMethodInfo.Invoke (System.Object obj, System.Reflection.BindingFlags invokeAttr, System.Reflection.Binder binder, System.Object[] parameters, System.Globalization.CultureInfo culture) [0x0006a] in <e40e5a8f982c4b618a930d29f9bd091c>:0 
   --- End of inner exception stack trace ---
  at System.Reflection.RuntimeMethodInfo.Invoke (System.Object obj, System.Reflection.BindingFlags invokeAttr, System.Reflection.Binder binder, System.Object[] parameters, System.Globalization.CultureInfo culture) [0x00083] in <e40e5a8f982c4b618a930d29f9bd091c>:0 
  at System.Reflection.MethodBase.Invoke (System.Object obj, System.Object[] parameters) [0x00000] in <e40e5a8f982c4b618a930d29f9bd091c>:0 
  at UnityEditor.EditorAssemblies.ProcessInitializeOnLoadMethodAttributes () [0x000a5] in <1f0be198f5164d2489de92f22c998266>:0 
UnityEngine.StackTraceUtility:ExtractStackTrace ()
UnityEngine.DebugLogHandler:LogFormat (UnityEngine.LogType,UnityEngine.Object,string,object[])
UnityEngine.Logger:Log (UnityEngine.LogType,object)
UnityEngine.Debug:LogError (object)
UnityEditor.EditorAssemblies:ProcessInitializeOnLoadMethodAttributes ()

Mono: successfully reloaded assembly
- Completed reload, in  1.433 seconds
Domain Reload Profiling:
	ReloadAssembly (1434ms)
		BeginReloadAssembly (141ms)
			ExecutionOrderSort (0ms)
			DisableScriptedObjects (3ms)
			BackupInstance (0ms)
			ReleaseScriptingObjects (0ms)
			CreateAndSetChildDomain (43ms)
		EndReloadAssembly (1182ms)
			LoadAssemblies (105ms)
			RebuildTransferFunctionScriptingTraits (0ms)
			SetupTypeCache (273ms)
			ReleaseScriptCaches (2ms)
			RebuildScriptCaches (64ms)
			SetupLoadedEditorAssemblies (676ms)
				LogAssemblyErrors (0ms)
				InitializePlatformSupportModulesInManaged (20ms)
				SetLoadedEditorAssemblies (1ms)
				RefreshPlugins (2ms)
				BeforeProcessingInitializeOnLoad (96ms)
				ProcessInitializeOnLoadAttributes (496ms)
				ProcessInitializeOnLoadMethodAttributes (52ms)
				AfterProcessingInitializeOnLoad (9ms)
				EditorAssembliesLoaded (0ms)
			ExecutionOrderSort2 (0ms)
			AwakeInstancesAfterBackupRestoration (6ms)
Platform modules already initialized, skipping
Shader 'SLZ/ShadowOnly': fallback shader 'False' not found
Shader 'SLZ/VR_Triplanar': fallback shader '1' not found
Shader 'SLZ/VoidBleed': fallback shader 'False' not found
Shader 'ZeroLab/VR_Dissolve': fallback shader '1' not found
Refreshing native plugins compatible for Editor in 6.11 ms, found 28 plugins.
Preloading 1 native plugins for Editor in 0.04 ms.
Unloading 6654 Unused Serialized files (Serialized files now loaded: 0)
Unloading 179 unused Assets / (4.7 MB). Loaded Objects now: 7492.
Memory consumption went from 300.5 MB to 295.8 MB.
Total: 4.653900 ms (FindLiveObjects: 0.474800 ms CreateObjectMapping: 0.233000 ms MarkObjects: 2.904700 ms  DeleteObjects: 1.040500 ms)

AssetImportParameters requested are different than current active one (requested -> active):
  custom:video-decoder-ogg-theora: a1e56fd34408186e4bbccfd4996cb3dc -> 
  custom:container-muxer-webm: aa71ff27fc2769a1b78a27578f13a17b -> 
  custom:container-demuxer-webm: 4f35f7cbe854078d1ac9338744f61a02 -> 
  custom:video-encoder-webm-vp8: eb34c28f22e8b96e1ab97ce403110664 -> 
  custom:audio-encoder-webm-vorbis: bf7c407c2cedff20999df2af8eb42d56 -> 
  custom:framework-win-MediaFoundation: 216162199b28c13a410421893ffa2e32 -> 
  custom:container-demuxer-ogg: 62fdf1f143b41e24485cea50d1cbac27 -> 
  custom:video-decoder-webm-vp8: 9c59270c3fd7afecdb556c50c9e8de78 -> 
  custom:audio-decoder-ogg-vorbis: bf7c407c2cedff20999df2af8eb42d56 -> 
========================================================================
Received Import Request.
  Time since last request: 75.278429 seconds.
  path: Assets/HurricaneVR/Framework/Integrations/FinalIK/PilotPoser.prefab
  artifactKey: Guid(16c03aec21456d245846990fa95e6f01) Importer(815301076,1909f56bfc062723c751e8b465ee728b)
Start importing Assets/HurricaneVR/Framework/Integrations/FinalIK/PilotPoser.prefab using Guid(16c03aec21456d245846990fa95e6f01) Importer(815301076,1909f56bfc062723c751e8b465ee728b)  -> (artifact id: '61ac5f7ca20af07c39df0d19ec5ab3e6') in 0.155408 seconds 
========================================================================
Received Import Request.
  Time since last request: 0.000023 seconds.
  path: Assets/HurricaneVR/Framework/Integrations/FinalIK/PilotVRIKRig.prefab
  artifactKey: Guid(910f6aa065a741a4e8ee58c6dd2d2a09) Importer(815301076,1909f56bfc062723c751e8b465ee728b)
Start importing Assets/HurricaneVR/Framework/Integrations/FinalIK/PilotVRIKRig.prefab using Guid(910f6aa065a741a4e8ee58c6dd2d2a09) Importer(815301076,1909f56bfc062723c751e8b465ee728b)  -> (artifact id: '121803559c714c6f5d5f35cb70610eec') in 0.102635 seconds 
========================================================================
Received Prepare
Registering precompiled user dll's ...
Registered in 0.009664 seconds.
Begin MonoManager ReloadAssembly
Native extension for WindowsStandalone target not found
Native extension for Android target not found
Refreshing native plugins compatible for Editor in 1.63 ms, found 28 plugins.
Preloading 1 native plugins for Editor in 0.07 ms.
System.Reflection.TargetInvocationException: Exception has been thrown by the target of an invocation. ---> System.NullReferenceException: Object reference not set to an instance of an object
  at Unity.XR.Oculus.OculusLoader.AssetPathToAbsolutePath (System.String assetPath) [0x0003d] in D:\BONE-PHYSICS\Library\PackageCache\com.unity.xr.oculus@3.0.1\Runtime\OculusLoader.cs:257 
  at Unity.XR.Oculus.OculusLoader.EditorLoadOVRPlugin () [0x0007b] in D:\BONE-PHYSICS\Library\PackageCache\com.unity.xr.oculus@3.0.1\Runtime\OculusLoader.cs:242 
  at (wrapper managed-to-native) System.Reflection.RuntimeMethodInfo.InternalInvoke(System.Reflection.RuntimeMethodInfo,object,object[],System.Exception&)
  at System.Reflection.RuntimeMethodInfo.Invoke (System.Object obj, System.Reflection.BindingFlags invokeAttr, System.Reflection.Binder binder, System.Object[] parameters, System.Globalization.CultureInfo culture) [0x0006a] in <e40e5a8f982c4b618a930d29f9bd091c>:0 
   --- End of inner exception stack trace ---
  at System.Reflection.RuntimeMethodInfo.Invoke (System.Object obj, System.Reflection.BindingFlags invokeAttr, System.Reflection.Binder binder, System.Object[] parameters, System.Globalization.CultureInfo culture) [0x00083] in <e40e5a8f982c4b618a930d29f9bd091c>:0 
  at System.Reflection.MethodBase.Invoke (System.Object obj, System.Object[] parameters) [0x00000] in <e40e5a8f982c4b618a930d29f9bd091c>:0 
  at UnityEditor.EditorAssemblies.ProcessInitializeOnLoadMethodAttributes () [0x000a5] in <1f0be198f5164d2489de92f22c998266>:0 
UnityEngine.StackTraceUtility:ExtractStackTrace ()
UnityEngine.DebugLogHandler:LogFormat (UnityEngine.LogType,UnityEngine.Object,string,object[])
UnityEngine.Logger:Log (UnityEngine.LogType,object)
UnityEngine.Debug:LogError (object)
UnityEditor.EditorAssemblies:ProcessInitializeOnLoadMethodAttributes ()

Mono: successfully reloaded assembly
- Completed reload, in  1.371 seconds
Domain Reload Profiling:
	ReloadAssembly (1372ms)
		BeginReloadAssembly (141ms)
			ExecutionOrderSort (0ms)
			DisableScriptedObjects (6ms)
			BackupInstance (0ms)
			ReleaseScriptingObjects (0ms)
			CreateAndSetChildDomain (41ms)
		EndReloadAssembly (1141ms)
			LoadAssemblies (104ms)
			RebuildTransferFunctionScriptingTraits (0ms)
			SetupTypeCache (268ms)
			ReleaseScriptCaches (2ms)
			RebuildScriptCaches (64ms)
			SetupLoadedEditorAssemblies (636ms)
				LogAssemblyErrors (0ms)
				InitializePlatformSupportModulesInManaged (21ms)
				SetLoadedEditorAssemblies (0ms)
				RefreshPlugins (2ms)
				BeforeProcessingInitializeOnLoad (70ms)
				ProcessInitializeOnLoadAttributes (489ms)
				ProcessInitializeOnLoadMethodAttributes (43ms)
				AfterProcessingInitializeOnLoad (9ms)
				EditorAssembliesLoaded (0ms)
			ExecutionOrderSort2 (0ms)
			AwakeInstancesAfterBackupRestoration (5ms)
Platform modules already initialized, skipping
Shader 'SLZ/ShadowOnly': fallback shader 'False' not found
Shader 'SLZ/VR_Triplanar': fallback shader '1' not found
Shader 'SLZ/VoidBleed': fallback shader 'False' not found
Shader 'ZeroLab/VR_Dissolve': fallback shader '1' not found
Refreshing native plugins compatible for Editor in 10.18 ms, found 28 plugins.
Preloading 1 native plugins for Editor in 0.04 ms.
Unloading 6654 Unused Serialized files (Serialized files now loaded: 0)
Unloading 180 unused Assets / (4.7 MB). Loaded Objects now: 7501.
Memory consumption went from 313.8 MB to 309.1 MB.
Total: 5.721600 ms (FindLiveObjects: 0.628400 ms CreateObjectMapping: 0.564500 ms MarkObjects: 3.179300 ms  DeleteObjects: 1.347900 ms)

AssetImportParameters requested are different than current active one (requested -> active):
  custom:video-decoder-ogg-theora: a1e56fd34408186e4bbccfd4996cb3dc -> 
  custom:container-muxer-webm: aa71ff27fc2769a1b78a27578f13a17b -> 
  custom:container-demuxer-webm: 4f35f7cbe854078d1ac9338744f61a02 -> 
  custom:video-encoder-webm-vp8: eb34c28f22e8b96e1ab97ce403110664 -> 
  custom:audio-encoder-webm-vorbis: bf7c407c2cedff20999df2af8eb42d56 -> 
  custom:framework-win-MediaFoundation: 216162199b28c13a410421893ffa2e32 -> 
  custom:container-demuxer-ogg: 62fdf1f143b41e24485cea50d1cbac27 -> 
  custom:video-decoder-webm-vp8: 9c59270c3fd7afecdb556c50c9e8de78 -> 
  custom:audio-decoder-ogg-vorbis: bf7c407c2cedff20999df2af8eb42d56 -> 
========================================================================
Received Import Request.
  Time since last request: 275.607883 seconds.
  path: Assets/HurricaneVR/Framework/Prefabs/CameraFade.prefab
  artifactKey: Guid(835295b2d9dd18a4ebc77b7dfc3e5766) Importer(815301076,1909f56bfc062723c751e8b465ee728b)
Start importing Assets/HurricaneVR/Framework/Prefabs/CameraFade.prefab using Guid(835295b2d9dd18a4ebc77b7dfc3e5766) Importer(815301076,1909f56bfc062723c751e8b465ee728b)  -> (artifact id: '18bb88b450f31d3f363f21c27bfbe65a') in 0.069106 seconds 
========================================================================
Received Import Request.
  Time since last request: 0.000024 seconds.
  path: Assets/HurricaneVR/Framework/Prefabs/LeftHandController.prefab
  artifactKey: Guid(94a088d8538b4624db9859a0528fb97b) Importer(815301076,1909f56bfc062723c751e8b465ee728b)
Start importing Assets/HurricaneVR/Framework/Prefabs/LeftHandController.prefab using Guid(94a088d8538b4624db9859a0528fb97b) Importer(815301076,1909f56bfc062723c751e8b465ee728b)  -> (artifact id: 'f85aa567e12f186c2eedb366540b6e59') in 0.012592 seconds 
========================================================================
Received Import Request.
  Time since last request: 0.000029 seconds.
  path: Assets/HurricaneVR/Framework/Prefabs/TeleportMarker.prefab
  artifactKey: Guid(435f1b08e0f62474baf456e504b11bd8) Importer(815301076,1909f56bfc062723c751e8b465ee728b)
Start importing Assets/HurricaneVR/Framework/Prefabs/TeleportMarker.prefab using Guid(435f1b08e0f62474baf456e504b11bd8) Importer(815301076,1909f56bfc062723c751e8b465ee728b)  -> (artifact id: 'b1a0ddb6dd1b077f9c4c181b82952f01') in 0.061491 seconds 
========================================================================
Received Import Request.
  Time since last request: 0.000030 seconds.
  path: Assets/HurricaneVR/Framework/Prefabs/SocketOval.prefab
  artifactKey: Guid(96968a14563c3a946878e675a6204468) Importer(815301076,1909f56bfc062723c751e8b465ee728b)
Start importing Assets/HurricaneVR/Framework/Prefabs/SocketOval.prefab using Guid(96968a14563c3a946878e675a6204468) Importer(815301076,1909f56bfc062723c751e8b465ee728b)  -> (artifact id: '9d4c5084bc2a8f9425d71638d803dbf3') in 0.018457 seconds 
========================================================================
Received Import Request.
  Time since last request: 0.000072 seconds.
  path: Assets/HurricaneVR/Framework/Prefabs/RightHandController.prefab
  artifactKey: Guid(c9a98644dac91374a849f3393eb0dd68) Importer(815301076,1909f56bfc062723c751e8b465ee728b)
Start importing Assets/HurricaneVR/Framework/Prefabs/RightHandController.prefab using Guid(c9a98644dac91374a849f3393eb0dd68) Importer(815301076,1909f56bfc062723c751e8b465ee728b)  -> (artifact id: '139729a0db96ccd2ad10774ae145a6e2') in 0.009401 seconds 
========================================================================
Received Import Request.
  Time since last request: 0.000022 seconds.
  path: Assets/HurricaneVR/Framework/Prefabs/GrabIndicator.prefab
  artifactKey: Guid(ed9956e3d3a22b14dbbc8a64bfcb0629) Importer(815301076,1909f56bfc062723c751e8b465ee728b)
Start importing Assets/HurricaneVR/Framework/Prefabs/GrabIndicator.prefab using Guid(ed9956e3d3a22b14dbbc8a64bfcb0629) Importer(815301076,1909f56bfc062723c751e8b465ee728b)  -> (artifact id: '625421ed7f5b5164fcf8185f45ca9b61') in 0.013330 seconds 
========================================================================
Received Import Request.
  Time since last request: 0.000030 seconds.
  path: Assets/HurricaneVR/Framework/Prefabs/LeftHand.prefab
  artifactKey: Guid(bed4618110d84e848be507538e649621) Importer(815301076,1909f56bfc062723c751e8b465ee728b)
Start importing Assets/HurricaneVR/Framework/Prefabs/LeftHand.prefab using Guid(bed4618110d84e848be507538e649621) Importer(815301076,1909f56bfc062723c751e8b465ee728b)  -> (artifact id: 'c3c6b3a874e5e07e2fd8cefe05f6e5b8') in 0.114292 seconds 
========================================================================
Received Import Request.
  Time since last request: 0.000029 seconds.
  path: Assets/HurricaneVR/Framework/Prefabs/Ring.prefab
  artifactKey: Guid(8e41035affae1bf459c2ad148bb80619) Importer(815301076,1909f56bfc062723c751e8b465ee728b)
Start importing Assets/HurricaneVR/Framework/Prefabs/Ring.prefab using Guid(8e41035affae1bf459c2ad148bb80619) Importer(815301076,1909f56bfc062723c751e8b465ee728b)  -> (artifact id: '787e35f2834df177cd55d68c53faebe2') in 0.014281 seconds 
========================================================================
Received Import Request.
  Time since last request: 0.000029 seconds.
  path: Assets/HurricaneVR/Framework/Prefabs/RightHand.prefab
  artifactKey: Guid(918bf6a05620ade499f6bf694de9810e) Importer(815301076,1909f56bfc062723c751e8b465ee728b)
Start importing Assets/HurricaneVR/Framework/Prefabs/RightHand.prefab using Guid(918bf6a05620ade499f6bf694de9810e) Importer(815301076,1909f56bfc062723c751e8b465ee728b)  -> (artifact id: '9a40d782e0ed8060f773692e64f513d9') in 0.034219 seconds 
========================================================================
Received Import Request.
  Time since last request: 0.000048 seconds.
  path: Assets/HurricaneVR/Framework/Prefabs/RingHighlight.prefab
  artifactKey: Guid(9c947a50565fd2a4f96255015a28f032) Importer(815301076,1909f56bfc062723c751e8b465ee728b)
Start importing Assets/HurricaneVR/Framework/Prefabs/RingHighlight.prefab using Guid(9c947a50565fd2a4f96255015a28f032) Importer(815301076,1909f56bfc062723c751e8b465ee728b)  -> (artifact id: '7d5395a6aede3f66e3546dbf6e4e27a2') in 0.014787 seconds 
========================================================================
Received Import Request.
  Time since last request: 11.039167 seconds.
  path: Assets/HurricaneVR/TechDemo/Prefabs/LargeSocket.prefab
  artifactKey: Guid(b92df1423cac43545913fee931baaa82) Importer(815301076,1909f56bfc062723c751e8b465ee728b)
Start importing Assets/HurricaneVR/TechDemo/Prefabs/LargeSocket.prefab using Guid(b92df1423cac43545913fee931baaa82) Importer(815301076,1909f56bfc062723c751e8b465ee728b)  -> (artifact id: 'f272d0994979457badab6c1c50722235') in 0.019090 seconds 
========================================================================
Received Import Request.
  Time since last request: 0.000024 seconds.
  path: Assets/HurricaneVR/TechDemo/Prefabs/UIManager.prefab
  artifactKey: Guid(c884123088440284692e484efd2c360f) Importer(815301076,1909f56bfc062723c751e8b465ee728b)
Start importing Assets/HurricaneVR/TechDemo/Prefabs/UIManager.prefab using Guid(c884123088440284692e484efd2c360f) Importer(815301076,1909f56bfc062723c751e8b465ee728b)  -> (artifact id: 'fc84b8d92a80cc65f9fefa43d3ff01e4') in 0.048584 seconds 
========================================================================
Received Import Request.
  Time since last request: 0.000044 seconds.
  path: Assets/HurricaneVR/TechDemo/Prefabs/PlayerSettingsUI.prefab
  artifactKey: Guid(f086337bdbddfdf4898150a660f3fbcf) Importer(815301076,1909f56bfc062723c751e8b465ee728b)
Start importing Assets/HurricaneVR/TechDemo/Prefabs/PlayerSettingsUI.prefab using Guid(f086337bdbddfdf4898150a660f3fbcf) Importer(815301076,1909f56bfc062723c751e8b465ee728b)  -> (artifact id: 'cd6d3675a17a77b7b2c5fef1a602f900') in 0.026912 seconds 
========================================================================
Received Import Request.
  Time since last request: 0.000044 seconds.
  path: Assets/HurricaneVR/TechDemo/Prefabs/TechDemoXRRig.prefab
  artifactKey: Guid(6974999791dc8804fafee05e319aa932) Importer(815301076,1909f56bfc062723c751e8b465ee728b)
Start importing Assets/HurricaneVR/TechDemo/Prefabs/TechDemoXRRig.prefab using Guid(6974999791dc8804fafee05e319aa932) Importer(815301076,1909f56bfc062723c751e8b465ee728b)  -> (artifact id: 'c6fcbf251d88470f4aed32a8ff7ec84e') in 0.143090 seconds 
========================================================================
Received Import Request.
  Time since last request: 64.867665 seconds.
  path: Assets/PLAYER RIG/Hexa4Rig OpenXR_Backpack.prefab
  artifactKey: Guid(c19563d835e0e17429025c634f830414) Importer(815301076,1909f56bfc062723c751e8b465ee728b)
Start importing Assets/PLAYER RIG/Hexa4Rig OpenXR_Backpack.prefab using Guid(c19563d835e0e17429025c634f830414) Importer(815301076,1909f56bfc062723c751e8b465ee728b)  -> (artifact id: 'e3eac5ca0e3132edd2b493a6a2d5d351') in 0.136066 seconds 
========================================================================
Received Import Request.
  Time since last request: 147.416882 seconds.
  path: Assets/HurricaneVR/TechDemo/Materials/Confetti.mat
  artifactKey: Guid(57c273b15cda4da468361aad5dd5824f) Importer(815301076,1909f56bfc062723c751e8b465ee728b)
Start importing Assets/HurricaneVR/TechDemo/Materials/Confetti.mat using Guid(57c273b15cda4da468361aad5dd5824f) Importer(815301076,1909f56bfc062723c751e8b465ee728b)  -> (artifact id: '3e06cb963aa5c998b1e964014a025aa0') in 0.066250 seconds 
========================================================================
Received Import Request.
  Time since last request: 0.000023 seconds.
  path: Assets/HurricaneVR/TechDemo/Materials/mat_pistol.mat
  artifactKey: Guid(2bcfd24d5c4f8f447a93b06242560c25) Importer(815301076,1909f56bfc062723c751e8b465ee728b)
Start importing Assets/HurricaneVR/TechDemo/Materials/mat_pistol.mat using Guid(2bcfd24d5c4f8f447a93b06242560c25) Importer(815301076,1909f56bfc062723c751e8b465ee728b)  -> (artifact id: '7aa72822965b50758e5d2fb7201a917c') in 0.025441 seconds 
========================================================================
Received Import Request.
  Time since last request: 0.000022 seconds.
  path: Assets/HurricaneVR/TechDemo/Materials/mat_green_battery_light.mat
  artifactKey: Guid(a7ecef8a87dd5df408e7462059571bca) Importer(815301076,1909f56bfc062723c751e8b465ee728b)
Start importing Assets/HurricaneVR/TechDemo/Materials/mat_green_battery_light.mat using Guid(a7ecef8a87dd5df408e7462059571bca) Importer(815301076,1909f56bfc062723c751e8b465ee728b)  -> (artifact id: 'c96fa8828907774300b23debc5880df0') in 0.016890 seconds 
========================================================================
Received Import Request.
  Time since last request: 0.000030 seconds.
  path: Assets/HurricaneVR/TechDemo/Materials/mat_hands.mat
  artifactKey: Guid(f9712783fb5d42741a0836cba40871b1) Importer(815301076,1909f56bfc062723c751e8b465ee728b)
Start importing Assets/HurricaneVR/TechDemo/Materials/mat_hands.mat using Guid(f9712783fb5d42741a0836cba40871b1) Importer(815301076,1909f56bfc062723c751e8b465ee728b)  -> (artifact id: '8bedf306a6b1498db97fb42dde323b61') in 0.039730 seconds 
========================================================================
Received Import Request.
  Time since last request: 0.000042 seconds.
  path: Assets/HurricaneVR/TechDemo/Materials/mat_OrangePanel.mat
  artifactKey: Guid(a678aaa62479e504698cda27edf4c585) Importer(815301076,1909f56bfc062723c751e8b465ee728b)
Start importing Assets/HurricaneVR/TechDemo/Materials/mat_OrangePanel.mat using Guid(a678aaa62479e504698cda27edf4c585) Importer(815301076,1909f56bfc062723c751e8b465ee728b)  -> (artifact id: '1c3822b6f2da8fda12ca5a9d210c96a3') in 0.019793 seconds 
========================================================================
Received Import Request.
  Time since last request: 0.000044 seconds.
  path: Assets/HurricaneVR/TechDemo/Materials/mat_spear_tip.mat
  artifactKey: Guid(ae9c778a04be47e4c94cac36942730a9) Importer(815301076,1909f56bfc062723c751e8b465ee728b)
Start importing Assets/HurricaneVR/TechDemo/Materials/mat_spear_tip.mat using Guid(ae9c778a04be47e4c94cac36942730a9) Importer(815301076,1909f56bfc062723c751e8b465ee728b)  -> (artifact id: 'd0051505226cf7ccad2816ba91ccb12d') in 0.023835 seconds 
========================================================================
Received Import Request.
  Time since last request: 0.000022 seconds.
  path: Assets/HurricaneVR/TechDemo/Materials/mat_BlackPanel.mat
  artifactKey: Guid(ec5abc8ac9343ab41bc7f26453a6a157) Importer(815301076,1909f56bfc062723c751e8b465ee728b)
Start importing Assets/HurricaneVR/TechDemo/Materials/mat_BlackPanel.mat using Guid(ec5abc8ac9343ab41bc7f26453a6a157) Importer(815301076,1909f56bfc062723c751e8b465ee728b)  -> (artifact id: '68828f5b3b74a89bb8ff322f4e07cf87') in 0.019631 seconds 
========================================================================
Received Import Request.
  Time since last request: 0.000024 seconds.
  path: Assets/HurricaneVR/TechDemo/Materials/mat_backpack.mat
  artifactKey: Guid(4c411795b52a22c4fb41d9210bf7bc30) Importer(815301076,1909f56bfc062723c751e8b465ee728b)
Start importing Assets/HurricaneVR/TechDemo/Materials/mat_backpack.mat using Guid(4c411795b52a22c4fb41d9210bf7bc30) Importer(815301076,1909f56bfc062723c751e8b465ee728b)  -> (artifact id: '126fcbbcddf48acaaba639c3636a2a8c') in 0.021823 seconds 
========================================================================
Received Import Request.
  Time since last request: 0.000033 seconds.
  path: Assets/HurricaneVR/TechDemo/Materials/mat_safe.mat
  artifactKey: Guid(dbe75ac6fd05b6a4296df35d9f1b30f8) Importer(815301076,1909f56bfc062723c751e8b465ee728b)
Start importing Assets/HurricaneVR/TechDemo/Materials/mat_safe.mat using Guid(dbe75ac6fd05b6a4296df35d9f1b30f8) Importer(815301076,1909f56bfc062723c751e8b465ee728b)  -> (artifact id: 'ff667043f26254010c91d1b669b65a97') in 0.023521 seconds 
========================================================================
Received Import Request.
  Time since last request: 0.000020 seconds.
  path: Assets/HurricaneVR/TechDemo/Materials/mat_GreyPanel.mat
  artifactKey: Guid(137684e44b6c1704798c3bd54a41a962) Importer(815301076,1909f56bfc062723c751e8b465ee728b)
Start importing Assets/HurricaneVR/TechDemo/Materials/mat_GreyPanel.mat using Guid(137684e44b6c1704798c3bd54a41a962) Importer(815301076,1909f56bfc062723c751e8b465ee728b)  -> (artifact id: 'c0879df4b863f083b02a60d60acef964') in 0.014460 seconds 
========================================================================
Received Import Request.
  Time since last request: 0.000026 seconds.
  path: Assets/HurricaneVR/TechDemo/Materials/mat_props.mat
  artifactKey: Guid(9ad5e77a8f41e3f4ca983365d6e13cb9) Importer(815301076,1909f56bfc062723c751e8b465ee728b)
Start importing Assets/HurricaneVR/TechDemo/Materials/mat_props.mat using Guid(9ad5e77a8f41e3f4ca983365d6e13cb9) Importer(815301076,1909f56bfc062723c751e8b465ee728b)  -> (artifact id: 'b48a9b38d27bf0df4ae304c26d04635a') in 0.023121 seconds 
========================================================================
Received Import Request.
  Time since last request: 0.000028 seconds.
  path: Assets/HurricaneVR/TechDemo/Materials/mat_Floor.mat
  artifactKey: Guid(9006a09998170f145bedd8af85661eef) Importer(815301076,1909f56bfc062723c751e8b465ee728b)
Start importing Assets/HurricaneVR/TechDemo/Materials/mat_Floor.mat using Guid(9006a09998170f145bedd8af85661eef) Importer(815301076,1909f56bfc062723c751e8b465ee728b)  -> (artifact id: '704d3477e9f661faf95c2bff3a316ddb') in 0.014358 seconds 
========================================================================
Received Import Request.
  Time since last request: 0.000042 seconds.
  path: Assets/HurricaneVR/TechDemo/Materials/mat_SMG.mat
  artifactKey: Guid(1bc053b1788b72e41ba62b897d741297) Importer(815301076,1909f56bfc062723c751e8b465ee728b)
Start importing Assets/HurricaneVR/TechDemo/Materials/mat_SMG.mat using Guid(1bc053b1788b72e41ba62b897d741297) Importer(815301076,1909f56bfc062723c751e8b465ee728b)  -> (artifact id: '2fc3cbff871dce379ec5c078c78d7282') in 0.025345 seconds 
========================================================================
Received Import Request.
  Time since last request: 0.000028 seconds.
  path: Assets/HurricaneVR/TechDemo/Materials/mat_glass.mat
  artifactKey: Guid(109cf51672683b948995536cae36ce66) Importer(815301076,1909f56bfc062723c751e8b465ee728b)
Start importing Assets/HurricaneVR/TechDemo/Materials/mat_glass.mat using Guid(109cf51672683b948995536cae36ce66) Importer(815301076,1909f56bfc062723c751e8b465ee728b)  -> (artifact id: 'fbf198b503ef477421439f228ba0b36a') in 0.017252 seconds 
========================================================================
Received Import Request.
  Time since last request: 6.423341 seconds.
  path: Assets/HurricaneVR/TechDemo/Textures/SafeMetallicSmoothness.png
  artifactKey: Guid(02635da93a4e1334a974f173759fb6dc) Importer(815301076,1909f56bfc062723c751e8b465ee728b)
Start importing Assets/HurricaneVR/TechDemo/Textures/SafeMetallicSmoothness.png using Guid(02635da93a4e1334a974f173759fb6dc) Importer(815301076,1909f56bfc062723c751e8b465ee728b)  -> (artifact id: 'd8b9f20517678e216445ce35413ab8aa') in 0.073083 seconds 
========================================================================
Received Prepare
Registering precompiled user dll's ...
Registered in 0.009956 seconds.
Begin MonoManager ReloadAssembly
Native extension for WindowsStandalone target not found
Native extension for Android target not found
Refreshing native plugins compatible for Editor in 1.39 ms, found 28 plugins.
Preloading 1 native plugins for Editor in 0.05 ms.
System.Reflection.TargetInvocationException: Exception has been thrown by the target of an invocation. ---> System.NullReferenceException: Object reference not set to an instance of an object
  at Unity.XR.Oculus.OculusLoader.AssetPathToAbsolutePath (System.String assetPath) [0x0003d] in D:\BONE-PHYSICS\Library\PackageCache\com.unity.xr.oculus@3.0.1\Runtime\OculusLoader.cs:257 
  at Unity.XR.Oculus.OculusLoader.EditorLoadOVRPlugin () [0x0007b] in D:\BONE-PHYSICS\Library\PackageCache\com.unity.xr.oculus@3.0.1\Runtime\OculusLoader.cs:242 
  at (wrapper managed-to-native) System.Reflection.RuntimeMethodInfo.InternalInvoke(System.Reflection.RuntimeMethodInfo,object,object[],System.Exception&)
  at System.Reflection.RuntimeMethodInfo.Invoke (System.Object obj, System.Reflection.BindingFlags invokeAttr, System.Reflection.Binder binder, System.Object[] parameters, System.Globalization.CultureInfo culture) [0x0006a] in <e40e5a8f982c4b618a930d29f9bd091c>:0 
   --- End of inner exception stack trace ---
  at System.Reflection.RuntimeMethodInfo.Invoke (System.Object obj, System.Reflection.BindingFlags invokeAttr, System.Reflection.Binder binder, System.Object[] parameters, System.Globalization.CultureInfo culture) [0x00083] in <e40e5a8f982c4b618a930d29f9bd091c>:0 
  at System.Reflection.MethodBase.Invoke (System.Object obj, System.Object[] parameters) [0x00000] in <e40e5a8f982c4b618a930d29f9bd091c>:0 
  at UnityEditor.EditorAssemblies.ProcessInitializeOnLoadMethodAttributes () [0x000a5] in <1f0be198f5164d2489de92f22c998266>:0 
UnityEngine.StackTraceUtility:ExtractStackTrace ()
UnityEngine.DebugLogHandler:LogFormat (UnityEngine.LogType,UnityEngine.Object,string,object[])
UnityEngine.Logger:Log (UnityEngine.LogType,object)
UnityEngine.Debug:LogError (object)
UnityEditor.EditorAssemblies:ProcessInitializeOnLoadMethodAttributes ()

Mono: successfully reloaded assembly
- Completed reload, in  1.383 seconds
Domain Reload Profiling:
	ReloadAssembly (1384ms)
		BeginReloadAssembly (138ms)
			ExecutionOrderSort (0ms)
			DisableScriptedObjects (4ms)
			BackupInstance (0ms)
			ReleaseScriptingObjects (0ms)
			CreateAndSetChildDomain (46ms)
		EndReloadAssembly (1156ms)
			LoadAssemblies (89ms)
			RebuildTransferFunctionScriptingTraits (0ms)
			SetupTypeCache (292ms)
			ReleaseScriptCaches (2ms)
			RebuildScriptCaches (68ms)
			SetupLoadedEditorAssemblies (643ms)
				LogAssemblyErrors (0ms)
				InitializePlatformSupportModulesInManaged (19ms)
				SetLoadedEditorAssemblies (0ms)
				RefreshPlugins (2ms)
				BeforeProcessingInitializeOnLoad (79ms)
				ProcessInitializeOnLoadAttributes (486ms)
				ProcessInitializeOnLoadMethodAttributes (46ms)
				AfterProcessingInitializeOnLoad (11ms)
				EditorAssembliesLoaded (0ms)
			ExecutionOrderSort2 (0ms)
			AwakeInstancesAfterBackupRestoration (6ms)
Platform modules already initialized, skipping
Shader 'SLZ/ShadowOnly': fallback shader 'False' not found
Shader 'SLZ/VR_Triplanar': fallback shader '1' not found
Shader 'SLZ/VoidBleed': fallback shader 'False' not found
Shader 'ZeroLab/VR_Dissolve': fallback shader '1' not found
Refreshing native plugins compatible for Editor in 7.75 ms, found 28 plugins.
Preloading 1 native plugins for Editor in 0.07 ms.
Unloading 6654 Unused Serialized files (Serialized files now loaded: 0)
Unloading 184 unused Assets / (4.7 MB). Loaded Objects now: 7541.
Memory consumption went from 315.6 MB to 310.9 MB.
Total: 5.714600 ms (FindLiveObjects: 0.464100 ms CreateObjectMapping: 0.361700 ms MarkObjects: 2.762500 ms  DeleteObjects: 2.124300 ms)

AssetImportParameters requested are different than current active one (requested -> active):
  custom:video-decoder-ogg-theora: a1e56fd34408186e4bbccfd4996cb3dc -> 
  custom:container-muxer-webm: aa71ff27fc2769a1b78a27578f13a17b -> 
  custom:container-demuxer-webm: 4f35f7cbe854078d1ac9338744f61a02 -> 
  custom:video-encoder-webm-vp8: eb34c28f22e8b96e1ab97ce403110664 -> 
  custom:audio-encoder-webm-vorbis: bf7c407c2cedff20999df2af8eb42d56 -> 
  custom:framework-win-MediaFoundation: 216162199b28c13a410421893ffa2e32 -> 
  custom:container-demuxer-ogg: 62fdf1f143b41e24485cea50d1cbac27 -> 
  custom:video-decoder-webm-vp8: 9c59270c3fd7afecdb556c50c9e8de78 -> 
  custom:audio-decoder-ogg-vorbis: bf7c407c2cedff20999df2af8eb42d56 -> 
========================================================================
Received Import Request.
  Time since last request: 447.832320 seconds.
  path: ProjectSettings/TagManager.asset
  artifactKey: Guid(00000000000000003000000000000000) Importer(815301076,1909f56bfc062723c751e8b465ee728b)
Start importing ProjectSettings/TagManager.asset using Guid(00000000000000003000000000000000) Importer(815301076,1909f56bfc062723c751e8b465ee728b)  -> (artifact id: 'fd672d5c5e74da6ba70fc208a1a7a7ad') in 0.059053 seconds 
========================================================================
Received Prepare
Shader 'SLZ/ShadowOnly': fallback shader 'False' not found
Shader 'SLZ/VR_Triplanar': fallback shader '1' not found
Shader 'SLZ/VoidBleed': fallback shader 'False' not found
Shader 'ZeroLab/VR_Dissolve': fallback shader '1' not found
Refreshing native plugins compatible for Editor in 12.97 ms, found 28 plugins.
Preloading 1 native plugins for Editor in 0.06 ms.
Unloading 179 Unused Serialized files (Serialized files now loaded: 0)
Unloading 180 unused Assets / (4.7 MB). Loaded Objects now: 7541.
Memory consumption went from 186.1 MB to 181.4 MB.
Total: 5.419900 ms (FindLiveObjects: 0.362500 ms CreateObjectMapping: 0.221900 ms MarkObjects: 3.640900 ms  DeleteObjects: 1.193500 ms)

AssetImportParameters requested are different than current active one (requested -> active):
  custom:video-decoder-ogg-theora: a1e56fd34408186e4bbccfd4996cb3dc -> 
  custom:container-muxer-webm: aa71ff27fc2769a1b78a27578f13a17b -> 
  custom:container-demuxer-webm: 4f35f7cbe854078d1ac9338744f61a02 -> 
  custom:video-encoder-webm-vp8: eb34c28f22e8b96e1ab97ce403110664 -> 
  custom:audio-encoder-webm-vorbis: bf7c407c2cedff20999df2af8eb42d56 -> 
  custom:framework-win-MediaFoundation: 216162199b28c13a410421893ffa2e32 -> 
  custom:container-demuxer-ogg: 62fdf1f143b41e24485cea50d1cbac27 -> 
  custom:video-decoder-webm-vp8: 9c59270c3fd7afecdb556c50c9e8de78 -> 
  custom:audio-decoder-ogg-vorbis: bf7c407c2cedff20999df2af8eb42d56 -> 
