Using pre-set license
Built from '2021.3/staging' branch; Version is '2021.3.5f1 (40eb3a945986) revision 4254522'; Using compiler version '192829333'; Build Type 'Release'
OS: 'Windows 11  (10.0.22621) 64bit Core' Language: 'en' Physical Memory: 32578 MB
BatchMode: 1, IsHumanControllingUs: 0, StartBugReporterOnCrash: 0, Is64bit: 1, IsPro: 1

COMMAND LINE ARGUMENTS:
C:\Program Files\Unity\Hub\Editor\2021.3.5f1\Editor\Unity.exe
-adb2
-batchMode
-noUpm
-name
AssetImportWorker0
-projectPath
D:/BONE-PHYSICS
-logFile
Logs/AssetImportWorker0.log
-srvPort
55657
Successfully changed project path to: D:/BONE-PHYSICS
D:/BONE-PHYSICS
[UnityMemory] Configuration Parameters - Can be set up in boot.config
    "memorysetup-bucket-allocator-granularity=16"
    "memorysetup-bucket-allocator-bucket-count=8"
    "memorysetup-bucket-allocator-block-size=33554432"
    "memorysetup-bucket-allocator-block-count=8"
    "memorysetup-main-allocator-block-size=16777216"
    "memorysetup-thread-allocator-block-size=16777216"
    "memorysetup-gfx-main-allocator-block-size=16777216"
    "memorysetup-gfx-thread-allocator-block-size=16777216"
    "memorysetup-cache-allocator-block-size=4194304"
    "memorysetup-typetree-allocator-block-size=2097152"
    "memorysetup-profiler-bucket-allocator-granularity=16"
    "memorysetup-profiler-bucket-allocator-bucket-count=8"
    "memorysetup-profiler-bucket-allocator-block-size=33554432"
    "memorysetup-profiler-bucket-allocator-block-count=8"
    "memorysetup-profiler-allocator-block-size=16777216"
    "memorysetup-profiler-editor-allocator-block-size=1048576"
    "memorysetup-temp-allocator-size-main=16777216"
    "memorysetup-job-temp-allocator-block-size=2097152"
    "memorysetup-job-temp-allocator-block-size-background=1048576"
    "memorysetup-job-temp-allocator-reduction-small-platforms=262144"
    "memorysetup-temp-allocator-size-background-worker=32768"
    "memorysetup-temp-allocator-size-job-worker=262144"
    "memorysetup-temp-allocator-size-preload-manager=33554432"
    "memorysetup-temp-allocator-size-nav-mesh-worker=65536"
    "memorysetup-temp-allocator-size-audio-worker=65536"
    "memorysetup-temp-allocator-size-cloud-worker=32768"
    "memorysetup-temp-allocator-size-gi-baking-worker=262144"
    "memorysetup-temp-allocator-size-gfx=262144"
Refreshing native plugins compatible for Editor in 166.67 ms, found 28 plugins.
Preloading 1 native plugins for Editor in 1.47 ms.
Initialize engine version: 2021.3.5f1 (40eb3a945986)
[Subsystems] Discovering subsystems at path C:/Program Files/Unity/Hub/Editor/2021.3.5f1/Editor/Data/Resources/UnitySubsystems
[Subsystems] Discovering subsystems at path D:/BONE-PHYSICS/Assets
GfxDevice: creating device client; threaded=0; jobified=0
Direct3D:
    Version:  Direct3D 11.0 [level 11.1]
    Renderer: NVIDIA GeForce RTX 3050 (ID=0x2507)
    Vendor:   NVIDIA
    VRAM:     8042 MB
    Driver:   31.0.15.5123
Initialize mono
Mono path[0] = 'C:/Program Files/Unity/Hub/Editor/2021.3.5f1/Editor/Data/Managed'
Mono path[1] = 'C:/Program Files/Unity/Hub/Editor/2021.3.5f1/Editor/Data/MonoBleedingEdge/lib/mono/unityjit-win32'
Mono config path = 'C:/Program Files/Unity/Hub/Editor/2021.3.5f1/Editor/Data/MonoBleedingEdge/etc'
Using monoOptions --debugger-agent=transport=dt_socket,embedding=1,server=y,suspend=n,address=127.0.0.1:56172
Begin MonoManager ReloadAssembly
Registering precompiled unity dll's ...
Register platform support module: C:/Program Files/Unity/Hub/Editor/2021.3.5f1/Editor/Data/PlaybackEngines/AndroidPlayer/UnityEditor.Android.Extensions.dll
Register platform support module: C:/Program Files/Unity/Hub/Editor/2021.3.5f1/Editor/Data/PlaybackEngines/WindowsStandaloneSupport/UnityEditor.WindowsStandalone.Extensions.dll
Registered in 0.008339 seconds.
Native extension for WindowsStandalone target not found
Native extension for Android target not found
Refreshing native plugins compatible for Editor in 122.57 ms, found 28 plugins.
Preloading 1 native plugins for Editor in 0.12 ms.
Mono: successfully reloaded assembly
- Completed reload, in  0.672 seconds
Domain Reload Profiling:
	ReloadAssembly (672ms)
		BeginReloadAssembly (86ms)
			ExecutionOrderSort (0ms)
			DisableScriptedObjects (0ms)
			BackupInstance (0ms)
			ReleaseScriptingObjects (0ms)
			CreateAndSetChildDomain (1ms)
		EndReloadAssembly (472ms)
			LoadAssemblies (82ms)
			RebuildTransferFunctionScriptingTraits (0ms)
			SetupTypeCache (88ms)
			ReleaseScriptCaches (0ms)
			RebuildScriptCaches (29ms)
			SetupLoadedEditorAssemblies (304ms)
				LogAssemblyErrors (0ms)
				InitializePlatformSupportModulesInManaged (54ms)
				SetLoadedEditorAssemblies (0ms)
				RefreshPlugins (123ms)
				BeforeProcessingInitializeOnLoad (1ms)
				ProcessInitializeOnLoadAttributes (85ms)
				ProcessInitializeOnLoadMethodAttributes (41ms)
				AfterProcessingInitializeOnLoad (0ms)
				EditorAssembliesLoaded (0ms)
			ExecutionOrderSort2 (0ms)
			AwakeInstancesAfterBackupRestoration (0ms)
Platform modules already initialized, skipping
Registering precompiled user dll's ...
Registered in 0.011125 seconds.
Begin MonoManager ReloadAssembly
Native extension for WindowsStandalone target not found
Native extension for Android target not found
Refreshing native plugins compatible for Editor in 124.70 ms, found 28 plugins.
Preloading 1 native plugins for Editor in 0.05 ms.
Package Manager log level set to [2]
System.Reflection.TargetInvocationException: Exception has been thrown by the target of an invocation. ---> System.NullReferenceException: Object reference not set to an instance of an object
  at Unity.XR.Oculus.OculusLoader.AssetPathToAbsolutePath (System.String assetPath) [0x0003d] in D:\BONE-PHYSICS\Library\PackageCache\com.unity.xr.oculus@3.0.1\Runtime\OculusLoader.cs:257 
  at Unity.XR.Oculus.OculusLoader.EditorLoadOVRPlugin () [0x0007b] in D:\BONE-PHYSICS\Library\PackageCache\com.unity.xr.oculus@3.0.1\Runtime\OculusLoader.cs:242 
  at (wrapper managed-to-native) System.Reflection.RuntimeMethodInfo.InternalInvoke(System.Reflection.RuntimeMethodInfo,object,object[],System.Exception&)
  at System.Reflection.RuntimeMethodInfo.Invoke (System.Object obj, System.Reflection.BindingFlags invokeAttr, System.Reflection.Binder binder, System.Object[] parameters, System.Globalization.CultureInfo culture) [0x0006a] in <e40e5a8f982c4b618a930d29f9bd091c>:0 
   --- End of inner exception stack trace ---
  at System.Reflection.RuntimeMethodInfo.Invoke (System.Object obj, System.Reflection.BindingFlags invokeAttr, System.Reflection.Binder binder, System.Object[] parameters, System.Globalization.CultureInfo culture) [0x00083] in <e40e5a8f982c4b618a930d29f9bd091c>:0 
  at System.Reflection.MethodBase.Invoke (System.Object obj, System.Object[] parameters) [0x00000] in <e40e5a8f982c4b618a930d29f9bd091c>:0 
  at UnityEditor.EditorAssemblies.ProcessInitializeOnLoadMethodAttributes () [0x000a5] in <1f0be198f5164d2489de92f22c998266>:0 
UnityEngine.StackTraceUtility:ExtractStackTrace ()
UnityEngine.DebugLogHandler:LogFormat (UnityEngine.LogType,UnityEngine.Object,string,object[])
UnityEngine.Logger:Log (UnityEngine.LogType,object)
UnityEngine.Debug:LogError (object)
UnityEditor.EditorAssemblies:ProcessInitializeOnLoadMethodAttributes ()

Mono: successfully reloaded assembly
- Completed reload, in  1.555 seconds
Domain Reload Profiling:
	ReloadAssembly (1556ms)
		BeginReloadAssembly (203ms)
			ExecutionOrderSort (0ms)
			DisableScriptedObjects (4ms)
			BackupInstance (0ms)
			ReleaseScriptingObjects (0ms)
			CreateAndSetChildDomain (120ms)
		EndReloadAssembly (1247ms)
			LoadAssemblies (84ms)
			RebuildTransferFunctionScriptingTraits (0ms)
			SetupTypeCache (312ms)
			ReleaseScriptCaches (1ms)
			RebuildScriptCaches (89ms)
			SetupLoadedEditorAssemblies (728ms)
				LogAssemblyErrors (0ms)
				InitializePlatformSupportModulesInManaged (12ms)
				SetLoadedEditorAssemblies (0ms)
				RefreshPlugins (125ms)
				BeforeProcessingInitializeOnLoad (98ms)
				ProcessInitializeOnLoadAttributes (436ms)
				ProcessInitializeOnLoadMethodAttributes (47ms)
				AfterProcessingInitializeOnLoad (10ms)
				EditorAssembliesLoaded (0ms)
			ExecutionOrderSort2 (0ms)
			AwakeInstancesAfterBackupRestoration (5ms)
Platform modules already initialized, skipping
========================================================================
Worker process is ready to serve import requests
Launched and connected shader compiler UnityShaderCompiler.exe after 0.07 seconds
Refreshing native plugins compatible for Editor in 1.07 ms, found 28 plugins.
Preloading 1 native plugins for Editor in 0.04 ms.
Unloading 6173 Unused Serialized files (Serialized files now loaded: 0)
Unloading 115 unused Assets / (5.3 MB). Loaded Objects now: 6601.
Memory consumption went from 280.4 MB to 275.1 MB.
Total: 4.174200 ms (FindLiveObjects: 0.315400 ms CreateObjectMapping: 0.194300 ms MarkObjects: 2.740700 ms  DeleteObjects: 0.922800 ms)

AssetImportParameters requested are different than current active one (requested -> active):
  custom:video-decoder-ogg-theora: a1e56fd34408186e4bbccfd4996cb3dc -> 
  custom:container-muxer-webm: aa71ff27fc2769a1b78a27578f13a17b -> 
  custom:container-demuxer-webm: 4f35f7cbe854078d1ac9338744f61a02 -> 
  custom:video-encoder-webm-vp8: eb34c28f22e8b96e1ab97ce403110664 -> 
  custom:audio-encoder-webm-vorbis: bf7c407c2cedff20999df2af8eb42d56 -> 
  custom:framework-win-MediaFoundation: 216162199b28c13a410421893ffa2e32 -> 
  custom:container-demuxer-ogg: 62fdf1f143b41e24485cea50d1cbac27 -> 
  custom:video-decoder-webm-vp8: 9c59270c3fd7afecdb556c50c9e8de78 -> 
  custom:audio-decoder-ogg-vorbis: bf7c407c2cedff20999df2af8eb42d56 -> 
========================================================================
Received Import Request.
  Time since last request: 182300.900397 seconds.
  path: Assets/UnityTechnologies/EffectExamples/Readme.asset
  artifactKey: Guid(83c2ed844a8c74b779a4c823d16594b1) Importer(815301076,1909f56bfc062723c751e8b465ee728b)
Start importing Assets/UnityTechnologies/EffectExamples/Readme.asset using Guid(83c2ed844a8c74b779a4c823d16594b1) Importer(815301076,1909f56bfc062723c751e8b465ee728b)  -> (artifact id: '14e32a062757a27d18fc8c08108994c4') in 0.052790 seconds 
========================================================================
Received Import Request.
  Time since last request: 2.579830 seconds.
  path: Assets/LOGO FINAL.png
  artifactKey: Guid(929cb2f8e5636914e80b4e67f1216dc2) Importer(815301076,1909f56bfc062723c751e8b465ee728b)
Start importing Assets/LOGO FINAL.png using Guid(929cb2f8e5636914e80b4e67f1216dc2) Importer(815301076,1909f56bfc062723c751e8b465ee728b)  -> (artifact id: '34d5af777528f1563e236482dda266ea') in 0.052851 seconds 
========================================================================
Received Import Request.
  Time since last request: 1898.140821 seconds.
  path: Assets/Scenes
  artifactKey: Guid(0cc1b79de78bc4991892d4d342d7211a) Importer(815301076,1909f56bfc062723c751e8b465ee728b)
Start importing Assets/Scenes using Guid(0cc1b79de78bc4991892d4d342d7211a) Importer(815301076,1909f56bfc062723c751e8b465ee728b)  -> (artifact id: '1b04045078bbe446b344ee782fbc8319') in 0.002973 seconds 
========================================================================
Received Import Request.
  Time since last request: 1.114849 seconds.
  path: Assets/Scenes/SampleScene.unity
  artifactKey: Guid(55daccc09a3b69647bbab145b54a3ab3) Importer(815301076,1909f56bfc062723c751e8b465ee728b)
Start importing Assets/Scenes/SampleScene.unity using Guid(55daccc09a3b69647bbab145b54a3ab3) Importer(815301076,1909f56bfc062723c751e8b465ee728b)  -> (artifact id: '9829772125552874f007222771fe30fd') in 0.002923 seconds 
========================================================================
Received Import Request.
  Time since last request: 45.534597 seconds.
  path: Assets/HurricaneVR
  artifactKey: Guid(ed18a0babc8b032438b8b4758d1d90f4) Importer(815301076,1909f56bfc062723c751e8b465ee728b)
Start importing Assets/HurricaneVR using Guid(ed18a0babc8b032438b8b4758d1d90f4) Importer(815301076,1909f56bfc062723c751e8b465ee728b)  -> (artifact id: 'a6a0dba36b7d423ee56dd521822e6f0c') in 0.004035 seconds 
========================================================================
Received Import Request.
  Time since last request: 1.481953 seconds.
  path: Assets/HurricaneVR/TechDemo
  artifactKey: Guid(4cde776957452414187627d9898dff5f) Importer(815301076,1909f56bfc062723c751e8b465ee728b)
Start importing Assets/HurricaneVR/TechDemo using Guid(4cde776957452414187627d9898dff5f) Importer(815301076,1909f56bfc062723c751e8b465ee728b)  -> (artifact id: 'bddbf48b855c1fb2c0be26761847160b') in 0.003392 seconds 
========================================================================
Received Import Request.
  Time since last request: 2.385596 seconds.
  path: Assets/HurricaneVR/TechDemo/Scenes
  artifactKey: Guid(ebe944244d586e146b56e41d78a7a3f7) Importer(815301076,1909f56bfc062723c751e8b465ee728b)
Start importing Assets/HurricaneVR/TechDemo/Scenes using Guid(ebe944244d586e146b56e41d78a7a3f7) Importer(815301076,1909f56bfc062723c751e8b465ee728b)  -> (artifact id: 'ff97b5b14f44d99a7fcfbd9a47b1bf53') in 0.003809 seconds 
========================================================================
Received Import Request.
  Time since last request: 1.085364 seconds.
  path: Assets/HurricaneVR/TechDemo/Scenes/scene_demo.unity
  artifactKey: Guid(fe84c7f8bf6cde94c9b6c27f52ac4875) Importer(815301076,1909f56bfc062723c751e8b465ee728b)
Start importing Assets/HurricaneVR/TechDemo/Scenes/scene_demo.unity using Guid(fe84c7f8bf6cde94c9b6c27f52ac4875) Importer(815301076,1909f56bfc062723c751e8b465ee728b)  -> (artifact id: '761f239662637b1db08458ddd2053837') in 0.003480 seconds 
========================================================================
Received Import Request.
  Time since last request: 46.097445 seconds.
  path: Assets/VR Body
  artifactKey: Guid(4ef543ec2da8b9545941c6199969b1b3) Importer(815301076,1909f56bfc062723c751e8b465ee728b)
Start importing Assets/VR Body using Guid(4ef543ec2da8b9545941c6199969b1b3) Importer(815301076,1909f56bfc062723c751e8b465ee728b)  -> (artifact id: 'e4b7a1fe1e670dc621fa7041b13240ce') in 0.003063 seconds 
========================================================================
Received Import Request.
  Time since last request: 4.120067 seconds.
  path: Assets/Plugins
  artifactKey: Guid(d4c4aabad2a777847b9e9402d4b2371b) Importer(815301076,1909f56bfc062723c751e8b465ee728b)
Start importing Assets/Plugins using Guid(d4c4aabad2a777847b9e9402d4b2371b) Importer(815301076,1909f56bfc062723c751e8b465ee728b)  -> (artifact id: '2c2eef02a6535950988beb2840e7d370') in 0.003314 seconds 
========================================================================
Received Import Request.
  Time since last request: 1.110914 seconds.
  path: Assets/Plugins/HexabodyVR
  artifactKey: Guid(9ce7e2c61e3fc0e44b117f70f57e0662) Importer(815301076,1909f56bfc062723c751e8b465ee728b)
Start importing Assets/Plugins/HexabodyVR using Guid(9ce7e2c61e3fc0e44b117f70f57e0662) Importer(815301076,1909f56bfc062723c751e8b465ee728b)  -> (artifact id: 'ca386fc17dd3d4dd68bf50572d00121a') in 0.003548 seconds 
========================================================================
Received Import Request.
  Time since last request: 1.255285 seconds.
  path: Assets/Plugins/HexabodyVR/Integrations
  artifactKey: Guid(70ed4547ee5d9834c8255589cd99b2bd) Importer(815301076,1909f56bfc062723c751e8b465ee728b)
Start importing Assets/Plugins/HexabodyVR/Integrations using Guid(70ed4547ee5d9834c8255589cd99b2bd) Importer(815301076,1909f56bfc062723c751e8b465ee728b)  -> (artifact id: 'f9c2a33cc69e9e507bbac6d387caf4a2') in 0.003148 seconds 
========================================================================
Received Import Request.
  Time since last request: 4.815058 seconds.
  path: Assets/Plugins/HexabodyVR/PlayerController
  artifactKey: Guid(04ff870bfeac7fc4b9d904cda8a59eea) Importer(815301076,1909f56bfc062723c751e8b465ee728b)
Start importing Assets/Plugins/HexabodyVR/PlayerController using Guid(04ff870bfeac7fc4b9d904cda8a59eea) Importer(815301076,1909f56bfc062723c751e8b465ee728b)  -> (artifact id: '4161114d8bad8e0e48eaddf0da6aa437') in 0.003481 seconds 
========================================================================
Received Import Request.
  Time since last request: 0.888003 seconds.
  path: Assets/Plugins/HexabodyVR/PlayerController/Prefabs
  artifactKey: Guid(d692c9217b45fef419d1573663f6e863) Importer(815301076,1909f56bfc062723c751e8b465ee728b)
Start importing Assets/Plugins/HexabodyVR/PlayerController/Prefabs using Guid(d692c9217b45fef419d1573663f6e863) Importer(815301076,1909f56bfc062723c751e8b465ee728b)  -> (artifact id: '7066fa68887fb086878d8e57e73b35a4') in 0.003441 seconds 
========================================================================
Received Import Request.
  Time since last request: 0.057258 seconds.
  path: Assets/Plugins/HexabodyVR/PlayerController/Prefabs/HexaBody.prefab
  artifactKey: Guid(fdc4f52088255394da0e0e438c07cb3b) Importer(815301076,1909f56bfc062723c751e8b465ee728b)
Start importing Assets/Plugins/HexabodyVR/PlayerController/Prefabs/HexaBody.prefab using Guid(fdc4f52088255394da0e0e438c07cb3b) Importer(815301076,1909f56bfc062723c751e8b465ee728b)  -> (artifact id: '6459d8a4bb15125cbc9e9cdc5371b073') in 0.286746 seconds 
========================================================================
Received Import Request.
  Time since last request: 0.000023 seconds.
  path: Assets/Plugins/HexabodyVR/PlayerController/Prefabs/HexaBodyPlayerV3.prefab
  artifactKey: Guid(e9d5632a43ae5ae4dbc8dfed8557be29) Importer(815301076,1909f56bfc062723c751e8b465ee728b)
Start importing Assets/Plugins/HexabodyVR/PlayerController/Prefabs/HexaBodyPlayerV3.prefab using Guid(e9d5632a43ae5ae4dbc8dfed8557be29) Importer(815301076,1909f56bfc062723c751e8b465ee728b)  -> (artifact id: '663205b8c916b185cc6986885b2fb031') in 0.036839 seconds 
========================================================================
Received Import Request.
  Time since last request: 0.000036 seconds.
  path: Assets/Plugins/HexabodyVR/PlayerController/Prefabs/HexaBodyPlayerV4.prefab
  artifactKey: Guid(e4a76c74ab580754f84babf9ddff9668) Importer(815301076,1909f56bfc062723c751e8b465ee728b)
Start importing Assets/Plugins/HexabodyVR/PlayerController/Prefabs/HexaBodyPlayerV4.prefab using Guid(e4a76c74ab580754f84babf9ddff9668) Importer(815301076,1909f56bfc062723c751e8b465ee728b)  -> (artifact id: '62b5dddc165308880ecc3faa7efe4b71') in 0.033802 seconds 
========================================================================
Received Prepare
Registering precompiled user dll's ...
Registered in 0.009832 seconds.
Begin MonoManager ReloadAssembly
Native extension for WindowsStandalone target not found
Native extension for Android target not found
Refreshing native plugins compatible for Editor in 1.54 ms, found 28 plugins.
Preloading 1 native plugins for Editor in 0.06 ms.
System.Reflection.TargetInvocationException: Exception has been thrown by the target of an invocation. ---> System.NullReferenceException: Object reference not set to an instance of an object
  at Unity.XR.Oculus.OculusLoader.AssetPathToAbsolutePath (System.String assetPath) [0x0003d] in D:\BONE-PHYSICS\Library\PackageCache\com.unity.xr.oculus@3.0.1\Runtime\OculusLoader.cs:257 
  at Unity.XR.Oculus.OculusLoader.EditorLoadOVRPlugin () [0x0007b] in D:\BONE-PHYSICS\Library\PackageCache\com.unity.xr.oculus@3.0.1\Runtime\OculusLoader.cs:242 
  at (wrapper managed-to-native) System.Reflection.RuntimeMethodInfo.InternalInvoke(System.Reflection.RuntimeMethodInfo,object,object[],System.Exception&)
  at System.Reflection.RuntimeMethodInfo.Invoke (System.Object obj, System.Reflection.BindingFlags invokeAttr, System.Reflection.Binder binder, System.Object[] parameters, System.Globalization.CultureInfo culture) [0x0006a] in <e40e5a8f982c4b618a930d29f9bd091c>:0 
   --- End of inner exception stack trace ---
  at System.Reflection.RuntimeMethodInfo.Invoke (System.Object obj, System.Reflection.BindingFlags invokeAttr, System.Reflection.Binder binder, System.Object[] parameters, System.Globalization.CultureInfo culture) [0x00083] in <e40e5a8f982c4b618a930d29f9bd091c>:0 
  at System.Reflection.MethodBase.Invoke (System.Object obj, System.Object[] parameters) [0x00000] in <e40e5a8f982c4b618a930d29f9bd091c>:0 
  at UnityEditor.EditorAssemblies.ProcessInitializeOnLoadMethodAttributes () [0x000a5] in <1f0be198f5164d2489de92f22c998266>:0 
UnityEngine.StackTraceUtility:ExtractStackTrace ()
UnityEngine.DebugLogHandler:LogFormat (UnityEngine.LogType,UnityEngine.Object,string,object[])
UnityEngine.Logger:Log (UnityEngine.LogType,object)
UnityEngine.Debug:LogError (object)
UnityEditor.EditorAssemblies:ProcessInitializeOnLoadMethodAttributes ()

Mono: successfully reloaded assembly
- Completed reload, in  1.317 seconds
Domain Reload Profiling:
	ReloadAssembly (1318ms)
		BeginReloadAssembly (146ms)
			ExecutionOrderSort (0ms)
			DisableScriptedObjects (4ms)
			BackupInstance (0ms)
			ReleaseScriptingObjects (0ms)
			CreateAndSetChildDomain (51ms)
		EndReloadAssembly (1088ms)
			LoadAssemblies (89ms)
			RebuildTransferFunctionScriptingTraits (0ms)
			SetupTypeCache (266ms)
			ReleaseScriptCaches (1ms)
			RebuildScriptCaches (57ms)
			SetupLoadedEditorAssemblies (624ms)
				LogAssemblyErrors (0ms)
				InitializePlatformSupportModulesInManaged (19ms)
				SetLoadedEditorAssemblies (1ms)
				RefreshPlugins (2ms)
				BeforeProcessingInitializeOnLoad (62ms)
				ProcessInitializeOnLoadAttributes (451ms)
				ProcessInitializeOnLoadMethodAttributes (80ms)
				AfterProcessingInitializeOnLoad (9ms)
				EditorAssembliesLoaded (0ms)
			ExecutionOrderSort2 (0ms)
			AwakeInstancesAfterBackupRestoration (6ms)
Platform modules already initialized, skipping
Refreshing native plugins compatible for Editor in 10.92 ms, found 28 plugins.
Preloading 1 native plugins for Editor in 0.13 ms.
Unloading 5875 Unused Serialized files (Serialized files now loaded: 0)
Unloading 105 unused Assets / (5.2 MB). Loaded Objects now: 6619.
Memory consumption went from 257.2 MB to 252.0 MB.
Total: 5.781800 ms (FindLiveObjects: 0.435700 ms CreateObjectMapping: 0.322200 ms MarkObjects: 3.769300 ms  DeleteObjects: 1.252900 ms)

AssetImportParameters requested are different than current active one (requested -> active):
  custom:video-decoder-ogg-theora: a1e56fd34408186e4bbccfd4996cb3dc -> 
  custom:container-muxer-webm: aa71ff27fc2769a1b78a27578f13a17b -> 
  custom:container-demuxer-webm: 4f35f7cbe854078d1ac9338744f61a02 -> 
  custom:video-encoder-webm-vp8: eb34c28f22e8b96e1ab97ce403110664 -> 
  custom:audio-encoder-webm-vorbis: bf7c407c2cedff20999df2af8eb42d56 -> 
  custom:framework-win-MediaFoundation: 216162199b28c13a410421893ffa2e32 -> 
  custom:container-demuxer-ogg: 62fdf1f143b41e24485cea50d1cbac27 -> 
  custom:video-decoder-webm-vp8: 9c59270c3fd7afecdb556c50c9e8de78 -> 
  custom:audio-decoder-ogg-vorbis: bf7c407c2cedff20999df2af8eb42d56 -> 
