Using pre-set license
Built from '2021.3/staging' branch; Version is '2021.3.5f1 (40eb3a945986) revision 4254522'; Using compiler version '192829333'; Build Type 'Release'
OS: 'Windows 11  (10.0.22621) 64bit Core' Language: 'en' Physical Memory: 32578 MB
BatchMode: 1, IsHumanControllingUs: 0, StartBugReporterOnCrash: 0, Is64bit: 1, IsPro: 1

COMMAND LINE ARGUMENTS:
C:\Program Files\Unity\Hub\Editor\2021.3.5f1\Editor\Unity.exe
-adb2
-batchMode
-noUpm
-name
AssetImportWorker2
-projectPath
D:/BONE-PHYSICS
-logFile
Logs/AssetImportWorker2.log
-srvPort
58701
Successfully changed project path to: D:/BONE-PHYSICS
D:/BONE-PHYSICS
[UnityMemory] Configuration Parameters - Can be set up in boot.config
    "memorysetup-bucket-allocator-granularity=16"
    "memorysetup-bucket-allocator-bucket-count=8"
    "memorysetup-bucket-allocator-block-size=33554432"
    "memorysetup-bucket-allocator-block-count=8"
    "memorysetup-main-allocator-block-size=16777216"
    "memorysetup-thread-allocator-block-size=16777216"
    "memorysetup-gfx-main-allocator-block-size=16777216"
    "memorysetup-gfx-thread-allocator-block-size=16777216"
    "memorysetup-cache-allocator-block-size=4194304"
    "memorysetup-typetree-allocator-block-size=2097152"
    "memorysetup-profiler-bucket-allocator-granularity=16"
    "memorysetup-profiler-bucket-allocator-bucket-count=8"
    "memorysetup-profiler-bucket-allocator-block-size=33554432"
    "memorysetup-profiler-bucket-allocator-block-count=8"
    "memorysetup-profiler-allocator-block-size=16777216"
    "memorysetup-profiler-editor-allocator-block-size=1048576"
    "memorysetup-temp-allocator-size-main=16777216"
    "memorysetup-job-temp-allocator-block-size=2097152"
    "memorysetup-job-temp-allocator-block-size-background=1048576"
    "memorysetup-job-temp-allocator-reduction-small-platforms=262144"
    "memorysetup-temp-allocator-size-background-worker=32768"
    "memorysetup-temp-allocator-size-job-worker=262144"
    "memorysetup-temp-allocator-size-preload-manager=33554432"
    "memorysetup-temp-allocator-size-nav-mesh-worker=65536"
    "memorysetup-temp-allocator-size-audio-worker=65536"
    "memorysetup-temp-allocator-size-cloud-worker=32768"
    "memorysetup-temp-allocator-size-gi-baking-worker=262144"
    "memorysetup-temp-allocator-size-gfx=262144"
Refreshing native plugins compatible for Editor in 200.28 ms, found 28 plugins.
Preloading 1 native plugins for Editor in 1.30 ms.
Initialize engine version: 2021.3.5f1 (40eb3a945986)
[Subsystems] Discovering subsystems at path C:/Program Files/Unity/Hub/Editor/2021.3.5f1/Editor/Data/Resources/UnitySubsystems
[Subsystems] Discovering subsystems at path D:/BONE-PHYSICS/Assets
GfxDevice: creating device client; threaded=0; jobified=0
Direct3D:
    Version:  Direct3D 11.0 [level 11.1]
    Renderer: NVIDIA GeForce RTX 3050 (ID=0x2507)
    Vendor:   NVIDIA
    VRAM:     8042 MB
    Driver:   31.0.15.5123
Shader 'SLZ/VoidBleed': fallback shader 'False' not found
Shader 'SLZ/ShadowOnly': fallback shader 'False' not found
Shader 'ZeroLab/VR_Dissolve': fallback shader '1' not found
Shader 'SLZ/VR_Triplanar': fallback shader '1' not found
Initialize mono
Mono path[0] = 'C:/Program Files/Unity/Hub/Editor/2021.3.5f1/Editor/Data/Managed'
Mono path[1] = 'C:/Program Files/Unity/Hub/Editor/2021.3.5f1/Editor/Data/MonoBleedingEdge/lib/mono/unityjit-win32'
Mono config path = 'C:/Program Files/Unity/Hub/Editor/2021.3.5f1/Editor/Data/MonoBleedingEdge/etc'
Using monoOptions --debugger-agent=transport=dt_socket,embedding=1,server=y,suspend=n,address=127.0.0.1:56352
Begin MonoManager ReloadAssembly
Registering precompiled unity dll's ...
Register platform support module: C:/Program Files/Unity/Hub/Editor/2021.3.5f1/Editor/Data/PlaybackEngines/AndroidPlayer/UnityEditor.Android.Extensions.dll
Register platform support module: C:/Program Files/Unity/Hub/Editor/2021.3.5f1/Editor/Data/PlaybackEngines/WindowsStandaloneSupport/UnityEditor.WindowsStandalone.Extensions.dll
Registered in 0.009053 seconds.
Native extension for WindowsStandalone target not found
Native extension for Android target not found
Refreshing native plugins compatible for Editor in 129.85 ms, found 28 plugins.
Preloading 1 native plugins for Editor in 0.15 ms.
Mono: successfully reloaded assembly
- Completed reload, in  0.707 seconds
Domain Reload Profiling:
	ReloadAssembly (708ms)
		BeginReloadAssembly (94ms)
			ExecutionOrderSort (0ms)
			DisableScriptedObjects (0ms)
			BackupInstance (0ms)
			ReleaseScriptingObjects (0ms)
			CreateAndSetChildDomain (1ms)
		EndReloadAssembly (497ms)
			LoadAssemblies (92ms)
			RebuildTransferFunctionScriptingTraits (0ms)
			SetupTypeCache (103ms)
			ReleaseScriptCaches (0ms)
			RebuildScriptCaches (22ms)
			SetupLoadedEditorAssemblies (316ms)
				LogAssemblyErrors (0ms)
				InitializePlatformSupportModulesInManaged (50ms)
				SetLoadedEditorAssemblies (0ms)
				RefreshPlugins (130ms)
				BeforeProcessingInitializeOnLoad (1ms)
				ProcessInitializeOnLoadAttributes (91ms)
				ProcessInitializeOnLoadMethodAttributes (43ms)
				AfterProcessingInitializeOnLoad (0ms)
				EditorAssembliesLoaded (0ms)
			ExecutionOrderSort2 (0ms)
			AwakeInstancesAfterBackupRestoration (0ms)
Platform modules already initialized, skipping
Registering precompiled user dll's ...
Registered in 0.013286 seconds.
Begin MonoManager ReloadAssembly
Native extension for WindowsStandalone target not found
Native extension for Android target not found
Refreshing native plugins compatible for Editor in 133.20 ms, found 28 plugins.
Preloading 1 native plugins for Editor in 0.05 ms.
Package Manager log level set to [2]
System.Reflection.TargetInvocationException: Exception has been thrown by the target of an invocation. ---> System.NullReferenceException: Object reference not set to an instance of an object
  at Unity.XR.Oculus.OculusLoader.AssetPathToAbsolutePath (System.String assetPath) [0x0003d] in D:\BONE-PHYSICS\Library\PackageCache\com.unity.xr.oculus@3.0.1\Runtime\OculusLoader.cs:257 
  at Unity.XR.Oculus.OculusLoader.EditorLoadOVRPlugin () [0x0007b] in D:\BONE-PHYSICS\Library\PackageCache\com.unity.xr.oculus@3.0.1\Runtime\OculusLoader.cs:242 
  at (wrapper managed-to-native) System.Reflection.RuntimeMethodInfo.InternalInvoke(System.Reflection.RuntimeMethodInfo,object,object[],System.Exception&)
  at System.Reflection.RuntimeMethodInfo.Invoke (System.Object obj, System.Reflection.BindingFlags invokeAttr, System.Reflection.Binder binder, System.Object[] parameters, System.Globalization.CultureInfo culture) [0x0006a] in <e40e5a8f982c4b618a930d29f9bd091c>:0 
   --- End of inner exception stack trace ---
  at System.Reflection.RuntimeMethodInfo.Invoke (System.Object obj, System.Reflection.BindingFlags invokeAttr, System.Reflection.Binder binder, System.Object[] parameters, System.Globalization.CultureInfo culture) [0x00083] in <e40e5a8f982c4b618a930d29f9bd091c>:0 
  at System.Reflection.MethodBase.Invoke (System.Object obj, System.Object[] parameters) [0x00000] in <e40e5a8f982c4b618a930d29f9bd091c>:0 
  at UnityEditor.EditorAssemblies.ProcessInitializeOnLoadMethodAttributes () [0x000a5] in <1f0be198f5164d2489de92f22c998266>:0 
UnityEngine.StackTraceUtility:ExtractStackTrace ()
UnityEngine.DebugLogHandler:LogFormat (UnityEngine.LogType,UnityEngine.Object,string,object[])
UnityEngine.Logger:Log (UnityEngine.LogType,object)
UnityEngine.Debug:LogError (object)
UnityEditor.EditorAssemblies:ProcessInitializeOnLoadMethodAttributes ()

Mono: successfully reloaded assembly
- Completed reload, in  1.692 seconds
Domain Reload Profiling:
	ReloadAssembly (1693ms)
		BeginReloadAssembly (213ms)
			ExecutionOrderSort (0ms)
			DisableScriptedObjects (5ms)
			BackupInstance (0ms)
			ReleaseScriptingObjects (0ms)
			CreateAndSetChildDomain (125ms)
		EndReloadAssembly (1371ms)
			LoadAssemblies (101ms)
			RebuildTransferFunctionScriptingTraits (0ms)
			SetupTypeCache (292ms)
			ReleaseScriptCaches (1ms)
			RebuildScriptCaches (103ms)
			SetupLoadedEditorAssemblies (828ms)
				LogAssemblyErrors (0ms)
				InitializePlatformSupportModulesInManaged (14ms)
				SetLoadedEditorAssemblies (0ms)
				RefreshPlugins (133ms)
				BeforeProcessingInitializeOnLoad (98ms)
				ProcessInitializeOnLoadAttributes (515ms)
				ProcessInitializeOnLoadMethodAttributes (57ms)
				AfterProcessingInitializeOnLoad (9ms)
				EditorAssembliesLoaded (0ms)
			ExecutionOrderSort2 (0ms)
			AwakeInstancesAfterBackupRestoration (6ms)
Platform modules already initialized, skipping
========================================================================
Worker process is ready to serve import requests
Shader 'SLZ/VR_Triplanar': fallback shader '1' not found
Shader 'SLZ/ShadowOnly': fallback shader 'False' not found
Shader 'ZeroLab/VR_Dissolve': fallback shader '1' not found
Shader 'SLZ/VoidBleed': fallback shader 'False' not found
Launched and connected shader compiler UnityShaderCompiler.exe after 0.08 seconds
Refreshing native plugins compatible for Editor in 1.65 ms, found 28 plugins.
Preloading 1 native plugins for Editor in 0.06 ms.
Unloading 6711 Unused Serialized files (Serialized files now loaded: 0)
Unloading 173 unused Assets / (2.5 MB). Loaded Objects now: 7088.
Memory consumption went from 318.6 MB to 316.2 MB.
Total: 5.264000 ms (FindLiveObjects: 0.533900 ms CreateObjectMapping: 0.406700 ms MarkObjects: 3.605400 ms  DeleteObjects: 0.716500 ms)

AssetImportParameters requested are different than current active one (requested -> active):
  custom:video-decoder-ogg-theora: a1e56fd34408186e4bbccfd4996cb3dc -> 
  custom:container-muxer-webm: aa71ff27fc2769a1b78a27578f13a17b -> 
  custom:container-demuxer-webm: 4f35f7cbe854078d1ac9338744f61a02 -> 
  custom:video-encoder-webm-vp8: eb34c28f22e8b96e1ab97ce403110664 -> 
  custom:audio-encoder-webm-vorbis: bf7c407c2cedff20999df2af8eb42d56 -> 
  custom:framework-win-MediaFoundation: 216162199b28c13a410421893ffa2e32 -> 
  custom:container-demuxer-ogg: 62fdf1f143b41e24485cea50d1cbac27 -> 
  custom:video-decoder-webm-vp8: 9c59270c3fd7afecdb556c50c9e8de78 -> 
  custom:audio-decoder-ogg-vorbis: bf7c407c2cedff20999df2af8eb42d56 -> 
========================================================================
Received Import Request.
  Time since last request: 190606.990940 seconds.
  path: Assets/HurricaneVR/TechDemo/Prefabs/BackpackInventorySlot.prefab
  artifactKey: Guid(9c9b0b9371709014197c4cbcb83f2a4c) Importer(815301076,1909f56bfc062723c751e8b465ee728b)
Start importing Assets/HurricaneVR/TechDemo/Prefabs/BackpackInventorySlot.prefab using Guid(9c9b0b9371709014197c4cbcb83f2a4c) Importer(815301076,1909f56bfc062723c751e8b465ee728b)  -> (artifact id: '00f4e1dd257ab77d826ab0815011f5e8') in 0.111386 seconds 
========================================================================
Received Import Request.
  Time since last request: 1.382886 seconds.
  path: Assets/Plugins/RootMotion/Shared Demo Assets/Scripts/Misc/SlowMo.cs
  artifactKey: Guid(1a3904f1ea7c846159c7892541ba85cd) Importer(815301076,1909f56bfc062723c751e8b465ee728b)
Start importing Assets/Plugins/RootMotion/Shared Demo Assets/Scripts/Misc/SlowMo.cs using Guid(1a3904f1ea7c846159c7892541ba85cd) Importer(815301076,1909f56bfc062723c751e8b465ee728b)  -> (artifact id: '2b1c4a83b19211f6b16b2db73c70a64d') in 0.029818 seconds 
========================================================================
Received Import Request.
  Time since last request: 49.030921 seconds.
  path: Assets/Plugins/RootMotion/Shared Demo Assets/Props
  artifactKey: Guid(d0aef2dfb24394962976427abc4fee03) Importer(815301076,1909f56bfc062723c751e8b465ee728b)
Start importing Assets/Plugins/RootMotion/Shared Demo Assets/Props using Guid(d0aef2dfb24394962976427abc4fee03) Importer(815301076,1909f56bfc062723c751e8b465ee728b)  -> (artifact id: '615dad296296914c2bdd2d68eb4d6d36') in 0.004555 seconds 
========================================================================
Received Import Request.
  Time since last request: 1.412557 seconds.
  path: Assets/Plugins/RootMotion/Shared Demo Assets/Props/MP-40
  artifactKey: Guid(a359f18c68dbc4f2b817add0cd8cbcdb) Importer(815301076,1909f56bfc062723c751e8b465ee728b)
Start importing Assets/Plugins/RootMotion/Shared Demo Assets/Props/MP-40 using Guid(a359f18c68dbc4f2b817add0cd8cbcdb) Importer(815301076,1909f56bfc062723c751e8b465ee728b)  -> (artifact id: '44bb0426bcbc294251f67d612c7bf3ca') in 0.004574 seconds 
========================================================================
Received Import Request.
  Time since last request: 0.058325 seconds.
  path: Assets/Plugins/RootMotion/Shared Demo Assets/Props/MP-40/MP-40.FBX
  artifactKey: Guid(7a30e2e74b2c24169a1b8eb71cf56878) Importer(815301076,1909f56bfc062723c751e8b465ee728b)
Start importing Assets/Plugins/RootMotion/Shared Demo Assets/Props/MP-40/MP-40.FBX using Guid(7a30e2e74b2c24169a1b8eb71cf56878) Importer(815301076,1909f56bfc062723c751e8b465ee728b)  -> (artifact id: '902b0992c44cbdf130a5c2c2e6d10715') in 0.046377 seconds 
========================================================================
Received Import Request.
  Time since last request: 2.607824 seconds.
  path: Assets/Plugins/RootMotion/Shared Demo Assets/Props/Prefabs
  artifactKey: Guid(36b6e0e8da3804150816c18e0cdc37eb) Importer(815301076,1909f56bfc062723c751e8b465ee728b)
Start importing Assets/Plugins/RootMotion/Shared Demo Assets/Props/Prefabs using Guid(36b6e0e8da3804150816c18e0cdc37eb) Importer(815301076,1909f56bfc062723c751e8b465ee728b)  -> (artifact id: '2fa80fe390c61e1d56bc562b5b877d64') in 0.004308 seconds 
========================================================================
Received Import Request.
  Time since last request: 0.045559 seconds.
  path: Assets/Plugins/RootMotion/Shared Demo Assets/Props/Prefabs/M4.prefab
  artifactKey: Guid(5bfa9baba3ddb4460990c4c924f97919) Importer(815301076,1909f56bfc062723c751e8b465ee728b)
Start importing Assets/Plugins/RootMotion/Shared Demo Assets/Props/Prefabs/M4.prefab using Guid(5bfa9baba3ddb4460990c4c924f97919) Importer(815301076,1909f56bfc062723c751e8b465ee728b)  -> (artifact id: 'f595e90d303263d4b98bf67f0b34617a') in 0.106655 seconds 
========================================================================
Received Import Request.
  Time since last request: 13.237925 seconds.
  path: Assets/Plugins/RootMotion/Shared Demo Assets/Props/M4
  artifactKey: Guid(da7bb66d5c28b4ab0929f605c66bfa44) Importer(815301076,1909f56bfc062723c751e8b465ee728b)
Start importing Assets/Plugins/RootMotion/Shared Demo Assets/Props/M4 using Guid(da7bb66d5c28b4ab0929f605c66bfa44) Importer(815301076,1909f56bfc062723c751e8b465ee728b)  -> (artifact id: '1d7c01a8e6c578b9d087af16b2197554') in 0.003555 seconds 
========================================================================
Received Import Request.
  Time since last request: 0.043158 seconds.
  path: Assets/Plugins/RootMotion/Shared Demo Assets/Props/M4/M4.fbx
  artifactKey: Guid(7350c439920074a58a63ca710c013777) Importer(815301076,1909f56bfc062723c751e8b465ee728b)
Start importing Assets/Plugins/RootMotion/Shared Demo Assets/Props/M4/M4.fbx using Guid(7350c439920074a58a63ca710c013777) Importer(815301076,1909f56bfc062723c751e8b465ee728b)  -> (artifact id: '004b079c3bcf8a73ef64d183867faa57') in 0.017531 seconds 
========================================================================
Received Import Request.
  Time since last request: 1.641431 seconds.
  path: Assets/Plugins/RootMotion/Shared Demo Assets/Props/M4/Materials
  artifactKey: Guid(4cb409cf91ed34dad99d5d01b2f5947c) Importer(815301076,1909f56bfc062723c751e8b465ee728b)
Start importing Assets/Plugins/RootMotion/Shared Demo Assets/Props/M4/Materials using Guid(4cb409cf91ed34dad99d5d01b2f5947c) Importer(815301076,1909f56bfc062723c751e8b465ee728b)  -> (artifact id: '46328cf34e4c79cc4e2aa15f06b434c7') in 0.003844 seconds 
========================================================================
Received Import Request.
  Time since last request: 1.417527 seconds.
  path: Assets/Plugins/RootMotion/Shared Demo Assets/Props/M4/Textures
  artifactKey: Guid(87deba4ab170844339809338b93a562d) Importer(815301076,1909f56bfc062723c751e8b465ee728b)
Start importing Assets/Plugins/RootMotion/Shared Demo Assets/Props/M4/Textures using Guid(87deba4ab170844339809338b93a562d) Importer(815301076,1909f56bfc062723c751e8b465ee728b)  -> (artifact id: 'b15c68511d9e6bc453ea076bcb6648a3') in 0.004318 seconds 
========================================================================
Received Import Request.
  Time since last request: 2.351162 seconds.
  path: Assets/Plugins/RootMotion/PuppetMaster
  artifactKey: Guid(96b187132b9a544c8a08d5b29323cc10) Importer(815301076,1909f56bfc062723c751e8b465ee728b)
Start importing Assets/Plugins/RootMotion/PuppetMaster using Guid(96b187132b9a544c8a08d5b29323cc10) Importer(815301076,1909f56bfc062723c751e8b465ee728b)  -> (artifact id: '5c3de9e24e61cd907421065de9838a6b') in 0.003926 seconds 
========================================================================
Received Import Request.
  Time since last request: 3.446937 seconds.
  path: Assets/Plugins/RootMotion/PuppetMaster/Prefabs
  artifactKey: Guid(87baf8fa5423a4a34a8b37e2daeb126b) Importer(815301076,1909f56bfc062723c751e8b465ee728b)
Start importing Assets/Plugins/RootMotion/PuppetMaster/Prefabs using Guid(87baf8fa5423a4a34a8b37e2daeb126b) Importer(815301076,1909f56bfc062723c751e8b465ee728b)  -> (artifact id: '9cc659c4e210efb1c83a830b0d9822ba') in 0.003354 seconds 
========================================================================
Received Import Request.
  Time since last request: 0.966068 seconds.
  path: Assets/Plugins/RootMotion/PuppetMaster/Prefabs/Behaviours
  artifactKey: Guid(1dff093be4db04b4598ba83e34059d41) Importer(815301076,1909f56bfc062723c751e8b465ee728b)
Start importing Assets/Plugins/RootMotion/PuppetMaster/Prefabs/Behaviours using Guid(1dff093be4db04b4598ba83e34059d41) Importer(815301076,1909f56bfc062723c751e8b465ee728b)  -> (artifact id: 'c99c6f4061c626a8c2083f268f05c666') in 0.003461 seconds 
========================================================================
Received Import Request.
  Time since last request: 0.056539 seconds.
  path: Assets/Plugins/RootMotion/PuppetMaster/Prefabs/Behaviours/Fall.prefab
  artifactKey: Guid(1549100322cdb4b80b441323f4142fce) Importer(815301076,1909f56bfc062723c751e8b465ee728b)
Start importing Assets/Plugins/RootMotion/PuppetMaster/Prefabs/Behaviours/Fall.prefab using Guid(1549100322cdb4b80b441323f4142fce) Importer(815301076,1909f56bfc062723c751e8b465ee728b)  -> (artifact id: '347ea85c76cd7a3575344d58b9f69071') in 0.007952 seconds 
========================================================================
Received Import Request.
  Time since last request: 0.000020 seconds.
  path: Assets/Plugins/RootMotion/PuppetMaster/Prefabs/Behaviours/Puppet.prefab
  artifactKey: Guid(e19ae6787d767d749b846a5901016165) Importer(815301076,1909f56bfc062723c751e8b465ee728b)
Start importing Assets/Plugins/RootMotion/PuppetMaster/Prefabs/Behaviours/Puppet.prefab using Guid(e19ae6787d767d749b846a5901016165) Importer(815301076,1909f56bfc062723c751e8b465ee728b)  -> (artifact id: '3a0bb72303028c4800ce4f25c0d48b85') in 0.010545 seconds 
========================================================================
Received Import Request.
  Time since last request: 8.702268 seconds.
  path: Assets/Plugins/RootMotion/PuppetMaster/DoxygenManualPuppetMaster.cs
  artifactKey: Guid(7dd9c3221309c480d990fa8a4cb04dc9) Importer(815301076,1909f56bfc062723c751e8b465ee728b)
Start importing Assets/Plugins/RootMotion/PuppetMaster/DoxygenManualPuppetMaster.cs using Guid(7dd9c3221309c480d990fa8a4cb04dc9) Importer(815301076,1909f56bfc062723c751e8b465ee728b)  -> (artifact id: '13f4336502ac7bb7f5dcb04079e8f398') in 0.004602 seconds 
========================================================================
Received Import Request.
  Time since last request: 2.661628 seconds.
  path: Assets/Plugins/RootMotion/PuppetMaster/_DEMOS
  artifactKey: Guid(b0761b2bc7dd440cfa10ffae0e7d8cb2) Importer(815301076,1909f56bfc062723c751e8b465ee728b)
Start importing Assets/Plugins/RootMotion/PuppetMaster/_DEMOS using Guid(b0761b2bc7dd440cfa10ffae0e7d8cb2) Importer(815301076,1909f56bfc062723c751e8b465ee728b)  -> (artifact id: '231c625799e80fb4ade98252e8e14b4e') in 0.004094 seconds 
========================================================================
Received Import Request.
  Time since last request: 2.590826 seconds.
  path: Assets/Plugins/RootMotion/PuppetMaster/_DEMOS/Creating Puppets In Runtime.unity
  artifactKey: Guid(db4bff716644f41ac9a476b758cd268e) Importer(815301076,1909f56bfc062723c751e8b465ee728b)
Start importing Assets/Plugins/RootMotion/PuppetMaster/_DEMOS/Creating Puppets In Runtime.unity using Guid(db4bff716644f41ac9a476b758cd268e) Importer(815301076,1909f56bfc062723c751e8b465ee728b)  -> (artifact id: '94272cf2323ec93d45c4abe4b28f74af') in 0.005162 seconds 
========================================================================
Received Import Request.
  Time since last request: 0.560156 seconds.
  path: Assets/Plugins/RootMotion/PuppetMaster/_DEMOS/NavMeshAgent.unity
  artifactKey: Guid(3b2499df0a36f124aa2230899757587b) Importer(815301076,1909f56bfc062723c751e8b465ee728b)
Start importing Assets/Plugins/RootMotion/PuppetMaster/_DEMOS/NavMeshAgent.unity using Guid(3b2499df0a36f124aa2230899757587b) Importer(815301076,1909f56bfc062723c751e8b465ee728b)  -> (artifact id: '675a68f3e876c7d3dff7dfd80316107c') in 0.004154 seconds 
========================================================================
Received Prepare
Registering precompiled user dll's ...
Registered in 0.016725 seconds.
Begin MonoManager ReloadAssembly
Native extension for WindowsStandalone target not found
Native extension for Android target not found
Refreshing native plugins compatible for Editor in 1.88 ms, found 28 plugins.
Preloading 1 native plugins for Editor in 0.05 ms.
System.Reflection.TargetInvocationException: Exception has been thrown by the target of an invocation. ---> System.NullReferenceException: Object reference not set to an instance of an object
  at Unity.XR.Oculus.OculusLoader.AssetPathToAbsolutePath (System.String assetPath) [0x0003d] in D:\BONE-PHYSICS\Library\PackageCache\com.unity.xr.oculus@3.0.1\Runtime\OculusLoader.cs:257 
  at Unity.XR.Oculus.OculusLoader.EditorLoadOVRPlugin () [0x0007b] in D:\BONE-PHYSICS\Library\PackageCache\com.unity.xr.oculus@3.0.1\Runtime\OculusLoader.cs:242 
  at (wrapper managed-to-native) System.Reflection.RuntimeMethodInfo.InternalInvoke(System.Reflection.RuntimeMethodInfo,object,object[],System.Exception&)
  at System.Reflection.RuntimeMethodInfo.Invoke (System.Object obj, System.Reflection.BindingFlags invokeAttr, System.Reflection.Binder binder, System.Object[] parameters, System.Globalization.CultureInfo culture) [0x0006a] in <e40e5a8f982c4b618a930d29f9bd091c>:0 
   --- End of inner exception stack trace ---
  at System.Reflection.RuntimeMethodInfo.Invoke (System.Object obj, System.Reflection.BindingFlags invokeAttr, System.Reflection.Binder binder, System.Object[] parameters, System.Globalization.CultureInfo culture) [0x00083] in <e40e5a8f982c4b618a930d29f9bd091c>:0 
  at System.Reflection.MethodBase.Invoke (System.Object obj, System.Object[] parameters) [0x00000] in <e40e5a8f982c4b618a930d29f9bd091c>:0 
  at UnityEditor.EditorAssemblies.ProcessInitializeOnLoadMethodAttributes () [0x000a5] in <1f0be198f5164d2489de92f22c998266>:0 
UnityEngine.StackTraceUtility:ExtractStackTrace ()
UnityEngine.DebugLogHandler:LogFormat (UnityEngine.LogType,UnityEngine.Object,string,object[])
UnityEngine.Logger:Log (UnityEngine.LogType,object)
UnityEngine.Debug:LogError (object)
UnityEditor.EditorAssemblies:ProcessInitializeOnLoadMethodAttributes ()

Mono: successfully reloaded assembly
- Completed reload, in  2.041 seconds
Domain Reload Profiling:
	ReloadAssembly (2042ms)
		BeginReloadAssembly (223ms)
			ExecutionOrderSort (0ms)
			DisableScriptedObjects (5ms)
			BackupInstance (0ms)
			ReleaseScriptingObjects (0ms)
			CreateAndSetChildDomain (50ms)
		EndReloadAssembly (1640ms)
			LoadAssemblies (135ms)
			RebuildTransferFunctionScriptingTraits (0ms)
			SetupTypeCache (416ms)
			ReleaseScriptCaches (2ms)
			RebuildScriptCaches (92ms)
			SetupLoadedEditorAssemblies (913ms)
				LogAssemblyErrors (0ms)
				InitializePlatformSupportModulesInManaged (31ms)
				SetLoadedEditorAssemblies (0ms)
				RefreshPlugins (2ms)
				BeforeProcessingInitializeOnLoad (93ms)
				ProcessInitializeOnLoadAttributes (690ms)
				ProcessInitializeOnLoadMethodAttributes (79ms)
				AfterProcessingInitializeOnLoad (16ms)
				EditorAssembliesLoaded (0ms)
			ExecutionOrderSort2 (0ms)
			AwakeInstancesAfterBackupRestoration (8ms)
Platform modules already initialized, skipping
Shader 'SLZ/VR_Triplanar': fallback shader '1' not found
Shader 'SLZ/ShadowOnly': fallback shader 'False' not found
Shader 'ZeroLab/VR_Dissolve': fallback shader '1' not found
Shader 'SLZ/VoidBleed': fallback shader 'False' not found
Refreshing native plugins compatible for Editor in 9.99 ms, found 28 plugins.
Preloading 1 native plugins for Editor in 0.05 ms.
Unloading 6299 Unused Serialized files (Serialized files now loaded: 0)
Unloading 163 unused Assets / (2.4 MB). Loaded Objects now: 7102.
Memory consumption went from 283.7 MB to 281.3 MB.
Total: 5.510600 ms (FindLiveObjects: 0.485900 ms CreateObjectMapping: 0.227900 ms MarkObjects: 3.554200 ms  DeleteObjects: 1.241500 ms)

AssetImportParameters requested are different than current active one (requested -> active):
  custom:video-decoder-ogg-theora: a1e56fd34408186e4bbccfd4996cb3dc -> 
  custom:container-muxer-webm: aa71ff27fc2769a1b78a27578f13a17b -> 
  custom:container-demuxer-webm: 4f35f7cbe854078d1ac9338744f61a02 -> 
  custom:video-encoder-webm-vp8: eb34c28f22e8b96e1ab97ce403110664 -> 
  custom:audio-encoder-webm-vorbis: bf7c407c2cedff20999df2af8eb42d56 -> 
  custom:framework-win-MediaFoundation: 216162199b28c13a410421893ffa2e32 -> 
  custom:container-demuxer-ogg: 62fdf1f143b41e24485cea50d1cbac27 -> 
  custom:video-decoder-webm-vp8: 9c59270c3fd7afecdb556c50c9e8de78 -> 
  custom:audio-decoder-ogg-vorbis: bf7c407c2cedff20999df2af8eb42d56 -> 
========================================================================
Received Import Request.
  Time since last request: 49.546048 seconds.
  path: Assets/Plugins/RootMotion/PuppetMaster/_DEMOS/RigidbodyController.unity
  artifactKey: Guid(b57dbb46d93ff904a8da50384907ae3e) Importer(815301076,1909f56bfc062723c751e8b465ee728b)
Start importing Assets/Plugins/RootMotion/PuppetMaster/_DEMOS/RigidbodyController.unity using Guid(b57dbb46d93ff904a8da50384907ae3e) Importer(815301076,1909f56bfc062723c751e8b465ee728b)  -> (artifact id: '7c43a35e486898846be6386f695c8969') in 0.015363 seconds 
========================================================================
Received Import Request.
  Time since last request: 4.100364 seconds.
  path: Assets/Plugins/RootMotion/PuppetMaster/_DEMOS/Basic.unity
  artifactKey: Guid(9bb9ed83b41c348ad8b6f07cdd160700) Importer(815301076,1909f56bfc062723c751e8b465ee728b)
Start importing Assets/Plugins/RootMotion/PuppetMaster/_DEMOS/Basic.unity using Guid(9bb9ed83b41c348ad8b6f07cdd160700) Importer(815301076,1909f56bfc062723c751e8b465ee728b)  -> (artifact id: 'b7da99fb1c4ca38ec0a06b083528738e') in 0.004374 seconds 
========================================================================
Received Import Request.
  Time since last request: 2.600230 seconds.
  path: Assets/Plugins/RootMotion/PuppetMaster/_DEMOS/Creating Ragdolls In Runtime.unity
  artifactKey: Guid(41748357290d0413b84cf60946704c65) Importer(815301076,1909f56bfc062723c751e8b465ee728b)
Start importing Assets/Plugins/RootMotion/PuppetMaster/_DEMOS/Creating Ragdolls In Runtime.unity using Guid(41748357290d0413b84cf60946704c65) Importer(815301076,1909f56bfc062723c751e8b465ee728b)  -> (artifact id: 'f73190357bb61a5b790996ce8211542f') in 0.003745 seconds 
========================================================================
Received Import Request.
  Time since last request: 3.852358 seconds.
  path: Assets/Plugins/RootMotion/PuppetMaster/_DEMOS/Death Procedures.unity
  artifactKey: Guid(bb2b138f0221b42338ac6ad34ed30dd4) Importer(815301076,1909f56bfc062723c751e8b465ee728b)
Start importing Assets/Plugins/RootMotion/PuppetMaster/_DEMOS/Death Procedures.unity using Guid(bb2b138f0221b42338ac6ad34ed30dd4) Importer(815301076,1909f56bfc062723c751e8b465ee728b)  -> (artifact id: '0bedc512ea4034ec3eafa1dbb9bbf5f1') in 0.004220 seconds 
========================================================================
Received Import Request.
  Time since last request: 2.597499 seconds.
  path: Assets/Plugins/RootMotion/PuppetMaster/_DEMOS/Disconnecting Muscles.unity
  artifactKey: Guid(90a0b80368cf70441a1681e8d803104d) Importer(815301076,1909f56bfc062723c751e8b465ee728b)
Start importing Assets/Plugins/RootMotion/PuppetMaster/_DEMOS/Disconnecting Muscles.unity using Guid(90a0b80368cf70441a1681e8d803104d) Importer(815301076,1909f56bfc062723c751e8b465ee728b)  -> (artifact id: '2a905b7e04422d8d717ac73b74d11260') in 0.004541 seconds 
========================================================================
Received Prepare
Registering precompiled user dll's ...
Registered in 0.011617 seconds.
Begin MonoManager ReloadAssembly
Native extension for WindowsStandalone target not found
Native extension for Android target not found
Refreshing native plugins compatible for Editor in 1.29 ms, found 28 plugins.
Preloading 1 native plugins for Editor in 0.05 ms.
System.Reflection.TargetInvocationException: Exception has been thrown by the target of an invocation. ---> System.NullReferenceException: Object reference not set to an instance of an object
  at Unity.XR.Oculus.OculusLoader.AssetPathToAbsolutePath (System.String assetPath) [0x0003d] in D:\BONE-PHYSICS\Library\PackageCache\com.unity.xr.oculus@3.0.1\Runtime\OculusLoader.cs:257 
  at Unity.XR.Oculus.OculusLoader.EditorLoadOVRPlugin () [0x0007b] in D:\BONE-PHYSICS\Library\PackageCache\com.unity.xr.oculus@3.0.1\Runtime\OculusLoader.cs:242 
  at (wrapper managed-to-native) System.Reflection.RuntimeMethodInfo.InternalInvoke(System.Reflection.RuntimeMethodInfo,object,object[],System.Exception&)
  at System.Reflection.RuntimeMethodInfo.Invoke (System.Object obj, System.Reflection.BindingFlags invokeAttr, System.Reflection.Binder binder, System.Object[] parameters, System.Globalization.CultureInfo culture) [0x0006a] in <e40e5a8f982c4b618a930d29f9bd091c>:0 
   --- End of inner exception stack trace ---
  at System.Reflection.RuntimeMethodInfo.Invoke (System.Object obj, System.Reflection.BindingFlags invokeAttr, System.Reflection.Binder binder, System.Object[] parameters, System.Globalization.CultureInfo culture) [0x00083] in <e40e5a8f982c4b618a930d29f9bd091c>:0 
  at System.Reflection.MethodBase.Invoke (System.Object obj, System.Object[] parameters) [0x00000] in <e40e5a8f982c4b618a930d29f9bd091c>:0 
  at UnityEditor.EditorAssemblies.ProcessInitializeOnLoadMethodAttributes () [0x000a5] in <1f0be198f5164d2489de92f22c998266>:0 
UnityEngine.StackTraceUtility:ExtractStackTrace ()
UnityEngine.DebugLogHandler:LogFormat (UnityEngine.LogType,UnityEngine.Object,string,object[])
UnityEngine.Logger:Log (UnityEngine.LogType,object)
UnityEngine.Debug:LogError (object)
UnityEditor.EditorAssemblies:ProcessInitializeOnLoadMethodAttributes ()

Mono: successfully reloaded assembly
- Completed reload, in  1.434 seconds
Domain Reload Profiling:
	ReloadAssembly (1435ms)
		BeginReloadAssembly (142ms)
			ExecutionOrderSort (0ms)
			DisableScriptedObjects (4ms)
			BackupInstance (0ms)
			ReleaseScriptingObjects (0ms)
			CreateAndSetChildDomain (43ms)
		EndReloadAssembly (1189ms)
			LoadAssemblies (108ms)
			RebuildTransferFunctionScriptingTraits (0ms)
			SetupTypeCache (287ms)
			ReleaseScriptCaches (2ms)
			RebuildScriptCaches (69ms)
			SetupLoadedEditorAssemblies (656ms)
				LogAssemblyErrors (0ms)
				InitializePlatformSupportModulesInManaged (21ms)
				SetLoadedEditorAssemblies (0ms)
				RefreshPlugins (1ms)
				BeforeProcessingInitializeOnLoad (104ms)
				ProcessInitializeOnLoadAttributes (463ms)
				ProcessInitializeOnLoadMethodAttributes (54ms)
				AfterProcessingInitializeOnLoad (12ms)
				EditorAssembliesLoaded (0ms)
			ExecutionOrderSort2 (0ms)
			AwakeInstancesAfterBackupRestoration (8ms)
Platform modules already initialized, skipping
Shader 'SLZ/VR_Triplanar': fallback shader '1' not found
Shader 'SLZ/ShadowOnly': fallback shader 'False' not found
Shader 'ZeroLab/VR_Dissolve': fallback shader '1' not found
Shader 'SLZ/VoidBleed': fallback shader 'False' not found
Refreshing native plugins compatible for Editor in 7.35 ms, found 28 plugins.
Preloading 1 native plugins for Editor in 0.04 ms.
Unloading 6299 Unused Serialized files (Serialized files now loaded: 0)
Unloading 163 unused Assets / (2.4 MB). Loaded Objects now: 7106.
Memory consumption went from 283.7 MB to 281.3 MB.
Total: 4.465200 ms (FindLiveObjects: 0.444500 ms CreateObjectMapping: 0.254600 ms MarkObjects: 2.855200 ms  DeleteObjects: 0.910000 ms)

AssetImportParameters requested are different than current active one (requested -> active):
  custom:video-decoder-ogg-theora: a1e56fd34408186e4bbccfd4996cb3dc -> 
  custom:container-muxer-webm: aa71ff27fc2769a1b78a27578f13a17b -> 
  custom:container-demuxer-webm: 4f35f7cbe854078d1ac9338744f61a02 -> 
  custom:video-encoder-webm-vp8: eb34c28f22e8b96e1ab97ce403110664 -> 
  custom:audio-encoder-webm-vorbis: bf7c407c2cedff20999df2af8eb42d56 -> 
  custom:framework-win-MediaFoundation: 216162199b28c13a410421893ffa2e32 -> 
  custom:container-demuxer-ogg: 62fdf1f143b41e24485cea50d1cbac27 -> 
  custom:video-decoder-webm-vp8: 9c59270c3fd7afecdb556c50c9e8de78 -> 
  custom:audio-decoder-ogg-vorbis: bf7c407c2cedff20999df2af8eb42d56 -> 
========================================================================
Received Prepare
Registering precompiled user dll's ...
Registered in 0.010915 seconds.
Begin MonoManager ReloadAssembly
Native extension for WindowsStandalone target not found
Native extension for Android target not found
Refreshing native plugins compatible for Editor in 1.18 ms, found 28 plugins.
Preloading 1 native plugins for Editor in 0.05 ms.
System.Reflection.TargetInvocationException: Exception has been thrown by the target of an invocation. ---> System.NullReferenceException: Object reference not set to an instance of an object
  at Unity.XR.Oculus.OculusLoader.AssetPathToAbsolutePath (System.String assetPath) [0x0003d] in D:\BONE-PHYSICS\Library\PackageCache\com.unity.xr.oculus@3.0.1\Runtime\OculusLoader.cs:257 
  at Unity.XR.Oculus.OculusLoader.EditorLoadOVRPlugin () [0x0007b] in D:\BONE-PHYSICS\Library\PackageCache\com.unity.xr.oculus@3.0.1\Runtime\OculusLoader.cs:242 
  at (wrapper managed-to-native) System.Reflection.RuntimeMethodInfo.InternalInvoke(System.Reflection.RuntimeMethodInfo,object,object[],System.Exception&)
  at System.Reflection.RuntimeMethodInfo.Invoke (System.Object obj, System.Reflection.BindingFlags invokeAttr, System.Reflection.Binder binder, System.Object[] parameters, System.Globalization.CultureInfo culture) [0x0006a] in <e40e5a8f982c4b618a930d29f9bd091c>:0 
   --- End of inner exception stack trace ---
  at System.Reflection.RuntimeMethodInfo.Invoke (System.Object obj, System.Reflection.BindingFlags invokeAttr, System.Reflection.Binder binder, System.Object[] parameters, System.Globalization.CultureInfo culture) [0x00083] in <e40e5a8f982c4b618a930d29f9bd091c>:0 
  at System.Reflection.MethodBase.Invoke (System.Object obj, System.Object[] parameters) [0x00000] in <e40e5a8f982c4b618a930d29f9bd091c>:0 
  at UnityEditor.EditorAssemblies.ProcessInitializeOnLoadMethodAttributes () [0x000a5] in <1f0be198f5164d2489de92f22c998266>:0 
UnityEngine.StackTraceUtility:ExtractStackTrace ()
UnityEngine.DebugLogHandler:LogFormat (UnityEngine.LogType,UnityEngine.Object,string,object[])
UnityEngine.Logger:Log (UnityEngine.LogType,object)
UnityEngine.Debug:LogError (object)
UnityEditor.EditorAssemblies:ProcessInitializeOnLoadMethodAttributes ()

Mono: successfully reloaded assembly
- Completed reload, in  1.448 seconds
Domain Reload Profiling:
	ReloadAssembly (1449ms)
		BeginReloadAssembly (147ms)
			ExecutionOrderSort (0ms)
			DisableScriptedObjects (4ms)
			BackupInstance (0ms)
			ReleaseScriptingObjects (0ms)
			CreateAndSetChildDomain (43ms)
		EndReloadAssembly (1199ms)
			LoadAssemblies (105ms)
			RebuildTransferFunctionScriptingTraits (0ms)
			SetupTypeCache (303ms)
			ReleaseScriptCaches (2ms)
			RebuildScriptCaches (93ms)
			SetupLoadedEditorAssemblies (636ms)
				LogAssemblyErrors (0ms)
				InitializePlatformSupportModulesInManaged (24ms)
				SetLoadedEditorAssemblies (1ms)
				RefreshPlugins (1ms)
				BeforeProcessingInitializeOnLoad (71ms)
				ProcessInitializeOnLoadAttributes (481ms)
				ProcessInitializeOnLoadMethodAttributes (48ms)
				AfterProcessingInitializeOnLoad (10ms)
				EditorAssembliesLoaded (0ms)
			ExecutionOrderSort2 (0ms)
			AwakeInstancesAfterBackupRestoration (6ms)
Platform modules already initialized, skipping
Shader 'SLZ/VR_Triplanar': fallback shader '1' not found
Shader 'SLZ/ShadowOnly': fallback shader 'False' not found
Shader 'ZeroLab/VR_Dissolve': fallback shader '1' not found
Shader 'SLZ/VoidBleed': fallback shader 'False' not found
Refreshing native plugins compatible for Editor in 6.54 ms, found 28 plugins.
Preloading 1 native plugins for Editor in 0.05 ms.
Unloading 6299 Unused Serialized files (Serialized files now loaded: 0)
Unloading 163 unused Assets / (2.4 MB). Loaded Objects now: 7110.
Memory consumption went from 283.8 MB to 281.3 MB.
Total: 4.142100 ms (FindLiveObjects: 0.345100 ms CreateObjectMapping: 0.204500 ms MarkObjects: 2.672800 ms  DeleteObjects: 0.918700 ms)

AssetImportParameters requested are different than current active one (requested -> active):
  custom:video-decoder-ogg-theora: a1e56fd34408186e4bbccfd4996cb3dc -> 
  custom:container-muxer-webm: aa71ff27fc2769a1b78a27578f13a17b -> 
  custom:container-demuxer-webm: 4f35f7cbe854078d1ac9338744f61a02 -> 
  custom:video-encoder-webm-vp8: eb34c28f22e8b96e1ab97ce403110664 -> 
  custom:audio-encoder-webm-vorbis: bf7c407c2cedff20999df2af8eb42d56 -> 
  custom:framework-win-MediaFoundation: 216162199b28c13a410421893ffa2e32 -> 
  custom:container-demuxer-ogg: 62fdf1f143b41e24485cea50d1cbac27 -> 
  custom:video-decoder-webm-vp8: 9c59270c3fd7afecdb556c50c9e8de78 -> 
  custom:audio-decoder-ogg-vorbis: bf7c407c2cedff20999df2af8eb42d56 -> 
========================================================================
Received Import Request.
  Time since last request: 128.792795 seconds.
  path: Assets/Plugins/RootMotion/PuppetMaster/_DEMOS/Melee.unity
  artifactKey: Guid(851710498fa6141ee84d098b2aee80f5) Importer(815301076,1909f56bfc062723c751e8b465ee728b)
Start importing Assets/Plugins/RootMotion/PuppetMaster/_DEMOS/Melee.unity using Guid(851710498fa6141ee84d098b2aee80f5) Importer(815301076,1909f56bfc062723c751e8b465ee728b)  -> (artifact id: '9461031443273a6d2b20ca9293019ab4') in 0.012424 seconds 
========================================================================
Received Prepare
Registering precompiled user dll's ...
Registered in 0.010671 seconds.
Begin MonoManager ReloadAssembly
Native extension for WindowsStandalone target not found
Native extension for Android target not found
Refreshing native plugins compatible for Editor in 1.32 ms, found 28 plugins.
Preloading 1 native plugins for Editor in 0.07 ms.
System.Reflection.TargetInvocationException: Exception has been thrown by the target of an invocation. ---> System.NullReferenceException: Object reference not set to an instance of an object
  at Unity.XR.Oculus.OculusLoader.AssetPathToAbsolutePath (System.String assetPath) [0x0003d] in D:\BONE-PHYSICS\Library\PackageCache\com.unity.xr.oculus@3.0.1\Runtime\OculusLoader.cs:257 
  at Unity.XR.Oculus.OculusLoader.EditorLoadOVRPlugin () [0x0007b] in D:\BONE-PHYSICS\Library\PackageCache\com.unity.xr.oculus@3.0.1\Runtime\OculusLoader.cs:242 
  at (wrapper managed-to-native) System.Reflection.RuntimeMethodInfo.InternalInvoke(System.Reflection.RuntimeMethodInfo,object,object[],System.Exception&)
  at System.Reflection.RuntimeMethodInfo.Invoke (System.Object obj, System.Reflection.BindingFlags invokeAttr, System.Reflection.Binder binder, System.Object[] parameters, System.Globalization.CultureInfo culture) [0x0006a] in <e40e5a8f982c4b618a930d29f9bd091c>:0 
   --- End of inner exception stack trace ---
  at System.Reflection.RuntimeMethodInfo.Invoke (System.Object obj, System.Reflection.BindingFlags invokeAttr, System.Reflection.Binder binder, System.Object[] parameters, System.Globalization.CultureInfo culture) [0x00083] in <e40e5a8f982c4b618a930d29f9bd091c>:0 
  at System.Reflection.MethodBase.Invoke (System.Object obj, System.Object[] parameters) [0x00000] in <e40e5a8f982c4b618a930d29f9bd091c>:0 
  at UnityEditor.EditorAssemblies.ProcessInitializeOnLoadMethodAttributes () [0x000a5] in <1f0be198f5164d2489de92f22c998266>:0 
UnityEngine.StackTraceUtility:ExtractStackTrace ()
UnityEngine.DebugLogHandler:LogFormat (UnityEngine.LogType,UnityEngine.Object,string,object[])
UnityEngine.Logger:Log (UnityEngine.LogType,object)
UnityEngine.Debug:LogError (object)
UnityEditor.EditorAssemblies:ProcessInitializeOnLoadMethodAttributes ()

Mono: successfully reloaded assembly
- Completed reload, in  1.401 seconds
Domain Reload Profiling:
	ReloadAssembly (1401ms)
		BeginReloadAssembly (142ms)
			ExecutionOrderSort (0ms)
			DisableScriptedObjects (5ms)
			BackupInstance (0ms)
			ReleaseScriptingObjects (0ms)
			CreateAndSetChildDomain (43ms)
		EndReloadAssembly (1164ms)
			LoadAssemblies (110ms)
			RebuildTransferFunctionScriptingTraits (0ms)
			SetupTypeCache (283ms)
			ReleaseScriptCaches (2ms)
			RebuildScriptCaches (60ms)
			SetupLoadedEditorAssemblies (653ms)
				LogAssemblyErrors (0ms)
				InitializePlatformSupportModulesInManaged (22ms)
				SetLoadedEditorAssemblies (0ms)
				RefreshPlugins (2ms)
				BeforeProcessingInitializeOnLoad (69ms)
				ProcessInitializeOnLoadAttributes (496ms)
				ProcessInitializeOnLoadMethodAttributes (53ms)
				AfterProcessingInitializeOnLoad (11ms)
				EditorAssembliesLoaded (0ms)
			ExecutionOrderSort2 (0ms)
			AwakeInstancesAfterBackupRestoration (6ms)
Platform modules already initialized, skipping
Shader 'SLZ/VR_Triplanar': fallback shader '1' not found
Shader 'ZeroLab/VR_Dissolve': fallback shader '1' not found
Shader 'SLZ/VoidBleed': fallback shader 'False' not found
Shader 'SLZ/ShadowOnly': fallback shader 'False' not found
Refreshing native plugins compatible for Editor in 7.25 ms, found 28 plugins.
Preloading 1 native plugins for Editor in 0.06 ms.
Unloading 6299 Unused Serialized files (Serialized files now loaded: 0)
Unloading 163 unused Assets / (2.4 MB). Loaded Objects now: 7114.
Memory consumption went from 283.6 MB to 281.2 MB.
Total: 4.914700 ms (FindLiveObjects: 0.368500 ms CreateObjectMapping: 0.249900 ms MarkObjects: 3.401500 ms  DeleteObjects: 0.893600 ms)

AssetImportParameters requested are different than current active one (requested -> active):
  custom:video-decoder-ogg-theora: a1e56fd34408186e4bbccfd4996cb3dc -> 
  custom:container-muxer-webm: aa71ff27fc2769a1b78a27578f13a17b -> 
  custom:container-demuxer-webm: 4f35f7cbe854078d1ac9338744f61a02 -> 
  custom:video-encoder-webm-vp8: eb34c28f22e8b96e1ab97ce403110664 -> 
  custom:audio-encoder-webm-vorbis: bf7c407c2cedff20999df2af8eb42d56 -> 
  custom:framework-win-MediaFoundation: 216162199b28c13a410421893ffa2e32 -> 
  custom:container-demuxer-ogg: 62fdf1f143b41e24485cea50d1cbac27 -> 
  custom:video-decoder-webm-vp8: 9c59270c3fd7afecdb556c50c9e8de78 -> 
  custom:audio-decoder-ogg-vorbis: bf7c407c2cedff20999df2af8eb42d56 -> 
========================================================================
Received Import Request.
  Time since last request: 36.890350 seconds.
  path: Assets/Plugins/RootMotion/PuppetMaster/_DEMOS/Assets/FX/Blood/Blood Particles 1.mat
  artifactKey: Guid(6ccdc8326c83d48ea962619d0f6626e6) Importer(815301076,1909f56bfc062723c751e8b465ee728b)
Start importing Assets/Plugins/RootMotion/PuppetMaster/_DEMOS/Assets/FX/Blood/Blood Particles 1.mat using Guid(6ccdc8326c83d48ea962619d0f6626e6) Importer(815301076,1909f56bfc062723c751e8b465ee728b)  -> (artifact id: 'c35564c10690b2f77365bcf223644cf4') in 1.789928 seconds 
========================================================================
Received Import Request.
  Time since last request: 15.625788 seconds.
  path: Assets/Plugins/RootMotion/PuppetMaster/_DEMOS/Humanoid Config.unity
  artifactKey: Guid(0c4d35e4a407e6e4fbe3575b46ae2cdf) Importer(815301076,1909f56bfc062723c751e8b465ee728b)
Start importing Assets/Plugins/RootMotion/PuppetMaster/_DEMOS/Humanoid Config.unity using Guid(0c4d35e4a407e6e4fbe3575b46ae2cdf) Importer(815301076,1909f56bfc062723c751e8b465ee728b)  -> (artifact id: 'd145b60a49affa60e5af38bc70c1627a') in 0.003967 seconds 
========================================================================
Received Import Request.
  Time since last request: 0.451956 seconds.
  path: Assets/Plugins/RootMotion/PuppetMaster/_DEMOS/IK Before Physics (Animator IK).unity
  artifactKey: Guid(216522512ea384e9ca71983ca475f4b8) Importer(815301076,1909f56bfc062723c751e8b465ee728b)
Start importing Assets/Plugins/RootMotion/PuppetMaster/_DEMOS/IK Before Physics (Animator IK).unity using Guid(216522512ea384e9ca71983ca475f4b8) Importer(815301076,1909f56bfc062723c751e8b465ee728b)  -> (artifact id: 'cf21a67b696465f1c2c1ced9f580335a') in 0.004197 seconds 
========================================================================
Received Import Request.
  Time since last request: 8.999560 seconds.
  path: Assets/Plugins/RootMotion/PuppetMaster/_DEMOS/Melee Grab.unity
  artifactKey: Guid(1a499df4325e74956af34bf2d7816527) Importer(815301076,1909f56bfc062723c751e8b465ee728b)
Start importing Assets/Plugins/RootMotion/PuppetMaster/_DEMOS/Melee Grab.unity using Guid(1a499df4325e74956af34bf2d7816527) Importer(815301076,1909f56bfc062723c751e8b465ee728b)  -> (artifact id: '103aed61ddc2bb83bbdecf94e3ee5f9c') in 0.003601 seconds 
========================================================================
Received Prepare
Registering precompiled user dll's ...
Registered in 0.011713 seconds.
Begin MonoManager ReloadAssembly
Native extension for WindowsStandalone target not found
Native extension for Android target not found
Refreshing native plugins compatible for Editor in 1.15 ms, found 28 plugins.
Preloading 1 native plugins for Editor in 0.05 ms.
System.Reflection.TargetInvocationException: Exception has been thrown by the target of an invocation. ---> System.NullReferenceException: Object reference not set to an instance of an object
  at Unity.XR.Oculus.OculusLoader.AssetPathToAbsolutePath (System.String assetPath) [0x0003d] in D:\BONE-PHYSICS\Library\PackageCache\com.unity.xr.oculus@3.0.1\Runtime\OculusLoader.cs:257 
  at Unity.XR.Oculus.OculusLoader.EditorLoadOVRPlugin () [0x0007b] in D:\BONE-PHYSICS\Library\PackageCache\com.unity.xr.oculus@3.0.1\Runtime\OculusLoader.cs:242 
  at (wrapper managed-to-native) System.Reflection.RuntimeMethodInfo.InternalInvoke(System.Reflection.RuntimeMethodInfo,object,object[],System.Exception&)
  at System.Reflection.RuntimeMethodInfo.Invoke (System.Object obj, System.Reflection.BindingFlags invokeAttr, System.Reflection.Binder binder, System.Object[] parameters, System.Globalization.CultureInfo culture) [0x0006a] in <e40e5a8f982c4b618a930d29f9bd091c>:0 
   --- End of inner exception stack trace ---
  at System.Reflection.RuntimeMethodInfo.Invoke (System.Object obj, System.Reflection.BindingFlags invokeAttr, System.Reflection.Binder binder, System.Object[] parameters, System.Globalization.CultureInfo culture) [0x00083] in <e40e5a8f982c4b618a930d29f9bd091c>:0 
  at System.Reflection.MethodBase.Invoke (System.Object obj, System.Object[] parameters) [0x00000] in <e40e5a8f982c4b618a930d29f9bd091c>:0 
  at UnityEditor.EditorAssemblies.ProcessInitializeOnLoadMethodAttributes () [0x000a5] in <1f0be198f5164d2489de92f22c998266>:0 
UnityEngine.StackTraceUtility:ExtractStackTrace ()
UnityEngine.DebugLogHandler:LogFormat (UnityEngine.LogType,UnityEngine.Object,string,object[])
UnityEngine.Logger:Log (UnityEngine.LogType,object)
UnityEngine.Debug:LogError (object)
UnityEditor.EditorAssemblies:ProcessInitializeOnLoadMethodAttributes ()

Mono: successfully reloaded assembly
- Completed reload, in  1.607 seconds
Domain Reload Profiling:
	ReloadAssembly (1608ms)
		BeginReloadAssembly (163ms)
			ExecutionOrderSort (0ms)
			DisableScriptedObjects (4ms)
			BackupInstance (0ms)
			ReleaseScriptingObjects (0ms)
			CreateAndSetChildDomain (52ms)
		EndReloadAssembly (1330ms)
			LoadAssemblies (121ms)
			RebuildTransferFunctionScriptingTraits (0ms)
			SetupTypeCache (325ms)
			ReleaseScriptCaches (2ms)
			RebuildScriptCaches (74ms)
			SetupLoadedEditorAssemblies (738ms)
				LogAssemblyErrors (0ms)
				InitializePlatformSupportModulesInManaged (23ms)
				SetLoadedEditorAssemblies (0ms)
				RefreshPlugins (1ms)
				BeforeProcessingInitializeOnLoad (78ms)
				ProcessInitializeOnLoadAttributes (563ms)
				ProcessInitializeOnLoadMethodAttributes (60ms)
				AfterProcessingInitializeOnLoad (11ms)
				EditorAssembliesLoaded (0ms)
			ExecutionOrderSort2 (0ms)
			AwakeInstancesAfterBackupRestoration (8ms)
Platform modules already initialized, skipping
Shader 'SLZ/VR_Triplanar': fallback shader '1' not found
Shader 'ZeroLab/VR_Dissolve': fallback shader '1' not found
Shader 'SLZ/VoidBleed': fallback shader 'False' not found
Shader 'SLZ/ShadowOnly': fallback shader 'False' not found
Refreshing native plugins compatible for Editor in 8.43 ms, found 28 plugins.
Preloading 1 native plugins for Editor in 0.11 ms.
Unloading 6299 Unused Serialized files (Serialized files now loaded: 0)
Unloading 163 unused Assets / (2.4 MB). Loaded Objects now: 7152.
Memory consumption went from 356.3 MB to 353.9 MB.
Total: 5.625300 ms (FindLiveObjects: 0.435300 ms CreateObjectMapping: 0.205600 ms MarkObjects: 3.255600 ms  DeleteObjects: 1.727000 ms)

AssetImportParameters requested are different than current active one (requested -> active):
  custom:video-decoder-ogg-theora: a1e56fd34408186e4bbccfd4996cb3dc -> 
  custom:container-muxer-webm: aa71ff27fc2769a1b78a27578f13a17b -> 
  custom:container-demuxer-webm: 4f35f7cbe854078d1ac9338744f61a02 -> 
  custom:video-encoder-webm-vp8: eb34c28f22e8b96e1ab97ce403110664 -> 
  custom:audio-encoder-webm-vorbis: bf7c407c2cedff20999df2af8eb42d56 -> 
  custom:framework-win-MediaFoundation: 216162199b28c13a410421893ffa2e32 -> 
  custom:container-demuxer-ogg: 62fdf1f143b41e24485cea50d1cbac27 -> 
  custom:video-decoder-webm-vp8: 9c59270c3fd7afecdb556c50c9e8de78 -> 
  custom:audio-decoder-ogg-vorbis: bf7c407c2cedff20999df2af8eb42d56 -> 
