Using pre-set license
Built from '2021.3/staging' branch; Version is '2021.3.5f1 (40eb3a945986) revision 4254522'; Using compiler version '192829333'; Build Type 'Release'
OS: 'Windows 11  (10.0.22621) 64bit Core' Language: 'en' Physical Memory: 32578 MB
BatchMode: 1, IsHumanControllingUs: 0, StartBugReporterOnCrash: 0, Is64bit: 1, IsPro: 1

COMMAND LINE ARGUMENTS:
C:\Program Files\Unity\Hub\Editor\2021.3.5f1\Editor\Unity.exe
-adb2
-batchMode
-noUpm
-name
AssetImportWorker11
-projectPath
D:/BONE-PHYSICS
-logFile
Logs/AssetImportWorker11.log
-srvPort
52869
Successfully changed project path to: D:/BONE-PHYSICS
D:/BONE-PHYSICS
[UnityMemory] Configuration Parameters - Can be set up in boot.config
    "memorysetup-bucket-allocator-granularity=16"
    "memorysetup-bucket-allocator-bucket-count=8"
    "memorysetup-bucket-allocator-block-size=33554432"
    "memorysetup-bucket-allocator-block-count=8"
    "memorysetup-main-allocator-block-size=16777216"
    "memorysetup-thread-allocator-block-size=16777216"
    "memorysetup-gfx-main-allocator-block-size=16777216"
    "memorysetup-gfx-thread-allocator-block-size=16777216"
    "memorysetup-cache-allocator-block-size=4194304"
    "memorysetup-typetree-allocator-block-size=2097152"
    "memorysetup-profiler-bucket-allocator-granularity=16"
    "memorysetup-profiler-bucket-allocator-bucket-count=8"
    "memorysetup-profiler-bucket-allocator-block-size=33554432"
    "memorysetup-profiler-bucket-allocator-block-count=8"
    "memorysetup-profiler-allocator-block-size=16777216"
    "memorysetup-profiler-editor-allocator-block-size=1048576"
    "memorysetup-temp-allocator-size-main=16777216"
    "memorysetup-job-temp-allocator-block-size=2097152"
    "memorysetup-job-temp-allocator-block-size-background=1048576"
    "memorysetup-job-temp-allocator-reduction-small-platforms=262144"
    "memorysetup-temp-allocator-size-background-worker=32768"
    "memorysetup-temp-allocator-size-job-worker=262144"
    "memorysetup-temp-allocator-size-preload-manager=33554432"
    "memorysetup-temp-allocator-size-nav-mesh-worker=65536"
    "memorysetup-temp-allocator-size-audio-worker=65536"
    "memorysetup-temp-allocator-size-cloud-worker=32768"
    "memorysetup-temp-allocator-size-gi-baking-worker=262144"
    "memorysetup-temp-allocator-size-gfx=262144"
Refreshing native plugins compatible for Editor in 225.31 ms, found 28 plugins.
Preloading 1 native plugins for Editor in 1.81 ms.
Initialize engine version: 2021.3.5f1 (40eb3a945986)
[Subsystems] Discovering subsystems at path C:/Program Files/Unity/Hub/Editor/2021.3.5f1/Editor/Data/Resources/UnitySubsystems
[Subsystems] Discovering subsystems at path D:/BONE-PHYSICS/Assets
GfxDevice: creating device client; threaded=0; jobified=0
Direct3D:
    Version:  Direct3D 11.0 [level 11.1]
    Renderer: NVIDIA GeForce RTX 3050 (ID=0x2507)
    Vendor:   NVIDIA
    VRAM:     8042 MB
    Driver:   31.0.15.5123
Shader 'SLZ/VoidBleed': fallback shader 'False' not found
Shader 'ZeroLab/VR_Dissolve': fallback shader '1' not found
Shader 'SLZ/VR_Triplanar': fallback shader '1' not found
Shader 'SLZ/ShadowOnly': fallback shader 'False' not found
Initialize mono
Mono path[0] = 'C:/Program Files/Unity/Hub/Editor/2021.3.5f1/Editor/Data/Managed'
Mono path[1] = 'C:/Program Files/Unity/Hub/Editor/2021.3.5f1/Editor/Data/MonoBleedingEdge/lib/mono/unityjit-win32'
Mono config path = 'C:/Program Files/Unity/Hub/Editor/2021.3.5f1/Editor/Data/MonoBleedingEdge/etc'
Using monoOptions --debugger-agent=transport=dt_socket,embedding=1,server=y,suspend=n,address=127.0.0.1:56800
Begin MonoManager ReloadAssembly
Registering precompiled unity dll's ...
Register platform support module: C:/Program Files/Unity/Hub/Editor/2021.3.5f1/Editor/Data/PlaybackEngines/AndroidPlayer/UnityEditor.Android.Extensions.dll
Register platform support module: C:/Program Files/Unity/Hub/Editor/2021.3.5f1/Editor/Data/PlaybackEngines/WindowsStandaloneSupport/UnityEditor.WindowsStandalone.Extensions.dll
Registered in 0.010250 seconds.
Native extension for WindowsStandalone target not found
Native extension for Android target not found
Refreshing native plugins compatible for Editor in 139.52 ms, found 28 plugins.
Preloading 1 native plugins for Editor in 0.12 ms.
Mono: successfully reloaded assembly
- Completed reload, in  0.688 seconds
Domain Reload Profiling:
	ReloadAssembly (688ms)
		BeginReloadAssembly (104ms)
			ExecutionOrderSort (0ms)
			DisableScriptedObjects (0ms)
			BackupInstance (0ms)
			ReleaseScriptingObjects (0ms)
			CreateAndSetChildDomain (1ms)
		EndReloadAssembly (478ms)
			LoadAssemblies (102ms)
			RebuildTransferFunctionScriptingTraits (0ms)
			SetupTypeCache (89ms)
			ReleaseScriptCaches (0ms)
			RebuildScriptCaches (22ms)
			SetupLoadedEditorAssemblies (317ms)
				LogAssemblyErrors (0ms)
				InitializePlatformSupportModulesInManaged (53ms)
				SetLoadedEditorAssemblies (0ms)
				RefreshPlugins (140ms)
				BeforeProcessingInitializeOnLoad (1ms)
				ProcessInitializeOnLoadAttributes (83ms)
				ProcessInitializeOnLoadMethodAttributes (40ms)
				AfterProcessingInitializeOnLoad (0ms)
				EditorAssembliesLoaded (0ms)
			ExecutionOrderSort2 (0ms)
			AwakeInstancesAfterBackupRestoration (0ms)
Platform modules already initialized, skipping
Registering precompiled user dll's ...
Registered in 0.013711 seconds.
Begin MonoManager ReloadAssembly
Native extension for WindowsStandalone target not found
Native extension for Android target not found
Refreshing native plugins compatible for Editor in 151.89 ms, found 28 plugins.
Preloading 1 native plugins for Editor in 0.05 ms.
Package Manager log level set to [2]
System.Reflection.TargetInvocationException: Exception has been thrown by the target of an invocation. ---> System.NullReferenceException: Object reference not set to an instance of an object
  at Unity.XR.Oculus.OculusLoader.AssetPathToAbsolutePath (System.String assetPath) [0x0003d] in D:\BONE-PHYSICS\Library\PackageCache\com.unity.xr.oculus@3.0.1\Runtime\OculusLoader.cs:257 
  at Unity.XR.Oculus.OculusLoader.EditorLoadOVRPlugin () [0x0007b] in D:\BONE-PHYSICS\Library\PackageCache\com.unity.xr.oculus@3.0.1\Runtime\OculusLoader.cs:242 
  at (wrapper managed-to-native) System.Reflection.RuntimeMethodInfo.InternalInvoke(System.Reflection.RuntimeMethodInfo,object,object[],System.Exception&)
  at System.Reflection.RuntimeMethodInfo.Invoke (System.Object obj, System.Reflection.BindingFlags invokeAttr, System.Reflection.Binder binder, System.Object[] parameters, System.Globalization.CultureInfo culture) [0x0006a] in <e40e5a8f982c4b618a930d29f9bd091c>:0 
   --- End of inner exception stack trace ---
  at System.Reflection.RuntimeMethodInfo.Invoke (System.Object obj, System.Reflection.BindingFlags invokeAttr, System.Reflection.Binder binder, System.Object[] parameters, System.Globalization.CultureInfo culture) [0x00083] in <e40e5a8f982c4b618a930d29f9bd091c>:0 
  at System.Reflection.MethodBase.Invoke (System.Object obj, System.Object[] parameters) [0x00000] in <e40e5a8f982c4b618a930d29f9bd091c>:0 
  at UnityEditor.EditorAssemblies.ProcessInitializeOnLoadMethodAttributes () [0x000a5] in <1f0be198f5164d2489de92f22c998266>:0 
UnityEngine.StackTraceUtility:ExtractStackTrace ()
UnityEngine.DebugLogHandler:LogFormat (UnityEngine.LogType,UnityEngine.Object,string,object[])
UnityEngine.Logger:Log (UnityEngine.LogType,object)
UnityEngine.Debug:LogError (object)
UnityEditor.EditorAssemblies:ProcessInitializeOnLoadMethodAttributes ()

Mono: successfully reloaded assembly
- Completed reload, in  1.877 seconds
Domain Reload Profiling:
	ReloadAssembly (1878ms)
		BeginReloadAssembly (211ms)
			ExecutionOrderSort (0ms)
			DisableScriptedObjects (5ms)
			BackupInstance (0ms)
			ReleaseScriptingObjects (0ms)
			CreateAndSetChildDomain (117ms)
		EndReloadAssembly (1552ms)
			LoadAssemblies (150ms)
			RebuildTransferFunctionScriptingTraits (0ms)
			SetupTypeCache (302ms)
			ReleaseScriptCaches (1ms)
			RebuildScriptCaches (111ms)
			SetupLoadedEditorAssemblies (940ms)
				LogAssemblyErrors (0ms)
				InitializePlatformSupportModulesInManaged (14ms)
				SetLoadedEditorAssemblies (0ms)
				RefreshPlugins (152ms)
				BeforeProcessingInitializeOnLoad (99ms)
				ProcessInitializeOnLoadAttributes (608ms)
				ProcessInitializeOnLoadMethodAttributes (57ms)
				AfterProcessingInitializeOnLoad (9ms)
				EditorAssembliesLoaded (0ms)
			ExecutionOrderSort2 (0ms)
			AwakeInstancesAfterBackupRestoration (6ms)
Platform modules already initialized, skipping
========================================================================
Worker process is ready to serve import requests
Shader 'SLZ/ShadowOnly': fallback shader 'False' not found
Shader 'ZeroLab/VR_Dissolve': fallback shader '1' not found
Shader 'SLZ/VoidBleed': fallback shader 'False' not found
Shader 'SLZ/VR_Triplanar': fallback shader '1' not found
Launched and connected shader compiler UnityShaderCompiler.exe after 0.08 seconds
Refreshing native plugins compatible for Editor in 1.80 ms, found 28 plugins.
Preloading 1 native plugins for Editor in 0.06 ms.
Unloading 7228 Unused Serialized files (Serialized files now loaded: 0)
Unloading 199 unused Assets / (4.4 MB). Loaded Objects now: 7641.
Memory consumption went from 355.2 MB to 350.9 MB.
Total: 4.750800 ms (FindLiveObjects: 0.430700 ms CreateObjectMapping: 0.264600 ms MarkObjects: 3.038400 ms  DeleteObjects: 1.016100 ms)

AssetImportParameters requested are different than current active one (requested -> active):
  custom:video-decoder-ogg-theora: a1e56fd34408186e4bbccfd4996cb3dc -> 
  custom:container-muxer-webm: aa71ff27fc2769a1b78a27578f13a17b -> 
  custom:container-demuxer-webm: 4f35f7cbe854078d1ac9338744f61a02 -> 
  custom:video-encoder-webm-vp8: eb34c28f22e8b96e1ab97ce403110664 -> 
  custom:audio-encoder-webm-vorbis: bf7c407c2cedff20999df2af8eb42d56 -> 
  custom:framework-win-MediaFoundation: 216162199b28c13a410421893ffa2e32 -> 
  custom:container-demuxer-ogg: 62fdf1f143b41e24485cea50d1cbac27 -> 
  custom:video-decoder-webm-vp8: 9c59270c3fd7afecdb556c50c9e8de78 -> 
  custom:audio-decoder-ogg-vorbis: bf7c407c2cedff20999df2af8eb42d56 -> 
========================================================================
Received Import Request.
  Time since last request: 20322.595538 seconds.
  path: Assets/HurricaneVR/Framework/Prefabs/CameraFade.prefab
  artifactKey: Guid(835295b2d9dd18a4ebc77b7dfc3e5766) Importer(815301076,1909f56bfc062723c751e8b465ee728b)
Start importing Assets/HurricaneVR/Framework/Prefabs/CameraFade.prefab using Guid(835295b2d9dd18a4ebc77b7dfc3e5766) Importer(815301076,1909f56bfc062723c751e8b465ee728b)  -> (artifact id: '18bb88b450f31d3f363f21c27bfbe65a') in 0.066010 seconds 
========================================================================
Received Import Request.
  Time since last request: 0.000023 seconds.
  path: Assets/HurricaneVR/Framework/Prefabs/LeftHandController.prefab
  artifactKey: Guid(94a088d8538b4624db9859a0528fb97b) Importer(815301076,1909f56bfc062723c751e8b465ee728b)
Start importing Assets/HurricaneVR/Framework/Prefabs/LeftHandController.prefab using Guid(94a088d8538b4624db9859a0528fb97b) Importer(815301076,1909f56bfc062723c751e8b465ee728b)  -> (artifact id: 'f85aa567e12f186c2eedb366540b6e59') in 0.010949 seconds 
========================================================================
Received Import Request.
  Time since last request: 0.000034 seconds.
  path: Assets/HurricaneVR/Framework/Prefabs/Ring.prefab
  artifactKey: Guid(8e41035affae1bf459c2ad148bb80619) Importer(815301076,1909f56bfc062723c751e8b465ee728b)
Start importing Assets/HurricaneVR/Framework/Prefabs/Ring.prefab using Guid(8e41035affae1bf459c2ad148bb80619) Importer(815301076,1909f56bfc062723c751e8b465ee728b)  -> (artifact id: '787e35f2834df177cd55d68c53faebe2') in 0.065669 seconds 
========================================================================
Received Import Request.
  Time since last request: 0.000035 seconds.
  path: Assets/HurricaneVR/Framework/Prefabs/ForceGrabLaser.prefab
  artifactKey: Guid(a787072d7cda3074d8e11d131d772f27) Importer(815301076,1909f56bfc062723c751e8b465ee728b)
Start importing Assets/HurricaneVR/Framework/Prefabs/ForceGrabLaser.prefab using Guid(a787072d7cda3074d8e11d131d772f27) Importer(815301076,1909f56bfc062723c751e8b465ee728b)  -> (artifact id: '320a3cb48d82cde9af8234c1a0572a22') in 0.014995 seconds 
========================================================================
Received Import Request.
  Time since last request: 0.000029 seconds.
  path: Assets/HurricaneVR/Framework/Prefabs/GlobalCameraFade.prefab
  artifactKey: Guid(0d4b0daee6f3b314189b5f10f9a04b5e) Importer(815301076,1909f56bfc062723c751e8b465ee728b)
Start importing Assets/HurricaneVR/Framework/Prefabs/GlobalCameraFade.prefab using Guid(0d4b0daee6f3b314189b5f10f9a04b5e) Importer(815301076,1909f56bfc062723c751e8b465ee728b)  -> (artifact id: '305c40e39414bd7d9fa58658dabfc352') in 0.011020 seconds 
========================================================================
Received Import Request.
  Time since last request: 0.000021 seconds.
  path: Assets/HurricaneVR/Framework/Prefabs/SFXPlayer.prefab
  artifactKey: Guid(d979b720b0ea0aa4fbee62ad582bea0d) Importer(815301076,1909f56bfc062723c751e8b465ee728b)
Start importing Assets/HurricaneVR/Framework/Prefabs/SFXPlayer.prefab using Guid(d979b720b0ea0aa4fbee62ad582bea0d) Importer(815301076,1909f56bfc062723c751e8b465ee728b)  -> (artifact id: '7fb06a6f7d45470c8c6660b4f35e0384') in 0.012198 seconds 
========================================================================
Received Import Request.
  Time since last request: 0.000026 seconds.
  path: Assets/HurricaneVR/Framework/Prefabs/RingHighlight.prefab
  artifactKey: Guid(9c947a50565fd2a4f96255015a28f032) Importer(815301076,1909f56bfc062723c751e8b465ee728b)
Start importing Assets/HurricaneVR/Framework/Prefabs/RingHighlight.prefab using Guid(9c947a50565fd2a4f96255015a28f032) Importer(815301076,1909f56bfc062723c751e8b465ee728b)  -> (artifact id: '7d5395a6aede3f66e3546dbf6e4e27a2') in 0.015152 seconds 
========================================================================
Received Import Request.
  Time since last request: 0.000025 seconds.
  path: Assets/HurricaneVR/Framework/Prefabs/SocketOval.prefab
  artifactKey: Guid(96968a14563c3a946878e675a6204468) Importer(815301076,1909f56bfc062723c751e8b465ee728b)
Start importing Assets/HurricaneVR/Framework/Prefabs/SocketOval.prefab using Guid(96968a14563c3a946878e675a6204468) Importer(815301076,1909f56bfc062723c751e8b465ee728b)  -> (artifact id: '9d4c5084bc2a8f9425d71638d803dbf3') in 0.013218 seconds 
========================================================================
Received Import Request.
  Time since last request: 0.000021 seconds.
  path: Assets/HurricaneVR/Framework/Prefabs/HVR_CustomHandRight Variant.prefab
  artifactKey: Guid(e90900a2c44cf174e8b63baaee0459af) Importer(815301076,1909f56bfc062723c751e8b465ee728b)
Start importing Assets/HurricaneVR/Framework/Prefabs/HVR_CustomHandRight Variant.prefab using Guid(e90900a2c44cf174e8b63baaee0459af) Importer(815301076,1909f56bfc062723c751e8b465ee728b)  -> (artifact id: '06d520bf3545b80f8c81836319645244') in 0.040007 seconds 
========================================================================
Received Import Request.
  Time since last request: 0.000022 seconds.
  path: Assets/HurricaneVR/Framework/Prefabs/GrabIndicator.prefab
  artifactKey: Guid(ed9956e3d3a22b14dbbc8a64bfcb0629) Importer(815301076,1909f56bfc062723c751e8b465ee728b)
Start importing Assets/HurricaneVR/Framework/Prefabs/GrabIndicator.prefab using Guid(ed9956e3d3a22b14dbbc8a64bfcb0629) Importer(815301076,1909f56bfc062723c751e8b465ee728b)  -> (artifact id: '625421ed7f5b5164fcf8185f45ca9b61') in 0.017226 seconds 
========================================================================
Received Import Request.
  Time since last request: 1.963420 seconds.
  path: Assets/HurricaneVR/Framework/Prefabs/UI/UIPointer.prefab
  artifactKey: Guid(03293afe730054c439705d132b87e054) Importer(815301076,1909f56bfc062723c751e8b465ee728b)
Start importing Assets/HurricaneVR/Framework/Prefabs/UI/UIPointer.prefab using Guid(03293afe730054c439705d132b87e054) Importer(815301076,1909f56bfc062723c751e8b465ee728b)  -> (artifact id: '05c90bbadd5601b66d4507a9c48315b3') in 0.013287 seconds 
========================================================================
Received Import Request.
  Time since last request: 42.843557 seconds.
  path: Assets/HurricaneVR/Framework/Prefabs/DebugVR.prefab
  artifactKey: Guid(8a831b63274f8c242ac10efbde015a57) Importer(815301076,1909f56bfc062723c751e8b465ee728b)
Start importing Assets/HurricaneVR/Framework/Prefabs/DebugVR.prefab using Guid(8a831b63274f8c242ac10efbde015a57) Importer(815301076,1909f56bfc062723c751e8b465ee728b)  -> (artifact id: '68c3fa76f78921e0427fa3499637d9e6') in 0.010770 seconds 
========================================================================
Received Import Request.
  Time since last request: 12.072546 seconds.
  path: Assets/HurricaneVR/TechDemo/Prefabs
  artifactKey: Guid(e4dd15ec7edef444b8ed71a93ffae9fd) Importer(815301076,1909f56bfc062723c751e8b465ee728b)
Start importing Assets/HurricaneVR/TechDemo/Prefabs using Guid(e4dd15ec7edef444b8ed71a93ffae9fd) Importer(815301076,1909f56bfc062723c751e8b465ee728b)  -> (artifact id: 'b7df108da2948855c29cfbad801b0dd6') in 0.003910 seconds 
========================================================================
Received Import Request.
  Time since last request: 61.980511 seconds.
  path: Assets/HurricaneVR/TechDemo/Scenes/scene_examples.unity
  artifactKey: Guid(6192b2aa20ec3814f889f74b6930bef8) Importer(815301076,1909f56bfc062723c751e8b465ee728b)
Start importing Assets/HurricaneVR/TechDemo/Scenes/scene_examples.unity using Guid(6192b2aa20ec3814f889f74b6930bef8) Importer(815301076,1909f56bfc062723c751e8b465ee728b)  -> (artifact id: 'f2d2c0c230dedb601073e33b562f9ca0') in 0.005110 seconds 
========================================================================
Received Import Request.
  Time since last request: 58.497885 seconds.
  path: Assets/ResetButton1.prefab
  artifactKey: Guid(40be3343eaf08a649817bbc8f04e0e10) Importer(815301076,1909f56bfc062723c751e8b465ee728b)
Start importing Assets/ResetButton1.prefab using Guid(40be3343eaf08a649817bbc8f04e0e10) Importer(815301076,1909f56bfc062723c751e8b465ee728b)  -> (artifact id: '3d1cd6583c81d38d6dee054320f9e188') in 0.042342 seconds 
========================================================================
Received Import Request.
  Time since last request: 5.550134 seconds.
  path: Assets/Scenes/Elevator.unity
  artifactKey: Guid(35f9481cbdee50e4cad240ebc834749e) Importer(815301076,1909f56bfc062723c751e8b465ee728b)
Start importing Assets/Scenes/Elevator.unity using Guid(35f9481cbdee50e4cad240ebc834749e) Importer(815301076,1909f56bfc062723c751e8b465ee728b)  -> (artifact id: '777b8eb264f21075ea60f0c9216fc1e8') in 0.005001 seconds 
========================================================================
Received Import Request.
  Time since last request: 417.509490 seconds.
  path: Assets/Networkmanager.prefab
  artifactKey: Guid(84416067d67149e47be4ed5fc42e9227) Importer(815301076,1909f56bfc062723c751e8b465ee728b)
Start importing Assets/Networkmanager.prefab using Guid(84416067d67149e47be4ed5fc42e9227) Importer(815301076,1909f56bfc062723c751e8b465ee728b)  -> (artifact id: '43eda8bf0165728efb9ea6b9e365d81a') in 0.065160 seconds 
========================================================================
Received Import Request.
  Time since last request: 71.493101 seconds.
  path: Assets/HurricaneVR/Framework
  artifactKey: Guid(9d1bb57c7847e5343b5f70d65b53da5b) Importer(815301076,1909f56bfc062723c751e8b465ee728b)
Start importing Assets/HurricaneVR/Framework using Guid(9d1bb57c7847e5343b5f70d65b53da5b) Importer(815301076,1909f56bfc062723c751e8b465ee728b)  -> (artifact id: '9e0fe0f2c281e8849b260cad6484fbce') in 0.004574 seconds 
========================================================================
Received Import Request.
  Time since last request: 19.809401 seconds.
  path: Assets/HurricaneVR/TechDemo/Scenes/scene_barebones.unity
  artifactKey: Guid(a5e3f22af5069694aa86b11cc47fe55a) Importer(815301076,1909f56bfc062723c751e8b465ee728b)
Start importing Assets/HurricaneVR/TechDemo/Scenes/scene_barebones.unity using Guid(a5e3f22af5069694aa86b11cc47fe55a) Importer(815301076,1909f56bfc062723c751e8b465ee728b)  -> (artifact id: '05711d1b66eed5e297d63e45d869b64b') in 0.004421 seconds 
========================================================================
Received Import Request.
  Time since last request: 0.951588 seconds.
  path: Assets/HurricaneVR/TechDemo/Scenes/scene_examples.unity
  artifactKey: Guid(6192b2aa20ec3814f889f74b6930bef8) Importer(815301076,1909f56bfc062723c751e8b465ee728b)
Start importing Assets/HurricaneVR/TechDemo/Scenes/scene_examples.unity using Guid(6192b2aa20ec3814f889f74b6930bef8) Importer(815301076,1909f56bfc062723c751e8b465ee728b)  -> (artifact id: '0a2babe32d9c5260dd8cc9290a3a09a7') in 0.003947 seconds 
========================================================================
Received Import Request.
  Time since last request: 6.272265 seconds.
  path: Assets/Scenes/Elevator.unity
  artifactKey: Guid(35f9481cbdee50e4cad240ebc834749e) Importer(815301076,1909f56bfc062723c751e8b465ee728b)
Start importing Assets/Scenes/Elevator.unity using Guid(35f9481cbdee50e4cad240ebc834749e) Importer(815301076,1909f56bfc062723c751e8b465ee728b)  -> (artifact id: '36558975957005602e4418259cd4ea55') in 0.003440 seconds 
========================================================================
Received Import Request.
  Time since last request: 65.420781 seconds.
  path: Assets/Settings/Project Configuration/BasicScene.scenetemplate
  artifactKey: Guid(ca6cdc11bc902ba4c85c423630187a9b) Importer(815301076,1909f56bfc062723c751e8b465ee728b)
Start importing Assets/Settings/Project Configuration/BasicScene.scenetemplate using Guid(ca6cdc11bc902ba4c85c423630187a9b) Importer(815301076,1909f56bfc062723c751e8b465ee728b) Refresh completed but there are assets queued up for importing. Check for code that modifies assets which gets called after OnPostProcessAllAssets. Additional details in Log file
UnityEngine.StackTraceUtility:ExtractStackTrace ()
UnityEditor.SceneTemplate.SceneTemplateAsset:UpdateDependencies ()
UnityEditor.SceneTemplate.SceneTemplateAssetInspectorWindow:UpdateSceneTemplateAsset ()
UnityEditor.SceneTemplate.SceneTemplateAssetInspectorWindow:OnEnable ()
UnityEditor.Editor:CreateEditorWithContext (UnityEngine.Object[],UnityEngine.Object,System.Type)
UnityEditor.Editor:CreateEditor (UnityEngine.Object,System.Type)
UnityEditor.Editor:CreateEditor (UnityEngine.Object)
UnityEditor.AssetPreviewUpdater:CreatePreview (UnityEngine.Object,UnityEngine.Object[],string,int,int)
UnityEditor.AssetPreviewUpdater:CreatePreviewForAsset (UnityEngine.Object,UnityEngine.Object[],string)

[C:\buildslave\unity\build\Modules\AssetDatabase\Editor\V2\AssetDatabaseInternal.cpp line 2193]

Assets queued for import after Refresh completed:
	Assets/Settings/Project Configuration/BasicScene.scenetemplate
Asset Pipeline Refresh: Total: 0.000 seconds - Initiated by StopAssetImportingV2(NoUpdateAssetOptions)
Assertion failed on expression: 'm_Ptr'
UnityEngine.StackTraceUtility:ExtractStackTrace ()
UnityEditor.SceneTemplate.SceneTemplateAsset:UpdateDependencies ()
UnityEditor.SceneTemplate.SceneTemplateAssetInspectorWindow:UpdateSceneTemplateAsset ()
UnityEditor.SceneTemplate.SceneTemplateAssetInspectorWindow:OnEnable ()
UnityEditor.Editor:CreateEditorWithContext (UnityEngine.Object[],UnityEngine.Object,System.Type)
UnityEditor.Editor:CreateEditor (UnityEngine.Object,System.Type)
UnityEditor.Editor:CreateEditor (UnityEngine.Object)
UnityEditor.AssetPreviewUpdater:CreatePreview (UnityEngine.Object,UnityEngine.Object[],string,int,int)
UnityEditor.AssetPreviewUpdater:CreatePreviewForAsset (UnityEngine.Object,UnityEngine.Object[],string)

[C:\buildslave\unity\build\Runtime\Core\unique_ptr.h line 141]

The asset at Assets/Settings/Project Configuration/BasicScene.scenetemplate has been scheduled for reimport during the Refresh loop and Loading of it has been attempted.
Doing this can lead to the AssetDatabase returning two versions of the same asset.
Please ensure that code which attempts to reimport this asset does not run while the editor is Refreshing.
You can do so by checking the value of EditorApplication.isUpdating
UnityEngine.StackTraceUtility:ExtractStackTrace ()
UnityEditor.SceneTemplate.SceneTemplateAsset:UpdateDependencies ()
UnityEditor.SceneTemplate.SceneTemplateAssetInspectorWindow:UpdateSceneTemplateAsset ()
UnityEditor.SceneTemplate.SceneTemplateAssetInspectorWindow:OnEnable ()
UnityEditor.Editor:CreateEditorWithContext (UnityEngine.Object[],UnityEngine.Object,System.Type)
UnityEditor.Editor:CreateEditor (UnityEngine.Object,System.Type)
UnityEditor.Editor:CreateEditor (UnityEngine.Object)
UnityEditor.AssetPreviewUpdater:CreatePreview (UnityEngine.Object,UnityEngine.Object[],string,int,int)
UnityEditor.AssetPreviewUpdater:CreatePreviewForAsset (UnityEngine.Object,UnityEngine.Object[],string)

[C:\buildslave\unity\build\Modules\AssetDatabase\Editor\V2\AssetResolveTracker.cpp line 58]

The asset at Assets/Settings/Project Configuration/BasicScene.scenetemplate has been scheduled for reimport during the Refresh loop and Loading of it has been attempted.
Doing this can lead to the AssetDatabase returning two versions of the same asset.
Please ensure that code which attempts to reimport this asset does not run while the editor is Refreshing.
You can do so by checking the value of EditorApplication.isUpdating
UnityEngine.StackTraceUtility:ExtractStackTrace ()
UnityEditor.TextureInspector:RenderStaticPreview (string,UnityEngine.Object[],int,int)
UnityEditor.AssetPreviewUpdater:CreatePreview (UnityEngine.Object,UnityEngine.Object[],string,int,int)
UnityEditor.AssetPreviewUpdater:CreatePreviewForAsset (UnityEngine.Object,UnityEngine.Object[],string)

[C:\buildslave\unity\build\Modules\AssetDatabase\Editor\V2\AssetResolveTracker.cpp line 58]

The asset at Assets/Settings/Project Configuration/BasicScene.scenetemplate has been scheduled for reimport during the Refresh loop and Loading of it has been attempted.
Doing this can lead to the AssetDatabase returning two versions of the same asset.
Please ensure that code which attempts to reimport this asset does not run while the editor is Refreshing.
You can do so by checking the value of EditorApplication.isUpdating
UnityEngine.StackTraceUtility:ExtractStackTrace ()
UnityEditor.TextureInspector:RenderStaticPreview (string,UnityEngine.Object[],int,int)
UnityEditor.AssetPreviewUpdater:CreatePreview (UnityEngine.Object,UnityEngine.Object[],string,int,int)
UnityEditor.AssetPreviewUpdater:CreatePreviewForAsset (UnityEngine.Object,UnityEngine.Object[],string)

[C:\buildslave\unity\build\Modules\AssetDatabase\Editor\V2\AssetResolveTracker.cpp line 58]

The asset at Assets/Settings/Project Configuration/BasicScene.scenetemplate has been scheduled for reimport during the Refresh loop and Loading of it has been attempted.
Doing this can lead to the AssetDatabase returning two versions of the same asset.
Please ensure that code which attempts to reimport this asset does not run while the editor is Refreshing.
You can do so by checking the value of EditorApplication.isUpdating
UnityEngine.StackTraceUtility:ExtractStackTrace ()
UnityEditor.TextureInspector:RenderStaticPreview (string,UnityEngine.Object[],int,int)
UnityEditor.AssetPreviewUpdater:CreatePreview (UnityEngine.Object,UnityEngine.Object[],string,int,int)
UnityEditor.AssetPreviewUpdater:CreatePreviewForAsset (UnityEngine.Object,UnityEngine.Object[],string)

[C:\buildslave\unity\build\Modules\AssetDatabase\Editor\V2\AssetResolveTracker.cpp line 58]

The asset at Assets/Settings/Project Configuration/BasicScene.scenetemplate has been scheduled for reimport during the Refresh loop and Loading of it has been attempted.
Doing this can lead to the AssetDatabase returning two versions of the same asset.
Please ensure that code which attempts to reimport this asset does not run while the editor is Refreshing.
You can do so by checking the value of EditorApplication.isUpdating
UnityEngine.StackTraceUtility:ExtractStackTrace ()
UnityEditor.TextureInspector:RenderStaticPreview (string,UnityEngine.Object[],int,int)
UnityEditor.AssetPreviewUpdater:CreatePreview (UnityEngine.Object,UnityEngine.Object[],string,int,int)
UnityEditor.AssetPreviewUpdater:CreatePreviewForAsset (UnityEngine.Object,UnityEngine.Object[],string)

[C:\buildslave\unity\build\Modules\AssetDatabase\Editor\V2\AssetResolveTracker.cpp line 58]

The asset at Assets/Settings/Project Configuration/BasicScene.scenetemplate has been scheduled for reimport during the Refresh loop and Loading of it has been attempted.
Doing this can lead to the AssetDatabase returning two versions of the same asset.
Please ensure that code which attempts to reimport this asset does not run while the editor is Refreshing.
You can do so by checking the value of EditorApplication.isUpdating
UnityEngine.StackTraceUtility:ExtractStackTrace ()
UnityEditor.TextureInspector:RenderStaticPreview (string,UnityEngine.Object[],int,int)
UnityEditor.AssetPreviewUpdater:CreatePreview (UnityEngine.Object,UnityEngine.Object[],string,int,int)
UnityEditor.AssetPreviewUpdater:CreatePreviewForAsset (UnityEngine.Object,UnityEngine.Object[],string)

[C:\buildslave\unity\build\Modules\AssetDatabase\Editor\V2\AssetResolveTracker.cpp line 58]

The asset at Assets/Settings/Project Configuration/BasicScene.scenetemplate has been scheduled for reimport during the Refresh loop and Loading of it has been attempted.
Doing this can lead to the AssetDatabase returning two versions of the same asset.
Please ensure that code which attempts to reimport this asset does not run while the editor is Refreshing.
You can do so by checking the value of EditorApplication.isUpdating
 -> (artifact id: '00000000000000000000000000000000') in 0.200978 seconds  code(4) message(Build asset version error: assets/settings/project configuration/basicscene.scenetemplate in SourceAssetDB has modification time of '2024-02-01T05:38:06.4282742Z' while content on disk has modification time of '2024-02-02T02:23:48.1217668Z')
  ERROR: Build asset version error: assets/settings/project configuration/basicscene.scenetemplate in SourceAssetDB has modification time of '2024-02-01T05:38:06.4282742Z' while content on disk has modification time of '2024-02-02T02:23:48.1217668Z'
========================================================================
Received Import Request.
  Time since last request: 0.000035 seconds.
  path: Assets/Bakery/examples/content/volume_test_scene2.FBX
  artifactKey: Guid(a1bf24992630bed49853287954d9badd) Importer(815301076,1909f56bfc062723c751e8b465ee728b)
Start importing Assets/Bakery/examples/content/volume_test_scene2.FBX using Guid(a1bf24992630bed49853287954d9badd) Importer(815301076,1909f56bfc062723c751e8b465ee728b)  -> (artifact id: '18f51111d528b8a41d25b3a830753040') in 0.181617 seconds 
Editor requested this worker to shutdown with reason: Scaling down because of idle timeout
AssetImportWorker is now disconnected from the server
Process exiting
Exiting without the bug reporter. Application will terminate with return code 0